6939.65 7622.25 249334 -7.74768e+06 5.93526e+06 -87806.5
6278.5 7748.55 248682 -8.00406e+06 4.2788e+06 -137646
5615.24 7870.38 248020 -8.25094e+06 2.61902e+06 -245379
4944.76 7996.46 247361 -8.50514e+06 947957 -308391
4275.75 8122.63 246704 -8.7598e+06 -720808 -368572
3609.17 8246.33 246043 -9.00987e+06 -2.38577e+06 -456842
2939.29 8371.88 245384 -9.2631e+06 -4.05589e+06 -525791
2268.39 8500.53 244730 -9.52245e+06 -5.7276e+06 -557418
1603.12 8622.43 244067 -9.76909e+06 -7.39053e+06 -666671
933.976 8747.56 243407 -1.00216e+07 -9.05951e+06 -740000
266.581 8872.09 242747 -1.02732e+07 -1.07257e+07 -818786
-403.024 8998.43 242090 -1.05281e+07 -1.23954e+07 -877614
-1075.49 9126.53 241434 -1.0786e+07 -1.40696e+07 -918511
-1739.08 9248.03 240771 -1.10321e+07 -1.57299e+07 -1.03077e+06
-2406.65 9372.69 240111 -1.1284e+07 -1.73964e+07 -1.10808e+06
-3074.72 9497.83 239452 -1.15367e+07 -1.90637e+07 -1.18009e+06
-3743.16 9622.7 238793 -1.17888e+07 -2.07316e+07 -1.25584e+06
-4413.52 9750 238136 -1.20455e+07 -2.24025e+07 -1.30377e+06
-5081.07 9873.75 237475 -1.22955e+07 -2.40689e+07 -1.39245e+06
-5750.95 9999.66 236817 -1.25494e+07 -2.57391e+07 -1.45708e+06
-6416.44 10123.1 236156 -1.27992e+07 -2.74023e+07 -1.54702e+06
-7088.61 10250.1 235498 -1.30549e+07 -2.9076e+07 -1.60128e+06
-7752.95 10373.6 234838 -1.33049e+07 -3.07375e+07 -1.68951e+06
-8421.85 10499.1 234180 -1.35582e+07 -3.24061e+07 -1.75804e+06
-9090.66 10624.4 233520 -1.38112e+07 -3.40745e+07 -1.82854e+06
-9760.88 10750.8 232863 -1.4066e+07 -3.57452e+07 -1.88765e+06
-10426.9 10874.1 232201 -1.43154e+07 -3.74092e+07 -1.98023e+06
-11097.6 11000.6 231543 -1.45704e+07 -3.90806e+07 -2.03846e+06
-11767.1 11126.7 230885 -1.48248e+07 -4.07503e+07 -2.09986e+06
-12427 11248 230224 -1.50712e+07 -4.24047e+07 -2.21091e+06
-13102.1 11376.4 229567 -1.53293e+07 -4.4083e+07 -2.24995e+06
-13763.4 11498.1 228906 -1.55764e+07 -4.57397e+07 -2.35644e+06
-14441.6 11627.8 228249 -1.58364e+07 -4.74229e+07 -2.38392e+06
-15102.9 11749.2 227587 -1.60827e+07 -4.90796e+07 -2.49525e+06
-15768.2 11872.7 226927 -1.63327e+07 -5.07425e+07 -2.58395e+06
-16442.6 12001 226270 -1.65905e+07 -5.24198e+07 -2.62484e+06
-17105.6 12123.4 225609 -1.68387e+07 -5.40791e+07 -2.72448e+06
-17772.3 12247.9 224950 -1.70903e+07 -5.57443e+07 -2.80299e+06
-18447.9 12377 224293 -1.73496e+07 -5.74233e+07 -2.8352e+06
-19117.1 12503 223635 -1.76039e+07 -5.90924e+07 -2.89715e+06
-19784.4 12627 222974 -1.78543e+07 -6.07584e+07 -2.9837e+06
-20452.3 12751.6 222314 -1.81059e+07 -6.24256e+07 -3.06248e+06
-21118.2 12876.1 221656 -1.83578e+07 -6.40893e+07 -3.13919e+06
-21795.3 13000.9 220990 -1.8608e+07 -6.57708e+07 -3.22699e+06
-22455.2 13126.6 220337 -1.88634e+07 -6.74253e+07 -3.28219e+06
-23132.3 13251.3 219671 -1.91135e+07 -6.91067e+07 -3.36999e+06
-23789.9 13374.9 219016 -1.9365e+07 -7.07577e+07 -3.4493e+06
-24461.6 13502.5 218359 -1.96219e+07 -7.24307e+07 -3.49593e+06
-25126.7 13625.3 217697 -1.98704e+07 -7.40933e+07 -3.59316e+06
-25800.1 13752.6 217039 -2.01263e+07 -7.5769e+07 -3.64525e+06
-26466.7 13878.5 216382 -2.03809e+07 -7.74338e+07 -3.70574e+06
-27144 14003.3 215716 -2.06311e+07 -7.91156e+07 -3.79331e+06
-27803.9 14129.5 215064 -2.08874e+07 -8.077e+07 -3.8425e+06
-28469.2 14252 214401 -2.11351e+07 -8.2433e+07 -3.94464e+06
-29135.7 14375.5 213740 -2.13847e+07 -8.40978e+07 -4.03549e+06
-29811.9 14506.3 213086 -2.16471e+07 -8.57777e+07 -4.04717e+06
-30475.5 14629.1 212424 -2.18957e+07 -8.74379e+07 -4.14392e+06
-31144 14755.9 211768 -2.21514e+07 -8.91058e+07 -4.1968e+06
-31811 14879.8 211106 -2.24015e+07 -9.07715e+07 -4.28311e+06
-32471.2 15001.6 210445 -2.26486e+07 -9.24262e+07 -4.38804e+06
-33147.9 15126.2 209778 -2.28983e+07 -9.41068e+07 -4.47583e+06
-33811.8 15254.1 209127 -2.31569e+07 -9.57674e+07 -4.50911e+06
-34488.3 15378.6 208460 -2.34065e+07 -9.74476e+07 -4.59691e+06
-35148.9 15504.7 207807 -2.3662e+07 -9.91027e+07 -4.64733e+06
-35825.2 15629.2 207140 -2.39112e+07 -1.00782e+08 -4.73514e+06
-36484.1 15754.6 206487 -2.41654e+07 -1.02435e+08 -4.79055e+06
-37160.1 15878.8 205820 -2.4414e+07 -1.04114e+08 -4.87836e+06
-37817.1 16003.4 205167 -2.46668e+07 -1.05763e+08 -4.9392e+06
-38485.1 16128.4 204507 -2.49183e+07 -1.07429e+08 -5.00482e+06
-39160.5 16252.2 203840 -2.51655e+07 -1.09106e+08 -5.09268e+06
-39819.1 16377.7 203188 -2.54194e+07 -1.10757e+08 -5.13612e+06
-40484.1 16500.9 202528 -2.56668e+07 -1.12417e+08 -5.21381e+06
-41149 16623.7 201867 -2.59133e+07 -1.14076e+08 -5.29164e+06
-41823 16746.1 201200 -2.6157e+07 -1.15749e+08 -5.37964e+06
-42478.2 16868.1 200545 -2.64029e+07 -1.17392e+08 -5.44264e+06
-43142.7 16990.6 199887 -2.66475e+07 -1.19049e+08 -5.50463e+06
-43814.8 17110.8 199219 -2.68856e+07 -1.20716e+08 -5.59281e+06
-44468.5 17230.5 198565 -2.71256e+07 -1.22353e+08 -5.65751e+06
-45128.2 17348.1 197904 -2.73592e+07 -1.23998e+08 -5.74296e+06
-45786.7 17463.5 197241 -2.75879e+07 -1.2564e+08 -5.83964e+06
-46450.4 17582.9 196586 -2.78226e+07 -1.27288e+08 -5.87557e+06
-47109.5 17697.5 195926 -2.80475e+07 -1.28927e+08 -5.94786e+06
-47775.6 17809.8 195260 -2.82651e+07 -1.30574e+08 -6.03689e+06
-48440.4 17920 194594 -2.84776e+07 -1.32216e+08 -6.12617e+06
-49103.8 18027.6 193929 -2.86836e+07 -1.33854e+08 -6.21568e+06
-49730 18136.5 193295 -2.8898e+07 -1.35429e+08 -6.22361e+06
-50390.2 18239.1 192631 -2.90913e+07 -1.37055e+08 -6.31374e+06
-51025.2 18335.2 191975 -2.92744e+07 -1.38637e+08 -6.42755e+06
-51679.7 18435.1 191321 -2.9459e+07 -1.40244e+08 -6.46764e+06
-52333.2 18527.3 190660 -2.96257e+07 -1.41844e+08 -6.55905e+06
-52966 18616.1 190013 -2.97867e+07 -1.43405e+08 -6.6196e+06
-53599.7 18697.2 189359 -2.99287e+07 -1.44961e+08 -6.72155e+06
-54240.5 18777.7 188710 -3.00638e+07 -1.46517e+08 -6.76306e+06
-54868.9 18847.5 188059 -3.01755e+07 -1.48045e+08 -6.86109e+06
-55500.5 18911.2 187405 -3.02695e+07 -1.49566e+08 -6.95604e+06
-56112.4 18971.7 186771 -3.03557e+07 -1.51045e+08 -6.9898e+06
-56732.2 19021.2 186122 -3.04133e+07 -1.52523e+08 -7.08668e+06
-57346.2 19063.9 185477 -3.04533e+07 -1.5398e+08 -7.1846e+06
-57935.6 19103.1 184854 -3.04864e+07 -1.55386e+08 -7.21842e+06
-58539.8 19131.9 184213 -3.0491e+07 -1.56801e+08 -7.31857e+06
971.7 186771 -3.03557e+07 -1.51045e+08 -6.9898e+06
-56732.2 19021.2 186122 -3.04133e+07 -1.52523e+08 -7.08668e+06
-57346.2 19063.9 185477 -3.04533e+07 -1.5398e+08 -7.1846e+06
-57935.6 19103.1 184854 -3.04864e+07 -1.55386e+08 -7.21842e+06
-58539.8 19131.9 184213 -3.0491e+07 -1.56801e+08 -7.31857e+06
