7457.02 -7372.81 249502 7.24737e+06 7.18656e+06 -87806.5
7311.07 -7246.64 249031 6.99118e+06 6.8062e+06 -137646
7146.19 -7124.83 248541 6.74432e+06 6.37649e+06 -245379
6994.99 -6998.79 248057 6.49018e+06 5.9743e+06 -308391
6844.85 -6872.66 247574 6.23558e+06 5.57615e+06 -368572
6685.92 -6748.99 247087 5.98556e+06 5.15821e+06 -456842
6532.87 -6623.48 246602 5.73238e+06 4.75194e+06 -525791
6391.79 -6494.93 246125 5.47317e+06 4.37461e+06 -557418
6226.22 -6373.05 245633 5.22655e+06 3.94126e+06 -666671
6071.84 -6247.95 245147 4.97409e+06 3.53231e+06 -740000
5915.87 -6123.45 244662 4.72252e+06 3.12105e+06 -818786
5766.12 -5997.16 244180 4.46771e+06 2.72328e+06 -877614
5621.98 -5869.21 243699 4.21004e+06 2.33655e+06 -918511
5455.61 -5747.73 243208 3.96392e+06 1.90279e+06 -1.03077e+06
5300.1 -5623.09 242723 3.7121e+06 1.4925e+06 -1.10808e+06
5146.24 -5497.99 242238 3.45943e+06 1.0859e+06 -1.18009e+06
4991.14 -5373.15 241752 3.20736e+06 675838 -1.25584e+06
4844.84 -5245.93 241272 2.95079e+06 285943 -1.30377e+06
4685.68 -5122.2 240784 2.70083e+06 -133513 -1.39245e+06
4534.03 -4996.35 240299 2.44696e+06 -536322 -1.45708e+06
4374.66 -4872.91 239812 2.19721e+06 -954334 -1.54702e+06
4226.11 -4746.01 239329 1.94164e+06 -1.35151e+06 -1.60128e+06
4067.41 -4622.55 238844 1.69161e+06 -1.76677e+06 -1.68951e+06
3914.58 -4497.09 238359 1.43838e+06 -2.17158e+06 -1.75804e+06
3761.15 -4371.8 237875 1.18546e+06 -2.57787e+06 -1.82854e+06
3611.26 -4245.47 237392 930699 -2.97664e+06 -1.88765e+06
3450.98 -4122.2 236903 681375 -3.39741e+06 -1.98023e+06
3301.3 -3995.75 236420 426456 -3.79605e+06 -2.03846e+06
3150.73 -3869.66 235937 172068 -4.19589e+06 -2.09986e+06
2985.11 -3748.43 235450 -74238.1 -4.62424e+06 -2.21091e+06
2841.18 -3620.04 234968 -332283 -5.01265e+06 -2.24995e+06
2676.89 -3498.31 234481 -579335 -5.43902e+06 -2.35644e+06
2536.39 -3368.71 233998 -839253 -5.8219e+06 -2.38392e+06
2370.54 -3247.36 233510 -1.08552e+06 -6.25225e+06 -2.49525e+06
2211.58 -3123.84 233024 -1.33548e+06 -6.66897e+06 -2.58395e+06
2067.1 -2995.65 232542 -1.59322e+06 -7.05816e+06 -2.62484e+06
1904.84 -2873.21 232055 -1.84139e+06 -7.48106e+06 -2.72448e+06
1749.01 -2748.74 231570 -2.09301e+06 -7.89136e+06 -2.80299e+06
1607.24 -2619.75 231089 -2.35216e+06 -8.27483e+06 -2.8352e+06
1456.53 -2493.74 230606 -2.60644e+06 -8.67477e+06 -2.89715e+06
1298.09 -2369.85 230119 -2.85674e+06 -9.0923e+06 -2.9837e+06
1142.07 -2245.27 229633 -3.1083e+06 -9.50434e+06 -3.06248e+06
986.918 -2120.73 229149 -3.3602e+06 -9.91218e+06 -3.13919e+06
827.096 -1996 228651 -3.61034e+06 -1.03425e+07 -3.22699e+06
679.416 -1870.31 228180 -3.86571e+06 -1.07258e+07 -3.28219e+06
519.598 -1745.57 227682 -4.11585e+06 -1.11561e+07 -3.36999e+06
364.326 -1621.99 227207 -4.36733e+06 -1.15563e+07 -3.4493e+06
218.285 -1494.5 226726 -4.62413e+06 -1.19469e+07 -3.49593e+06
56.6006 -1371.64 226238 -4.87269e+06 -1.23705e+07 -3.59316e+06
-91.4351 -1244.39 225754 -5.12864e+06 -1.27675e+07 -3.64525e+06
-241.399 -1118.48 225275 -5.38315e+06 -1.31633e+07 -3.70574e+06
-401.162 -993.674 224777 -5.63333e+06 -1.35937e+07 -3.79331e+06
-546.966 -867.464 224308 -5.88972e+06 -1.39723e+07 -3.8425e+06
-710.236 -744.946 223818 -6.13749e+06 -1.44002e+07 -3.94464e+06
-869.999 -621.407 223331 -6.3871e+06 -1.48204e+07 -4.03549e+06
-1005.23 -490.657 222855 -6.64959e+06 -1.51884e+07 -4.04717e+06
-1166.57 -367.843 222369 -6.89823e+06 -1.561e+07 -4.14392e+06
-1314.21 -241.077 221890 -7.15398e+06 -1.60021e+07 -4.1968e+06
-1472.49 -117.075 221403 -7.40433e+06 -1.64196e+07 -4.28311e+06
-1636.14 4.81795 220918 -7.65168e+06 -1.68438e+07 -4.38804e+06
-1795.87 129.661 220421 -7.90189e+06 -1.7274e+07 -4.47583e+06
-1936.83 257.655 219953 -8.16093e+06 -1.7645e+07 -4.50911e+06
-2096.53 382.55 219456 -8.41121e+06 -1.80751e+07 -4.59691e+06
-2242.62 508.936 218986 -8.66752e+06 -1.84561e+07 -4.64733e+06
-2402.28 633.904 218490 -8.9179e+06 -1.8886e+07 -4.73514e+06
-2549.78 759.859 218020 -9.17351e+06 -1.92694e+07 -4.79055e+06
-2709.4 884.868 217524 -9.42392e+06 -1.96993e+07 -4.87836e+06
-2858.42 1010.44 217055 -9.67901e+06 -2.00847e+07 -4.9392e+06
-3009.97 1136.71 216574 -9.93334e+06 -2.04873e+07 -5.00482e+06
-3169.4 1262.06 216078 -1.01843e+07 -2.09169e+07 -5.09268e+06
-3312.84 1389.5 215612 -1.04426e+07 -2.12908e+07 -5.13612e+06
-3467.78 1515 215130 -1.06955e+07 -2.17001e+07 -5.21381e+06
-3622.69 1640.71 214648 -1.09488e+07 -2.21098e+07 -5.29164e+06
-3781.58 1766.84 214154 -1.1201e+07 -2.25382e+07 -5.37964e+06
-3930.73 1893.27 213685 -1.14572e+07 -2.29251e+07 -5.44264e+06
-4080.16 2021.13 213208 -1.17144e+07 -2.33222e+07 -5.50463e+06
-4238.6 2147.99 212715 -1.19678e+07 -2.37497e+07 -5.59281e+06
-4387.5 2275.56 212247 -1.22258e+07 -2.41366e+07 -5.65751e+06
-4543.39 2402.52 211767 -1.24812e+07 -2.45478e+07 -5.74296e+06
-4702.51 2529.08 211284 -1.27356e+07 -2.49669e+07 -5.83964e+06
-4842.13 2661.7 210813 -1.30009e+07 -2.53436e+07 -5.87557e+06
-4992.65 2791.71 210336 -1.32613e+07 -2.57444e+07 -5.94786e+06
-5148.84 2921.98 209847 -1.35205e+07 -2.61673e+07 -6.03689e+06
-5304.33 3053.02 209359 -1.3781e+07 -2.65887e+07 -6.12617e+06
-5459.21 3184.5 208872 -1.40422e+07 -2.70088e+07 -6.21568e+06
-5583.89 3320.32 208445 -1.43187e+07 -2.7319e+07 -6.22361e+06
-5737.31 3453.92 207961 -1.45835e+07 -2.7736e+07 -6.31374e+06
-5895.21 3584.46 207494 -1.48462e+07 -2.81423e+07 -6.42755e+06
-6030.18 3724.47 207028 -1.51236e+07 -2.85125e+07 -6.46764e+06
-6180.65 3862.01 206548 -1.53951e+07 -2.89233e+07 -6.55905e+06
-6318.2 4002 206096 -1.56745e+07 -2.92852e+07 -6.6196e+06
-6468.02 4141.14 205630 -1.59507e+07 -2.96826e+07 -6.72155e+06
-6597.59 4288.98 205171 -1.62415e+07 -3.00414e+07 -6.76306e+06
-6743.05 4434.02 204707 -1.65273e+07 -3.04328e+07 -6.86109e+06
-6886.32 4583.2 204237 -1.68188e+07 -3.08278e+07 -6.95604e+06
-7006.66 4739.11 203801 -1.71258e+07 -3.11527e+07 -6.9898e+06
-7146.56 4894.26 203336 -1.74277e+07 -3.15402e+07 -7.08668e+06
-7284.64 5052.64 202874 -1.77351e+07 -3.19236e+07 -7.1846e+06
-7398.42 5216.25 202454 -1.80564e+07 -3.22273e+07 -7.21842e+06
-7532.85 5379.54 201998 -1.83724e+07 -3.26023e+07 -7.31856e+06
.11 203801 -1.71258e+07 -3.11527e+07 -6.9898e+06
-7146.56 4894.26 203336 -1.74277e+07 -3.15402e+07 -7.08668e+06
-7284.64 5052.64 202874 -1.77351e+07 -3.19236e+07 -7.1846e+06
-7398.42 5216.25 202454 -1.80564e+07 -3.22273e+07 -7.21842e+06
-7532.85 5379.54 201998 -1.83724e+07 -3.26023e+07 -7.31856e+06
