1 -3087.03 59788.2 -77.137 -77137 -6.85165e-11 6.44132e+06
2 -6093.88 61893.2 -77.137 -77137 -1.23703e-10 1.28043e+07
3 -9098.9 63998.2 -77.137 -77137 3.09006e-11 1.91672e+07
4 -12102.1 66103.2 -77.137 -77137 -2.05154e-10 2.55302e+07
5 -15103.5 68208.3 -77.137 -77137 -5.42979e-11 3.18932e+07
6 -18103 70313.3 -77.137 -77137 4.07336e-10 3.82561e+07
7 -21100.7 72418.3 -77.137 -77137 4.57164e-10 4.46191e+07
8 -24096.6 74523.3 -77.137 -77137 2.71944e-10 5.0982e+07
9 -27090.7 76628.3 -77.137 -77137 1.5548e-10 5.7345e+07
10 -30083 78733.3 -77.137 -77137 1.11748e-09 6.3708e+07
11 -33073.4 80838.3 -77.137 -77137 1.56347e-09 7.00709e+07
12 -36062 82943.3 -77.137 -77137 7.68727e-10 7.64339e+07
13 -39048.8 85048.3 -77.137 -77137 8.63855e-10 8.27968e+07
14 -42033.7 87153.4 -77.137 -77137 6.08785e-11 8.91598e+07
15 -45016.9 89258.4 -77.137 -77137 2.84331e-09 9.55228e+07
16 -47998.2 91363.4 -77.137 -77137 2.10583e-09 1.01886e+08
17 -50977.6 93468.4 -77.1369 -77136.9 1.24236e-09 1.08249e+08
18 -53955.3 95573.4 -77.1368 -77136.6 9.03044e-10 1.14612e+08
19 -56931.1 97678.4 -77.1365 -77135.9 7.41504e-10 1.20975e+08
20 -59905 99783.4 -77.1358 -77134.3 8.16735e-10 1.27337e+08
21 -62877 101888 -77.1342 -77130.5 1.22796e-09 1.337e+08
22 -65847 103993 -77.1304 -77121.9 6.69243e-10 1.40062e+08
23 -68814.7 106098 -77.1223 -77103.4 9.55521e-10 1.46423e+08
24 -71779.4 108203 -77.1052 -77064.3 9.37977e-10 1.52781e+08
25 -74740.2 110308 -77.0703 -76984.6 2.42017e-09 1.59135e+08
26 -77694.8 112412 -77.0012 -76826.6 4.63256e-10 1.65479e+08
27 -80639.1 114516 -76.8677 -76521.5 -1.50563e-09 1.71802e+08
28 -83565 116619 -76.6162 -75946.9 3.17081e-10 1.78089e+08
29 -86457.5 118720 -76.1532 -74889 3.41677e-10 1.84302e+08
30 -89287.8 120817 -75.3136 -72971 -2.15363e-10 1.90377e+08
31 -91996.6 122906 -73.7944 -69500.9 7.91933e-10 1.96178e+08
32 -94453.5 124980 -71.1902 -63554.5 -6.80105e-10 2.01404e+08
33 -96483 127025 -67.9507 -56159.2 -7.91099e-10 2.05655e+08
34 -98108.1 129036 -64.2929 -47811 1.26871e-09 2.08992e+08
35 -99278.8 131008 -59.0576 -35867.2 4.32541e-09 2.11301e+08
36 -100129 132957 -51.8875 -19513.8 3.84659e-09 2.12885e+08
37 -100778 134891 -46.0972 -6309.64 7.42839e-09 2.14014e+08
38 -101309 136817 -44.0461 -1633.76 8.68282e-09 2.14882e+08
39 -101795 138740 -43.5767 -565.028 5.51634e-09 2.15652e+08
40 -102236 140661 -43.4672 -316.982 1.2607e-09 2.16321e+08
41 -102584 142578 -43.4305 -234.452 -1.21572e-09 2.1678e+08
42 -102819 144489 -43.4146 -198.787 -4.82588e-09 2.16982e+08
43 -102991 146397 -43.4083 -184.467 -2.33759e-09 2.17044e+08
44 -103139 148305 -43.4057 -178.727 -2.78072e-09 2.17051e+08
45 -103275 150213 -43.4047 -176.538 8.07387e-09 2.17037e+08
46 -103406 152121 -43.4044 -175.732 5.39151e-09 2.17013e+08
47 -103534 154029 -43.4042 -175.433 2.81583e-09 2.16986e+08
48 -103659 155937 -43.4042 -175.318 -4.13837e-09 2.16958e+08
49 -103783 157843 -43.4041 -175.273 2.93228e-09 2.1693e+08
50 -103904 159747 -43.4041 -175.254 2.23589e-10 2.16901e+08
51 -104023 161646 -43.4041 -175.246 2.26037e-09 2.16872e+08
52 -104139 163542 -43.4041 -175.242 4.01238e-09 2.16844e+08
53 -104254 165437 -43.4041 -175.241 7.37979e-09 2.16815e+08
54 -104367 167332 -43.4041 -175.24 8.36971e-10 2.16787e+08
55 -104478 169226 -43.4041 -175.24 5.47655e-09 2.16758e+08
56 -104588 171121 -43.4041 -175.24 1.12965e-08 2.16729e+08
57 -104696 173015 -43.4041 -175.24 3.22052e-09 2.16701e+08
58 -104802 174910 -43.4041 -175.24 2.96947e-09 2.16672e+08
59 -104907 176804 -43.4041 -175.24 2.21277e-09 2.16644e+08
60 -105010 178699 -43.4041 -175.241 -3.7099e-09 2.16615e+08
61 -105112 180593 -43.4042 -175.241 5.00649e-10 2.16586e+08
62 -105211 182488 -43.4042 -175.241 7.62829e-09 2.16558e+08
63 -105310 184382 -43.4043 -175.242 7.1175e-09 2.16529e+08
64 -105406 186277 -43.4044 -175.242 3.80275e-09 2.16501e+08
65 -105501 188171 -43.4046 -175.243 2.39897e-09 2.16472e+08
66 -105594 190066 -43.4048 -175.244 3.409e-09 2.16443e+08
67 -105686 191960 -43.4051 -175.245 1.02595e-08 2.16415e+08
68 -105776 193855 -43.4055 -175.247 9.30518e-09 2.16386e+08
69 -105864 195749 -43.4061 -175.25 9.98793e-09 2.16357e+08
70 -105951 197643 -43.4069 -175.253 1.50715e-08 2.16329e+08
71 -106036 199538 -43.4078 -175.257 7.3581e-09 2.163e+08
72 -106119 201432 -43.4091 -175.262 1.70765e-08 2.16272e+08
73 -106201 203326 -43.4108 -175.268 1.50677e-08 2.16243e+08
74 -106281 205221 -43.4129 -175.277 4.44426e-09 2.16214e+08
75 -106360 207115 -43.4157 -175.288 6.44088e-09 2.16186e+08
76 -106437 209009 -43.4193 -175.301 2.04291e-08 2.16157e+08
77 -106512 210902 -43.4239 -175.319 9.4546e-09 2.16129e+08
78 -106586 212796 -43.4297 -175.341 1.3755e-08 2.161e+08
79 -106658 214689 -43.4371 -175.369 1.03898e-08 2.16071e+08
80 -106728 216583 -43.4464 -175.403 1.77562e-08 2.16043e+08
81 -106797 218475 -43.4582 -175.447 1.94498e-08 2.16014e+08
82 -106865 220367 -43.4731 -175.501 2.36913e-08 2.15986e+08
83 -106931 222259 -43.4918 -175.568 2.00876e-08 2.15957e+08
84 -106995 224150 -43.5152 -175.652 2.58995e-08 2.15929e+08
85 -107058 226040 -43.5446 -175.756 1.19099e-08 2.159e+08
86 -107120 227928 -43.5814 -175.884 2.06951e-08 2.15872e+08
87 -107180 229815 -43.6275 -176.043 2.41187e-08 2.15843e+08
88 -107239 231700 -43.6855 -176.241 3.23517e-08 2.15815e+08
89 -107297 233583 -43.7586 -176.489 3.83812e-08 2.15786e+08
90 -107354 235462 -43.8513 -176.8 3.52544e-08 2.15758e+08
91 -107410 237338 -43.9701 -177.196 4.03748e-08 2.1573e+08
92 -107466 239207 -44.124 -177.707 3.53481e-08 2.15702e+08
93 -107521 241070 -44.3264 -178.381 2.54039e-08 2.15674e+08
94 -107577 242922 -44.5966 -179.285 3.55798e-08 2.15646e+08
95 -107635 244759 -44.9587 -180.504 1.51185e-08 2.15619e+08
96 -107696 246576 -45.434 -182.107 1.2707e-08 2.15592e+08
97 -107762 248364 -46.0272 -184.098 3.97569e-08 2.15566e+08
98 -107833 250117 -46.748 -186.496 1.92341e-08 2.1554e+08
99 -107912 251829 -47.6933 -189.662 2.6898e-08 2.15516e+08
100 -108000 253483 -49.128 -194.614 1.19739e-08 2.15492e+08
101 -108105 255056 -51.6426 -203.639 2.40981e-08 2.1547e+08
07762 248364 -46.0272 -184.098 3.97569e-08 2.15566e+08
98 -107833 250117 -46.748 -186.496 1.92341e-08 2.1554e+08
99 -107912 251829 -47.6933 -189.662 2.6898e-08 2.15516e+08
100 -108000 253483 -49.128 -194.614 1.19739e-08 2.15492e+08
101 -108105 255056 -51.6426 -203.639 2.40981e-08 2.1547e+08
