1 -1235.76 -77.137 58492.8 77137 -2.52565e+06 0.000130642
2 -2392.88 -77.137 59302.4 77137 -4.97294e+06 -9.29717e-05
3 -3549.74 -77.137 60112.1 77137 -7.42023e+06 -4.52977e-05
4 -4706.33 -77.137 60921.7 77137 -9.86752e+06 -0.000245908
5 -5862.64 -77.137 61731.3 77137 -1.23148e+07 -2.84447e-05
6 -7018.69 -77.137 62540.9 77137 -1.47621e+07 -8.19011e-05
7 -8174.46 -77.137 63350.5 77137 -1.72094e+07 -0.000104805
8 -9329.97 -77.137 64160.2 77137 -1.96567e+07 -0.000125714
9 -10485.2 -77.137 64969.8 77137 -2.2104e+07 -0.000158943
10 -11640.2 -77.137 65779.4 77137 -2.45513e+07 -0.000129128
11 -12794.9 -77.137 66589 77137 -2.69985e+07 -6.11367e-05
12 -13949.3 -77.137 67398.6 77137 -2.94458e+07 -0.000139316
13 -15103.5 -77.137 68208.3 77137 -3.18931e+07 0.000363789
14 -16257.3 -77.137 69017.9 77137 -3.43404e+07 0.0011183
15 -17411 -77.137 69827.5 77137 -3.67877e+07 -1.63856e-05
16 -18564.3 -77.137 70637.1 77137 -3.9235e+07 -4.35022e-05
17 -19717.4 -77.137 71446.7 77137 -4.16823e+07 8.43219e-06
18 -20870.2 -77.137 72256.4 77137 -4.41296e+07 6.46459e-05
19 -22022.7 -77.137 73066 77137 -4.65769e+07 0.00010062
20 -23175 -77.137 73875.6 77137 -4.90241e+07 0.000134127
21 -24327 -77.137 74685.2 77137 -5.14714e+07 0.000202947
22 -25478.7 -77.137 75494.8 77137 -5.39187e+07 8.65519e-05
23 -26630.2 -77.137 76304.5 77137 -5.6366e+07 4.75438e-05
24 -27781.4 -77.137 77114.1 77137 -5.88133e+07 2.91871e-05
25 -28932.3 -77.137 77923.7 77137 -6.12606e+07 0.000150142
26 -30082.9 -77.137 78733.3 77137 -6.37079e+07 9.21055e-05
27 -31233.3 -77.137 79542.9 77137 -6.61552e+07 9.18394e-05
28 -32383.4 -77.137 80352.6 77137 -6.86025e+07 0.000104705
29 -33533.3 -77.137 81162.2 77137 -7.10497e+07 0.000133985
30 -34682.8 -77.137 81971.8 77137 -7.3497e+07 0.000101043
31 -35832.1 -77.137 82781.4 77137 -7.59443e+07 0.000147451
32 -36981.1 -77.137 83591 77137 -7.83916e+07 0.000104317
33 -38129.9 -77.137 84400.6 77137 -8.08389e+07 0.000102413
34 -39278.4 -77.137 85210.3 77137 -8.32862e+07 -0.000241925
35 -40426.6 -77.137 86019.9 77137 -8.57335e+07 0.00013627
36 -41574.6 -77.137 86829.5 77137 -8.81808e+07 3.23932e-06
37 -42722.2 -77.137 87639.1 77137 -9.06281e+07 0.000162392
38 -43869.7 -77.137 88448.7 77137 -9.30753e+07 0.000129518
39 -45016.8 -77.137 89258.4 77137 -9.55226e+07 0.000235093
40 -46163.7 -77.137 90068 77137 -9.79699e+07 0.000210816
41 -47310.3 -77.137 90877.6 77136.9 -1.00417e+08 0.000216821
42 -48456.6 -77.137 91687.2 77136.9 -1.02864e+08 0.000195085
43 -49602.7 -77.137 92496.8 77136.9 -1.05312e+08 0.000160232
44 -50748.4 -77.1369 93306.5 77136.8 -1.07759e+08 0.000141012
45 -51894 -77.1369 94116.1 77136.8 -1.10206e+08 7.11849e-05
46 -53039.2 -77.1369 94925.7 77136.7 -1.12654e+08 0.00017782
47 -54184.2 -77.1368 95735.3 77136.5 -1.15101e+08 0.000149867
48 -55328.9 -77.1367 96544.9 77136.3 -1.17548e+08 0.000241887
49 -56473.3 -77.1366 97354.6 77136 -1.19995e+08 0.000207003
50 -57617.5 -77.1364 98164.2 77135.6 -1.22443e+08 0.000239653
51 -58761.3 -77.1362 98973.8 77135.1 -1.2489e+08 0.000213728
52 -59904.9 -77.1358 99783.4 77134.3 -1.27337e+08 0.000188404
53 -61048.3 -77.1353 100593 77133.2 -1.29784e+08 9.73838e-05
54 -62191.3 -77.1347 101403 77131.6 -1.32231e+08 2.14987e-05
55 -63334 -77.1337 102212 77129.6 -1.34679e+08 9.28909e-07
56 -64476.4 -77.1325 103022 77126.7 -1.37126e+08 8.78726e-07
57 -65618.5 -77.1308 103831 77122.8 -1.39572e+08 -3.83377e-05
58 -66760.3 -77.1285 104641 77117.6 -1.42019e+08 -4.47909e-05
59 -67901.7 -77.1254 105451 77110.6 -1.44466e+08 0.00110628
60 -69042.7 -77.1214 106260 77101.2 -1.46912e+08 -2.80647e-06
61 -70183.3 -77.1159 107070 77088.8 -1.49358e+08 1.26945e-05
62 -71323.4 -77.1087 107879 77072.3 -1.51803e+08 7.24065e-05
63 -72463 -77.0992 108689 77050.5 -1.54248e+08 0.000122348
64 -73601.9 -77.0867 109498 77021.9 -1.56692e+08 6.94574e-05
65 -74740.1 -77.0703 110308 76984.6 -1.59135e+08 0.00016522
66 -75877.4 -77.049 111117 76936 -1.61576e+08 0.000204854
67 -77013.6 -77.0215 111927 76873 -1.64016e+08 0.00025093
68 -78148.5 -76.9858 112736 76791.5 -1.66453e+08 0.000333482
69 -79281.8 -76.94 113545 76686.8 -1.68887e+08 0.000350239
70 -80413 -76.8813 114355 76552.6 -1.71317e+08 0.000348749
71 -81541.7 -76.8062 115164 76381.1 -1.73742e+08 0.000374228
72 -82667.2 -76.7107 115972 76162.9 -1.7616e+08 0.000402102
73 -83788.8 -76.5897 116781 75886.3 -1.78569e+08 0.00038814
74 -84905.3 -76.4366 117589 75536.5 -1.80968e+08 0.000482273
75 -86015.5 -76.2436 118397 75095.7 -1.83353e+08 0.000605375
76 -87117.6 -76.001 119204 74541.3 -1.8572e+08 0.000534463
77 -88209.3 -75.6963 120011 73845.1 -1.88063e+08 0.000579138
78 -89287.7 -75.3137 120817 72971.1 -1.90377e+08 0.000622507
79 -90348.8 -74.833 121622 71873 -1.92652e+08 0.000610475
80 -91387.3 -74.2286 122425 70492.6 -1.94875e+08 0.000600147
81 -92395.6 -73.4713 123226 68763.1 -1.9703e+08 0.000641367
82 -93363.5 -72.5369 124025 66629.4 -1.99092e+08 0.0004879
83 -94278 -71.4288 124821 64099.2 -2.01033e+08 0.000665969
84 -95127.1 -70.2039 125612 61302.7 -2.02824e+08 0.000592033
85 -95906 -68.9503 126399 58440.9 -2.04455e+08 0.00060821
86 -96621.4 -67.6988 127181 55584.1 -2.05942e+08 0.000660182
87 -97281.7 -66.3899 127958 52596.6 -2.07305e+08 0.000647511
88 -97885.2 -64.9336 128729 49273.1 -2.08539e+08 0.000662583
89 -98420.1 -63.2591 129494 45452.3 -2.0962e+08 0.000722961
90 -98880.4 -61.3164 130253 41020 -2.10531e+08 0.000769421
91 -99278.7 -59.0579 131008 35867.9 -2.11301e+08 0.000768876
92 -99633 -56.4635 131759 29950.2 -2.11972e+08 0.000792163
93 -99952.8 -53.6181 132509 23460.7 -2.12564e+08 0.000823689
94 -100241 -50.7711 133256 16967.7 -2.13086e+08 0.000753306
95 -100500 -48.2762 134000 11278.2 -2.1354e+08 0.000660812
96 -100733 -46.394 134743 6986.35 -2.1394e+08 0.000721346
97 -100949 -45.1513 135484 4153 -2.14298e+08 0.000657728
98 -101152 -44.4048 136225 2451.17 -2.1463e+08 0.000616974
99 -101348 -43.9797 136965 1482.42 -2.14944e+08 0.000714203
100 -101537 -43.743 137705 943.362 -2.15246e+08 0.000455608
 -100733 -46.394 134743 6986.35 -2.1394e+08 0.000721346
97 -100949 -45.1513 135484 4153 -2.14298e+08 0.000657728
98 -101152 -44.4048 136225 2451.17 -2.1463e+08 0.000616974
99 -101348 -43.9797 136965 1482.42 -2.14944e+08 0.000714203
100 -101537 -43.743 137705 943.362 -2.15246e+08 0.000455608
