1 1.3
2 2.6
3 3.9
4 5.2
5 6.5
6 7.8
7 9.1
8 10.4
9 11.7
10 13
11 14.3
12 15.6
13 16.9
14 18.2
15 19.5
16 20.8
17 22.1
18 23.4
19 24.7
20 26
21 27.3
22 28.6
23 29.9
24 31.2
25 32.5
26 33.8
27 35.1
28 36.4
29 37.7
30 39
31 40.3
32 41.6
33 42.9
34 44.2
35 45.5
36 46.8
37 48.1
38 49.4
39 50.7
40 52
41 53.3
42 54.6
43 55.9
44 57.2
45 58.5
46 59.8
47 61.1
48 62.4
49 63.7
50 65
51 66.3
52 67.6
53 68.9
54 70.2
55 71.5
56 72.8
57 74.1
58 75.4
59 76.7
60 78
61 79.3
62 80.6
63 81.9
64 83.2
65 84.5
66 85.8
67 87.1
68 88.4
69 89.7
70 91
71 92.3
72 93.6
73 94.9
74 96.2
75 97.5
76 98.8
77 100.1
78 101.4
79 102.7
80 104
81 105.3
82 106.6
83 107.9
84 109.2
85 110.5
86 111.8
87 113.1
88 114.4
89 115.7
90 117
91 118.3
92 119.6
93 120.9
94 122.2
95 123.5
96 124.8
97 126.1
98 127.4
99 128.7
100 130
101 131.3
94 122.2
95 123.5
96 124.8
97 126.1
98 127.4
99 128.7
100 130
101 131.3
