1 2.6
2 5.2
3 7.8
4 10.4
5 13
6 15.6
7 18.2
8 20.8
9 23.4
10 26
11 28.6
12 31.2
13 33.8
14 36.4
15 39
16 41.6
17 44.2
18 46.8
19 49.4
20 52
21 54.6
22 57.2
23 59.8
24 62.4
25 65
26 67.6
27 70.2
28 72.8
29 75.4
30 78
31 80.6
32 83.2
33 85.8
34 88.4
35 91
36 93.6
37 96.2
38 98.8
39 101.4
40 104
41 106.6
42 109.2
43 111.8
44 114.4
45 117
46 119.6
47 122.2
48 124.8
49 127.4
50 130
51 132.6
52 135.2
53 137.8
54 140.4
55 143
56 145.6
57 148.2
58 150.8
59 153.4
60 156
61 158.6
62 161.2
63 163.8
64 166.4
65 169
66 171.6
67 174.2
68 176.8
69 179.4
70 182
71 184.6
72 187.2
73 189.8
74 192.4
75 195
76 197.6
77 200.2
78 202.8
79 205.4
80 208
81 210.6
82 213.2
83 215.8
84 218.4
85 221
86 223.6
87 226.2
88 228.8
89 231.4
90 234
91 236.6
92 239.2
93 241.8
94 244.4
95 247
96 249.6
97 252.2
98 254.8
99 257.4
100 260
101 262.6
1.8
94 244.4
95 247
96 249.6
97 252.2
98 254.8
99 257.4
100 260
101 262.6
