
2.36505e+09 0 0 0 0 0 5602.89 0 0 0 0 0 0 0 1.86458e+06 0 0 2.10108e+06 0 0 1.86458e+06 0 0 2.10108e+06 0 0 2.33759e+06 0 0 2.10108e+06 0 0 2.33759e+06 0 0 2.10108e+06 
0 2.36503e+09 0 0 0 0 0 20495 0 0 0 0 0 -7.68564e+06 -236505 0 -7.68564e+06 0 0 -7.68564e+06 236505 0 -7.68564e+06 0 0 -7.68564e+06 236505 0 -7.68564e+06 0 0 -7.68564e+06 -236505 0 -7.68564e+06 0 
0 0 0 0 0 0 0 0 0 0 0 0 0 0 0 0 0 0 0 0 0 0 0 0 0 0 0 0 0 0 0 0 0 0 0 0 
0 0 0 0 0 0 0 0 0 0 0 0 0 0 0 0 0 0 0 0 0 0 0 0 0 0 0 0 0 0 0 0 0 0 0 0 
0 0 0 0 0 0 0 0 0 0 0 0 0 0 0 0 0 0 0 0 0 0 0 0 0 0 0 0 0 0 0 0 0 0 0 0 
0 0 0 0 0 -9.30241e+10 0 0 0 0 0 1.56984e+11 3.19801e+06 1.92173e+10 -5.25271e+09 0 1.92141e+10 -5.25271e+09 3.19801e+06 -1.92173e+10 -5.25271e+09 0 -1.92141e+10 -5.25271e+09 -3.19801e+06 -1.92173e+10 5.25271e+09 0 -1.92141e+10 5.25271e+09 -3.19801e+06 1.92173e+10 5.25271e+09 0 1.92141e+10 5.25271e+09 
5602.89 0 0 0 0 0 2.36504e+09 0 0 0 0 0 0 0 -2.10108e+06 0 0 -236505 0 0 -2.10108e+06 0 0 -236505 0 0 -2.10108e+06 0 0 236505 0 0 -2.10108e+06 0 0 236505 
0 20495 0 0 0 0 0 2.36501e+09 0 0 0 0 0 7.68564e+06 0 0 1.86265e-09 -236505 0 7.68564e+06 0 0 1.86265e-09 236505 0 7.68564e+06 0 0 1.86265e-09 236505 0 7.68564e+06 0 0 1.86265e-09 -236505 
0 0 0 0 0 0 0 0 0 0 0 0 0 0 0 0 0 0 0 0 0 0 0 0 0 0 0 0 0 0 0 0 0 0 0 0 
0 0 0 0 0 0 0 0 0 0 0 0 0 0 0 0 0 0 0 0 0 0 0 0 0 0 0 0 0 0 0 0 0 0 0 0 
0 0 0 0 0 0 0 0 0 0 0 0 0 0 0 0 0 0 0 0 0 0 0 0 0 0 0 0 0 0 0 0 0 0 0 0 
0 0 0 0 0 1.56984e+11 0 0 0 0 0 -2.50008e+11 0 -1.92141e+10 5.25271e+09 3.19801e+06 3.19801e+06 0 0 1.92141e+10 5.25271e+09 3.19801e+06 -3.19801e+06 0 0 1.92141e+10 -5.25271e+09 -3.19801e+06 -3.19801e+06 0 0 -1.92141e+10 -5.25271e+09 -3.19801e+06 3.19801e+06 0 
0 0 0 0 0 3.19801e+06 0 0 0 0 0 0 -379724 0 0 527100 0 0 -146736 0 0 0 0 0 0 0 0 0 0 0 -639.602 0 0 0 0 0 
0 -7.68564e+06 0 0 0 1.92173e+10 0 7.68564e+06 0 0 0 -1.92141e+10 0 -1.53711e+10 0 0 -7.68564e+09 0 0 -639.602 0 0 0 0 0 0 0 0 0 0 0 -146736 0 0 0 0 
1.86458e+06 -236505 0 0 0 -5.25271e+09 -2.10108e+06 0 0 0 0 5.25271e+09 0 0 -4.20217e+09 0 0 -2.10108e+09 0 0 -47.301 0 0 0 0 0 0 0 0 0 0 0 -47.301 0 0 0 
0 0 0 0 0 0 0 0 0 0 0 3.19801e+06 527100 0 0 -906824 0 0 0 0 0 -146736 0 0 0 0 0 0 0 0 0 0 0 -639.602 0 0 
0 -7.68564e+06 0 0 0 1.92141e+10 0 1.86265e-09 0 0 0 3.19801e+06 0 -7.68564e+09 0 0 -3.07424e+10 0 0 0 0 0 -639.602 0 0 0 0 0 0 0 0 0 0 0 -146736 0 
2.10108e+06 0 0 0 0 -5.25271e+09 -236505 -236505 0 0 0 0 0 0 -2.10108e+09 0 0 -8.40434e+09 0 0 0 0 0 -47.301 0 0 0 0 0 0 0 0 0 0 0 -47.301 
0 0 0 0 0 3.19801e+06 0 0 0 0 0 0 -146736 0 0 0 0 0 -379724 0 0 527100 0 0 -639.602 0 0 0 0 0 0 0 0 0 0 0 
0 -7.68564e+06 0 0 0 -1.92173e+10 0 7.68564e+06 0 0 0 1.92141e+10 0 -639.602 0 0 0 0 0 -1.53711e+10 0 0 -7.68564e+09 0 0 -146736 0 0 0 0 0 0 0 0 0 0 
1.86458e+06 236505 0 0 0 -5.25271e+09 -2.10108e+06 0 0 0 0 5.25271e+09 0 0 -47.301 0 0 0 0 0 -4.20217e+09 0 0 -2.10108e+09 0 0 -47.301 0 0 0 0 0 0 0 0 0 
0 0 0 0 0 0 0 0 0 0 0 3.19801e+06 0 0 0 -146736 0 0 527100 0 0 -906824 0 0 0 0 0 -639.602 0 0 0 0 0 0 0 0 
0 -7.68564e+06 0 0 0 -1.92141e+10 0 1.86265e-09 0 0 0 -3.19801e+06 0 0 0 0 -639.602 0 0 -7.68564e+09 0 0 -3.07424e+10 0 0 0 0 0 -146736 0 0 0 0 0 0 0 
2.10108e+06 0 0 0 0 -5.25271e+09 -236505 236505 0 0 0 0 0 0 0 0 0 -47.301 0 0 -2.10108e+09 0 0 -8.40434e+09 0 0 0 0 0 -47.301 0 0 0 0 0 0 
0 0 0 0 0 -3.19801e+06 0 0 0 0 0 0 0 0 0 0 0 0 -639.602 0 0 0 0 0 -379724 0 0 527100 0 0 -146736 0 0 0 0 0 
0 -7.68564e+06 0 0 0 -1.92173e+10 0 7.68564e+06 0 0 0 1.92141e+10 0 0 0 0 0 0 0 -146736 0 0 0 0 0 -1.53711e+10 0 0 -7.68564e+09 0 0 -639.602 0 0 0 0 
2.33759e+06 236505 0 0 0 5.25271e+09 -2.10108e+06 0 0 0 0 -5.25271e+09 0 0 0 0 0 0 0 0 -47.301 0 0 0 0 0 -4.20217e+09 0 0 -2.10108e+09 0 0 -47.301 0 0 0 
0 0 0 0 0 0 0 0 0 0 0 -3.19801e+06 0 0 0 0 0 0 0 0 0 -639.602 0 0 527100 0 0 -906824 0 0 0 0 0 -146736 0 0 
0 -7.68564e+06 0 0 0 -1.92141e+10 0 1.86265e-09 0 0 0 -3.19801e+06 0 0 0 0 0 0 0 0 0 0 -146736 0 0 -7.68564e+09 0 0 -3.07424e+10 0 0 0 0 0 -639.602 0 
2.10108e+06 0 0 0 0 5.25271e+09 236505 236505 0 0 0 0 0 0 0 0 0 0 0 0 0 0 0 -47.301 0 0 -2.10108e+09 0 0 -8.40434e+09 0 0 0 0 0 -47.301 
0 0 0 0 0 -3.19801e+06 0 0 0 0 0 0 -639.602 0 0 0 0 0 0 0 0 0 0 0 -146736 0 0 0 0 0 -379724 0 0 527100 0 0 
0 -7.68564e+06 0 0 0 1.92173e+10 0 7.68564e+06 0 0 0 -1.92141e+10 0 -146736 0 0 0 0 0 0 0 0 0 0 0 -639.602 0 0 0 0 0 -1.53711e+10 0 0 -7.68564e+09 0 
2.33759e+06 -236505 0 0 0 5.25271e+09 -2.10108e+06 0 0 0 0 -5.25271e+09 0 0 -47.301 0 0 0 0 0 0 0 0 0 0 0 -47.301 0 0 0 0 0 -4.20217e+09 0 0 -2.10108e+09 
0 0 0 0 0 0 0 0 0 0 0 -3.19801e+06 0 0 0 -639.602 0 0 0 0 0 0 0 0 0 0 0 -146736 0 0 527100 0 0 -906824 0 0 
0 -7.68564e+06 0 0 0 1.92141e+10 0 1.86265e-09 0 0 0 3.19801e+06 0 0 0 0 -146736 0 0 0 0 0 0 0 0 0 0 0 -639.602 0 0 -7.68564e+09 0 0 -3.07424e+10 0 
2.10108e+06 0 0 0 0 5.25271e+09 236505 -236505 0 0 0 0 0 0 0 0 0 -47.301 0 0 0 0 0 0 0 0 0 0 0 -47.301 0 0 -2.10108e+09 0 0 -8.40434e+09 

