WSv1:-0.25720839000000006
q:-859.0760226000002
N de Nudos: 30
Cargando los elementos
N de Elementos: 32
Elementos introducidos: 1 2 3 4 5 6 7 8 9 10 11 12 13 14 15 16 17 18 19 20 21 22 23 24 25 26 27 28 29 30 31 32 
Elementos totales del modelo: 32
-------Elementos cargados OK--------
Cargando las masas nodales
Masas nodales cargadas
------------------------------------------------------
ANALISIS MODAL
periodos son 0.6034463396667775 0.45776878836306173 0.2194470209419253 0.20066989834070437
------------------------------------------------------
STATIC FORCE CONTROL ANALYSIS
CTestEnergyIncr::test() - iteration: 1 current EnergyIncr: 1.75021e-13 (max: 0.0001)

CTestEnergyIncr::test() - iteration: 1 current EnergyIncr: 5.53119e-14 (max: 0.0001)

CTestEnergyIncr::test() - iteration: 1 current EnergyIncr: 1.22116e-13 (max: 0.0001)

CTestEnergyIncr::test() - iteration: 1 current EnergyIncr: 2.72198e-13 (max: 0.0001)

CTestEnergyIncr::test() - iteration: 1 current EnergyIncr: 4.11442e-13 (max: 0.0001)

Force Control analysis completed SUCCESSFULLY
------------------------------------------------------
STATIC PUSHOVER ANALYSIS
CTestEnergyIncr::test() - iteration: 1 current EnergyIncr: 0.000187637 (max: 1e-06)
CTestEnergyIncr::test() - iteration: 2 current EnergyIncr: 1.64986e-08 (max: 1e-06)

Step:1
desp:             1.00000000000000044409
CTestEnergyIncr::test() - iteration: 1 current EnergyIncr: 0.0019787 (max: 1e-06)
CTestEnergyIncr::test() - iteration: 2 current EnergyIncr: 3.52778e-05 (max: 1e-06)
CTestEnergyIncr::test() - iteration: 3 current EnergyIncr: 4.3061e-10 (max: 1e-06)

Step:2
desp:             2.00000000000000044409
CTestEnergyIncr::test() - iteration: 1 current EnergyIncr: 0.00211269 (max: 1e-06)
CTestEnergyIncr::test() - iteration: 2 current EnergyIncr: 7.19014e-06 (max: 1e-06)
CTestEnergyIncr::test() - iteration: 3 current EnergyIncr: 8.25022e-10 (max: 1e-06)

Step:3
desp:             3.00000000000000044409
CTestEnergyIncr::test() - iteration: 1 current EnergyIncr: 0.000197234 (max: 1e-06)
CTestEnergyIncr::test() - iteration: 2 current EnergyIncr: 4.84473e-07 (max: 1e-06)

Step:4
desp:             4.00000000000000000000
CTestEnergyIncr::test() - iteration: 1 current EnergyIncr: 0.000783144 (max: 1e-06)
CTestEnergyIncr::test() - iteration: 2 current EnergyIncr: 2.12816e-06 (max: 1e-06)
CTestEnergyIncr::test() - iteration: 3 current EnergyIncr: 4.14374e-09 (max: 1e-06)

Step:5
desp:             5.00000000000000000000
CTestEnergyIncr::test() - iteration: 1 current EnergyIncr: 0.00405009 (max: 1e-06)
CTestEnergyIncr::test() - iteration: 2 current EnergyIncr: 2.46445e-05 (max: 1e-06)
CTestEnergyIncr::test() - iteration: 3 current EnergyIncr: 5.63149e-09 (max: 1e-06)

Step:6
desp:             6.00000000000000000000
CTestEnergyIncr::test() - iteration: 1 current EnergyIncr: 0.000553666 (max: 1e-06)
CTestEnergyIncr::test() - iteration: 2 current EnergyIncr: 1.62226e-06 (max: 1e-06)
CTestEnergyIncr::test() - iteration: 3 current EnergyIncr: 1.15197e-08 (max: 1e-06)

Step:7
desp:             7.00000000000000000000
CTestEnergyIncr::test() - iteration: 1 current EnergyIncr: 0.00623448 (max: 1e-06)
CTestEnergyIncr::test() - iteration: 2 current EnergyIncr: 5.2739e-06 (max: 1e-06)
CTestEnergyIncr::test() - iteration: 3 current EnergyIncr: 5.48079e-09 (max: 1e-06)

Step:8
desp:             8.00000000000000000000
CTestEnergyIncr::test() - iteration: 1 current EnergyIncr: 0.00600132 (max: 1e-06)
CTestEnergyIncr::test() - iteration: 2 current EnergyIncr: 9.69413e-06 (max: 1e-06)
CTestEnergyIncr::test() - iteration: 3 current EnergyIncr: 5.56388e-08 (max: 1e-06)

Step:9
desp:             9.00000000000000000000
CTestEnergyIncr::test() - iteration: 1 current EnergyIncr: 0.00122769 (max: 1e-06)
CTestEnergyIncr::test() - iteration: 2 current EnergyIncr: 2.72542e-05 (max: 1e-06)
CTestEnergyIncr::test() - iteration: 3 current EnergyIncr: 9.65176e-08 (max: 1e-06)

Step:10
desp:            10.00000000000000000000
CTestEnergyIncr::test() - iteration: 1 current EnergyIncr: 0.00258444 (max: 1e-06)
CTestEnergyIncr::test() - iteration: 2 current EnergyIncr: 4.55313e-06 (max: 1e-06)
CTestEnergyIncr::test() - iteration: 3 current EnergyIncr: 3.31278e-09 (max: 1e-06)

Step:11
desp:            11.00000000000000000000
CTestEnergyIncr::test() - iteration: 1 current EnergyIncr: 0.00469042 (max: 1e-06)
CTestEnergyIncr::test() - iteration: 2 current EnergyIncr: 1.33259e-05 (max: 1e-06)
CTestEnergyIncr::test() - iteration: 3 current EnergyIncr: 1.15684e-07 (max: 1e-06)

Step:12
desp:            12.00000000000000000000
CTestEnergyIncr::test() - iteration: 1 current EnergyIncr: 0.00731403 (max: 1e-06)
CTestEnergyIncr::test() - iteration: 2 current EnergyIncr: 3.78687e-05 (max: 1e-06)
CTestEnergyIncr::test() - iteration: 3 current EnergyIncr: 2.6995e-07 (max: 1e-06)

Step:13
desp:            13.00000000000000000000
CTestEnergyIncr::test() - iteration: 1 current EnergyIncr: 0.000789374 (max: 1e-06)
CTestEnergyIncr::test() - iteration: 2 current EnergyIncr: 6.48639e-07 (max: 1e-06)

Step:14
desp:            14.00000000000000000000
CTestEnergyIncr::test() - iteration: 1 current EnergyIncr: 0.00525514 (max: 1e-06)
CTestEnergyIncr::test() - iteration: 2 current EnergyIncr: 2.47067e-05 (max: 1e-06)
CTestEnergyIncr::test() - iteration: 3 current EnergyIncr: 8.2817e-08 (max: 1e-06)

Step:15
desp:            15.00000000000000000000
CTestEnergyIncr::test() - iteration: 1 current EnergyIncr: 0.0139967 (max: 1e-06)
CTestEnergyIncr::test() - iteration: 2 current EnergyIncr: 4.09283e-06 (max: 1e-06)
CTestEnergyIncr::test() - iteration: 3 current EnergyIncr: 1.06111e-07 (max: 1e-06)

Step:16
desp:            16.00000000000000000000
CTestEnergyIncr::test() - iteration: 1 current EnergyIncr: 0.0184669 (max: 1e-06)
CTestEnergyIncr::test() - iteration: 2 current EnergyIncr: 5.545e-05 (max: 1e-06)
CTestEnergyIncr::test() - iteration: 3 current EnergyIncr: 6.04078e-08 (max: 1e-06)

Step:17
desp:            17.00000000000000000000
CTestEnergyIncr::test() - iteration: 1 current EnergyIncr: 0.0186941 (max: 1e-06)
CTestEnergyIncr::test() - iteration: 2 current EnergyIncr: 3.37022e-05 (max: 1e-06)
CTestEnergyIncr::test() - iteration: 3 current EnergyIncr: 1.06757e-07 (max: 1e-06)

Step:18
desp:            18.00000000000000000000
CTestEnergyIncr::test() - iteration: 1 current EnergyIncr: 0.0281011 (max: 1e-06)
CTestEnergyIncr::test() - iteration: 2 current EnergyIncr: 4.02979e-05 (max: 1e-06)
CTestEnergyIncr::test() - iteration: 3 current EnergyIncr: 1.566e-07 (max: 1e-06)

Step:19
desp:            19.00000000000000000000
CTestEnergyIncr::test() - iteration: 1 current EnergyIncr: 0.0156293 (max: 1e-06)
CTestEnergyIncr::test() - iteration: 2 current EnergyIncr: 8.14456e-05 (max: 1e-06)
CTestEnergyIncr::test() - iteration: 3 current EnergyIncr: 1.18232e-07 (max: 1e-06)

Step:20
desp:            20.00000000000000000000
CTestEnergyIncr::test() - iteration: 1 current EnergyIncr: 0.00989504 (max: 1e-06)
CTestEnergyIncr::test() - iteration: 2 current EnergyIncr: 2.89442e-06 (max: 1e-06)
CTestEnergyIncr::test() - iteration: 3 current EnergyIncr: 1.38932e-07 (max: 1e-06)

Step:21
desp:            21.00000000000000000000
CTestEnergyIncr::test() - iteration: 1 current EnergyIncr: 0.000761789 (max: 1e-06)
CTestEnergyIncr::test() - iteration: 2 current EnergyIncr: 5.25442e-06 (max: 1e-06)
CTestEnergyIncr::test() - iteration: 3 current EnergyIncr: 7.98344e-08 (max: 1e-06)

Step:22
desp:            22.00000000000000000000
CTestEnergyIncr::test() - iteration: 1 current EnergyIncr: 0.00709822 (max: 1e-06)
CTestEnergyIncr::test() - iteration: 2 current EnergyIncr: 3.54636e-05 (max: 1e-06)
CTestEnergyIncr::test() - iteration: 3 current EnergyIncr: 1.51344e-07 (max: 1e-06)

Step:23
desp:            23.00000000000000000000
CTestEnergyIncr::test() - iteration: 1 current EnergyIncr: 0.0226751 (max: 1e-06)
CTestEnergyIncr::test() - iteration: 2 current EnergyIncr: 0.000199598 (max: 1e-06)
CTestEnergyIncr::test() - iteration: 3 current EnergyIncr: 1.27014e-07 (max: 1e-06)

Step:24
desp:            24.00000000000000000000
CTestEnergyIncr::test() - iteration: 1 current EnergyIncr: 0.0553905 (max: 1e-06)
CTestEnergyIncr::test() - iteration: 2 current EnergyIncr: 0.000221828 (max: 1e-06)
CTestEnergyIncr::test() - iteration: 3 current EnergyIncr: 1.66444e-07 (max: 1e-06)

Step:25
desp:            25.00000000000000000000
CTestEnergyIncr::test() - iteration: 1 current EnergyIncr: 0.0118699 (max: 1e-06)
CTestEnergyIncr::test() - iteration: 2 current EnergyIncr: 2.10003e-05 (max: 1e-06)
CTestEnergyIncr::test() - iteration: 3 current EnergyIncr: 5.94664e-08 (max: 1e-06)

Step:26
desp:            26.00000000000000000000
CTestEnergyIncr::test() - iteration: 1 current EnergyIncr: 0.00533867 (max: 1e-06)
CTestEnergyIncr::test() - iteration: 2 current EnergyIncr: 3.82326e-05 (max: 1e-06)
CTestEnergyIncr::test() - iteration: 3 current EnergyIncr: 2.22544e-07 (max: 1e-06)

Step:27
desp:            27.00000000000000000000
CTestEnergyIncr::test() - iteration: 1 current EnergyIncr: 0.00106777 (max: 1e-06)
CTestEnergyIncr::test() - iteration: 2 current EnergyIncr: 3.20318e-06 (max: 1e-06)
CTestEnergyIncr::test() - iteration: 3 current EnergyIncr: 1.43685e-07 (max: 1e-06)

Step:28
desp:            28.00000000000000000000
CTestEnergyIncr::test() - iteration: 1 current EnergyIncr: 0.0128581 (max: 1e-06)
CTestEnergyIncr::test() - iteration: 2 current EnergyIncr: 2.68209e-05 (max: 1e-06)
CTestEnergyIncr::test() - iteration: 3 current EnergyIncr: 5.37031e-08 (max: 1e-06)

Step:29
desp:            29.00000000000000000000
CTestEnergyIncr::test() - iteration: 1 current EnergyIncr: 0.0022281 (max: 1e-06)
CTestEnergyIncr::test() - iteration: 2 current EnergyIncr: 2.2589e-06 (max: 1e-06)
CTestEnergyIncr::test() - iteration: 3 current EnergyIncr: 2.18576e-07 (max: 1e-06)

Step:30
desp:            30.00000000000000000000
CTestEnergyIncr::test() - iteration: 1 current EnergyIncr: 0.00675178 (max: 1e-06)
CTestEnergyIncr::test() - iteration: 2 current EnergyIncr: 5.97755e-05 (max: 1e-06)
CTestEnergyIncr::test() - iteration: 3 current EnergyIncr: 1.9213e-07 (max: 1e-06)

Step:31
desp:            31.00000000000000000000
CTestEnergyIncr::test() - iteration: 1 current EnergyIncr: 0.0220397 (max: 1e-06)
CTestEnergyIncr::test() - iteration: 2 current EnergyIncr: 0.00010666 (max: 1e-06)
CTestEnergyIncr::test() - iteration: 3 current EnergyIncr: 2.73148e-07 (max: 1e-06)

Step:32
desp:            32.00000000000000000000
CTestEnergyIncr::test() - iteration: 1 current EnergyIncr: 0.0200155 (max: 1e-06)
CTestEnergyIncr::test() - iteration: 2 current EnergyIncr: 2.1787e-05 (max: 1e-06)
CTestEnergyIncr::test() - iteration: 3 current EnergyIncr: 1.1059e-07 (max: 1e-06)

Step:33
desp:            33.00000000000000000000
CTestEnergyIncr::test() - iteration: 1 current EnergyIncr: 0.0593105 (max: 1e-06)
CTestEnergyIncr::test() - iteration: 2 current EnergyIncr: 0.000468967 (max: 1e-06)
CTestEnergyIncr::test() - iteration: 3 current EnergyIncr: 9.29329e-07 (max: 1e-06)

Step:34
desp:            34.00000000000000000000
CTestEnergyIncr::test() - iteration: 1 current EnergyIncr: 0.00777349 (max: 1e-06)
CTestEnergyIncr::test() - iteration: 2 current EnergyIncr: 4.67437e-05 (max: 1e-06)
CTestEnergyIncr::test() - iteration: 3 current EnergyIncr: 1.02011e-07 (max: 1e-06)

Step:35
desp:            35.00000000000000000000
CTestEnergyIncr::test() - iteration: 1 current EnergyIncr: 0.0253081 (max: 1e-06)
CTestEnergyIncr::test() - iteration: 2 current EnergyIncr: 0.00015536 (max: 1e-06)
CTestEnergyIncr::test() - iteration: 3 current EnergyIncr: 9.33786e-07 (max: 1e-06)

Step:36
desp:            36.00000000000000000000
CTestEnergyIncr::test() - iteration: 1 current EnergyIncr: 0.0159377 (max: 1e-06)
CTestEnergyIncr::test() - iteration: 2 current EnergyIncr: 0.00015339 (max: 1e-06)
CTestEnergyIncr::test() - iteration: 3 current EnergyIncr: 2.48341e-07 (max: 1e-06)

Step:37
desp:            37.00000000000000000000
CTestEnergyIncr::test() - iteration: 1 current EnergyIncr: 0.0451973 (max: 1e-06)
CTestEnergyIncr::test() - iteration: 2 current EnergyIncr: 0.000106047 (max: 1e-06)
CTestEnergyIncr::test() - iteration: 3 current EnergyIncr: 7.70283e-07 (max: 1e-06)

Step:38
desp:            38.00000000000000000000
CTestEnergyIncr::test() - iteration: 1 current EnergyIncr: 0.0731038 (max: 1e-06)
CTestEnergyIncr::test() - iteration: 2 current EnergyIncr: 4.08439e-05 (max: 1e-06)
CTestEnergyIncr::test() - iteration: 3 current EnergyIncr: 4.11765e-08 (max: 1e-06)

Step:39
desp:            39.00000000000000000000
CTestEnergyIncr::test() - iteration: 1 current EnergyIncr: 0.0164265 (max: 1e-06)
CTestEnergyIncr::test() - iteration: 2 current EnergyIncr: 0.000529181 (max: 1e-06)
CTestEnergyIncr::test() - iteration: 3 current EnergyIncr: 2.52335e-07 (max: 1e-06)

Step:40
desp:            40.00000000000000000000
CTestEnergyIncr::test() - iteration: 1 current EnergyIncr: 0.00469297 (max: 1e-06)
CTestEnergyIncr::test() - iteration: 2 current EnergyIncr: 7.359e-06 (max: 1e-06)
CTestEnergyIncr::test() - iteration: 3 current EnergyIncr: 5.44567e-07 (max: 1e-06)

Step:41
desp:            41.00000000000000000000
CTestEnergyIncr::test() - iteration: 1 current EnergyIncr: 0.00334007 (max: 1e-06)
CTestEnergyIncr::test() - iteration: 2 current EnergyIncr: 5.47905e-06 (max: 1e-06)
CTestEnergyIncr::test() - iteration: 3 current EnergyIncr: 2.8048e-07 (max: 1e-06)

Step:42
desp:            42.00000000000000000000
CTestEnergyIncr::test() - iteration: 1 current EnergyIncr: 0.00117105 (max: 1e-06)
CTestEnergyIncr::test() - iteration: 2 current EnergyIncr: 5.21332e-06 (max: 1e-06)
CTestEnergyIncr::test() - iteration: 3 current EnergyIncr: 2.93829e-07 (max: 1e-06)

Step:43
desp:            43.00000000000000000000
CTestEnergyIncr::test() - iteration: 1 current EnergyIncr: 0.00157113 (max: 1e-06)
CTestEnergyIncr::test() - iteration: 2 current EnergyIncr: 4.39824e-05 (max: 1e-06)
CTestEnergyIncr::test() - iteration: 3 current EnergyIncr: 4.15577e-07 (max: 1e-06)

Step:44
desp:            44.00000000000000000000
CTestEnergyIncr::test() - iteration: 1 current EnergyIncr: 0.00678061 (max: 1e-06)
CTestEnergyIncr::test() - iteration: 2 current EnergyIncr: 4.56469e-05 (max: 1e-06)
CTestEnergyIncr::test() - iteration: 3 current EnergyIncr: 6.94754e-08 (max: 1e-06)

Step:45
desp:            45.00000000000000000000
CTestEnergyIncr::test() - iteration: 1 current EnergyIncr: 0.0204818 (max: 1e-06)
CTestEnergyIncr::test() - iteration: 2 current EnergyIncr: 8.01587e-05 (max: 1e-06)
CTestEnergyIncr::test() - iteration: 3 current EnergyIncr: 3.94736e-07 (max: 1e-06)

Step:46
desp:            46.00000000000000000000
CTestEnergyIncr::test() - iteration: 1 current EnergyIncr: 0.00942188 (max: 1e-06)
CTestEnergyIncr::test() - iteration: 2 current EnergyIncr: 2.71103e-05 (max: 1e-06)
CTestEnergyIncr::test() - iteration: 3 current EnergyIncr: 9.87621e-07 (max: 1e-06)

Step:47
desp:            47.00000000000000000000
CTestEnergyIncr::test() - iteration: 1 current EnergyIncr: 0.00915846 (max: 1e-06)
CTestEnergyIncr::test() - iteration: 2 current EnergyIncr: 6.27618e-06 (max: 1e-06)
CTestEnergyIncr::test() - iteration: 3 current EnergyIncr: 3.68355e-07 (max: 1e-06)

Step:48
desp:            48.00000000000000000000
CTestEnergyIncr::test() - iteration: 1 current EnergyIncr: 0.0433782 (max: 1e-06)
CTestEnergyIncr::test() - iteration: 2 current EnergyIncr: 6.13887e-05 (max: 1e-06)
CTestEnergyIncr::test() - iteration: 3 current EnergyIncr: 1.03642e-06 (max: 1e-06)
CTestEnergyIncr::test() - iteration: 4 current EnergyIncr: 3.90567e-07 (max: 1e-06)

Step:49
desp:            49.00000000000000000000
CTestEnergyIncr::test() - iteration: 1 current EnergyIncr: 0.0364786 (max: 1e-06)
CTestEnergyIncr::test() - iteration: 2 current EnergyIncr: 0.000255349 (max: 1e-06)
CTestEnergyIncr::test() - iteration: 3 current EnergyIncr: 2.84174e-06 (max: 1e-06)
CTestEnergyIncr::test() - iteration: 4 current EnergyIncr: 3.97389e-07 (max: 1e-06)

Step:50
desp:            50.00000000000000000000
CTestEnergyIncr::test() - iteration: 1 current EnergyIncr: 0.0100318 (max: 1e-06)
CTestEnergyIncr::test() - iteration: 2 current EnergyIncr: 4.40227e-05 (max: 1e-06)
CTestEnergyIncr::test() - iteration: 3 current EnergyIncr: 4.56884e-07 (max: 1e-06)

Step:51
desp:            51.00000000000000000000
CTestEnergyIncr::test() - iteration: 1 current EnergyIncr: 0.0241448 (max: 1e-06)
CTestEnergyIncr::test() - iteration: 2 current EnergyIncr: 1.93752e-05 (max: 1e-06)
CTestEnergyIncr::test() - iteration: 3 current EnergyIncr: 8.47653e-08 (max: 1e-06)

Step:52
desp:            52.00000000000000000000
CTestEnergyIncr::test() - iteration: 1 current EnergyIncr: 0.0291135 (max: 1e-06)
CTestEnergyIncr::test() - iteration: 2 current EnergyIncr: 5.22679e-05 (max: 1e-06)
CTestEnergyIncr::test() - iteration: 3 current EnergyIncr: 1.12735e-06 (max: 1e-06)
CTestEnergyIncr::test() - iteration: 4 current EnergyIncr: 4.54056e-07 (max: 1e-06)

Step:53
desp:            53.00000000000000000000
CTestEnergyIncr::test() - iteration: 1 current EnergyIncr: 0.0132108 (max: 1e-06)
CTestEnergyIncr::test() - iteration: 2 current EnergyIncr: 4.78135e-05 (max: 1e-06)
CTestEnergyIncr::test() - iteration: 3 current EnergyIncr: 2.46399e-07 (max: 1e-06)

Step:54
desp:            54.00000000000000000000
CTestEnergyIncr::test() - iteration: 1 current EnergyIncr: 0.0314702 (max: 1e-06)
CTestEnergyIncr::test() - iteration: 2 current EnergyIncr: 5.61344e-06 (max: 1e-06)
CTestEnergyIncr::test() - iteration: 3 current EnergyIncr: 3.30904e-09 (max: 1e-06)

Step:55
desp:            55.00000000000000000000
CTestEnergyIncr::test() - iteration: 1 current EnergyIncr: 0.00214905 (max: 1e-06)
CTestEnergyIncr::test() - iteration: 2 current EnergyIncr: 1.43411e-06 (max: 1e-06)
CTestEnergyIncr::test() - iteration: 3 current EnergyIncr: 4.95463e-07 (max: 1e-06)

Step:56
desp:            56.00000000000000000000
CTestEnergyIncr::test() - iteration: 1 current EnergyIncr: 0.0049795 (max: 1e-06)
CTestEnergyIncr::test() - iteration: 2 current EnergyIncr: 1.81076e-05 (max: 1e-06)
CTestEnergyIncr::test() - iteration: 3 current EnergyIncr: 5.97777e-07 (max: 1e-06)

Step:57
desp:            57.00000000000000000000
CTestEnergyIncr::test() - iteration: 1 current EnergyIncr: 0.0710368 (max: 1e-06)
CTestEnergyIncr::test() - iteration: 2 current EnergyIncr: 0.000380084 (max: 1e-06)
CTestEnergyIncr::test() - iteration: 3 current EnergyIncr: 7.44928e-07 (max: 1e-06)

Step:58
desp:            58.00000000000000000000
CTestEnergyIncr::test() - iteration: 1 current EnergyIncr: 0.0348261 (max: 1e-06)
CTestEnergyIncr::test() - iteration: 2 current EnergyIncr: 3.8814e-05 (max: 1e-06)
CTestEnergyIncr::test() - iteration: 3 current EnergyIncr: 7.30418e-07 (max: 1e-06)

Step:59
desp:            59.00000000000000000000
CTestEnergyIncr::test() - iteration: 1 current EnergyIncr: 0.010966 (max: 1e-06)
CTestEnergyIncr::test() - iteration: 2 current EnergyIncr: 8.22268e-05 (max: 1e-06)
CTestEnergyIncr::test() - iteration: 3 current EnergyIncr: 6.03949e-07 (max: 1e-06)

Step:60
desp:            60.00000000000000000000
CTestEnergyIncr::test() - iteration: 1 current EnergyIncr: 0.0193614 (max: 1e-06)
CTestEnergyIncr::test() - iteration: 2 current EnergyIncr: 1.18862e-05 (max: 1e-06)
CTestEnergyIncr::test() - iteration: 3 current EnergyIncr: 6.09311e-07 (max: 1e-06)

Step:61
desp:            61.00000000000000000000
CTestEnergyIncr::test() - iteration: 1 current EnergyIncr: 0.0562423 (max: 1e-06)
CTestEnergyIncr::test() - iteration: 2 current EnergyIncr: 0.000452214 (max: 1e-06)
CTestEnergyIncr::test() - iteration: 3 current EnergyIncr: 7.06895e-07 (max: 1e-06)

Step:62
desp:            62.00000000000000000000
CTestEnergyIncr::test() - iteration: 1 current EnergyIncr: 0.0353418 (max: 1e-06)
CTestEnergyIncr::test() - iteration: 2 current EnergyIncr: 0.000104322 (max: 1e-06)
CTestEnergyIncr::test() - iteration: 3 current EnergyIncr: 4.66588e-07 (max: 1e-06)

Step:63
desp:            63.00000000000000000000
CTestEnergyIncr::test() - iteration: 1 current EnergyIncr: 0.0408629 (max: 1e-06)
CTestEnergyIncr::test() - iteration: 2 current EnergyIncr: 0.000197411 (max: 1e-06)
CTestEnergyIncr::test() - iteration: 3 current EnergyIncr: 3.32931e-06 (max: 1e-06)
CTestEnergyIncr::test() - iteration: 4 current EnergyIncr: 6.73174e-07 (max: 1e-06)

Step:64
desp:            64.00000000000000000000
CTestEnergyIncr::test() - iteration: 1 current EnergyIncr: 0.11332 (max: 1e-06)
CTestEnergyIncr::test() - iteration: 2 current EnergyIncr: 0.00102004 (max: 1e-06)
CTestEnergyIncr::test() - iteration: 3 current EnergyIncr: 1.18974e-06 (max: 1e-06)
CTestEnergyIncr::test() - iteration: 4 current EnergyIncr: 6.80676e-07 (max: 1e-06)

Step:65
desp:            65.00000000000000000000
CTestEnergyIncr::test() - iteration: 1 current EnergyIncr: 0.0926891 (max: 1e-06)
CTestEnergyIncr::test() - iteration: 2 current EnergyIncr: 0.000551477 (max: 1e-06)
CTestEnergyIncr::test() - iteration: 3 current EnergyIncr: 9.78035e-06 (max: 1e-06)
CTestEnergyIncr::test() - iteration: 4 current EnergyIncr: 7.79491e-07 (max: 1e-06)

Step:66
desp:            66.00000000000000000000
CTestEnergyIncr::test() - iteration: 1 current EnergyIncr: 0.129984 (max: 1e-06)
CTestEnergyIncr::test() - iteration: 2 current EnergyIncr: 2.06672e-05 (max: 1e-06)
CTestEnergyIncr::test() - iteration: 3 current EnergyIncr: 3.78245e-06 (max: 1e-06)
CTestEnergyIncr::test() - iteration: 4 current EnergyIncr: 7.58662e-07 (max: 1e-06)

Step:67
desp:            67.00000000000000000000
CTestEnergyIncr::test() - iteration: 1 current EnergyIncr: 0.123168 (max: 1e-06)
CTestEnergyIncr::test() - iteration: 2 current EnergyIncr: 0.000884883 (max: 1e-06)
CTestEnergyIncr::test() - iteration: 3 current EnergyIncr: 8.27821e-07 (max: 1e-06)

Step:68
desp:            68.00000000000000000000
CTestEnergyIncr::test() - iteration: 1 current EnergyIncr: 0.0256545 (max: 1e-06)
CTestEnergyIncr::test() - iteration: 2 current EnergyIncr: 8.778e-05 (max: 1e-06)
CTestEnergyIncr::test() - iteration: 3 current EnergyIncr: 7.56768e-07 (max: 1e-06)

Step:69
desp:            69.00000000000000000000
CTestEnergyIncr::test() - iteration: 1 current EnergyIncr: 0.0250782 (max: 1e-06)
CTestEnergyIncr::test() - iteration: 2 current EnergyIncr: 0.00010198 (max: 1e-06)
CTestEnergyIncr::test() - iteration: 3 current EnergyIncr: 9.27915e-07 (max: 1e-06)

Step:70
desp:            70.00000000000000000000
CTestEnergyIncr::test() - iteration: 1 current EnergyIncr: 0.0376366 (max: 1e-06)
CTestEnergyIncr::test() - iteration: 2 current EnergyIncr: 0.000164627 (max: 1e-06)
CTestEnergyIncr::test() - iteration: 3 current EnergyIncr: 2.58935e-07 (max: 1e-06)

Step:71
desp:            71.00000000000000000000
CTestEnergyIncr::test() - iteration: 1 current EnergyIncr: 0.0501687 (max: 1e-06)
CTestEnergyIncr::test() - iteration: 2 current EnergyIncr: 0.000118367 (max: 1e-06)
CTestEnergyIncr::test() - iteration: 3 current EnergyIncr: 2.23053e-06 (max: 1e-06)
CTestEnergyIncr::test() - iteration: 4 current EnergyIncr: 8.6277e-07 (max: 1e-06)

Step:72
desp:            72.00000000000000000000
CTestEnergyIncr::test() - iteration: 1 current EnergyIncr: 0.124138 (max: 1e-06)
CTestEnergyIncr::test() - iteration: 2 current EnergyIncr: 0.000207073 (max: 1e-06)
CTestEnergyIncr::test() - iteration: 3 current EnergyIncr: 1.33894e-07 (max: 1e-06)

Step:73
desp:            73.00000000000000000000
CTestEnergyIncr::test() - iteration: 1 current EnergyIncr: 0.0285663 (max: 1e-06)
CTestEnergyIncr::test() - iteration: 2 current EnergyIncr: 0.00027329 (max: 1e-06)
CTestEnergyIncr::test() - iteration: 3 current EnergyIncr: 8.9356e-07 (max: 1e-06)

Step:74
desp:            74.00000000000000000000
CTestEnergyIncr::test() - iteration: 1 current EnergyIncr: 0.112103 (max: 1e-06)
CTestEnergyIncr::test() - iteration: 2 current EnergyIncr: 0.00012512 (max: 1e-06)
CTestEnergyIncr::test() - iteration: 3 current EnergyIncr: 9.96152e-07 (max: 1e-06)

Step:75
desp:            75.00000000000000000000
CTestEnergyIncr::test() - iteration: 1 current EnergyIncr: 0.00140971 (max: 1e-06)
CTestEnergyIncr::test() - iteration: 2 current EnergyIncr: 7.35384e-06 (max: 1e-06)
CTestEnergyIncr::test() - iteration: 3 current EnergyIncr: 9.03159e-07 (max: 1e-06)

Step:76
desp:            76.00000000000000000000
CTestEnergyIncr::test() - iteration: 1 current EnergyIncr: 0.0236036 (max: 1e-06)
CTestEnergyIncr::test() - iteration: 2 current EnergyIncr: 2.33557e-05 (max: 1e-06)
CTestEnergyIncr::test() - iteration: 3 current EnergyIncr: 1.33538e-06 (max: 1e-06)
CTestEnergyIncr::test() - iteration: 4 current EnergyIncr: 9.44255e-07 (max: 1e-06)

Step:77
desp:            77.00000000000000000000
CTestEnergyIncr::test() - iteration: 1 current EnergyIncr: 0.045236 (max: 1e-06)
CTestEnergyIncr::test() - iteration: 2 current EnergyIncr: 0.000127892 (max: 1e-06)
CTestEnergyIncr::test() - iteration: 3 current EnergyIncr: 1.15717e-06 (max: 1e-06)
CTestEnergyIncr::test() - iteration: 4 current EnergyIncr: 9.73005e-07 (max: 1e-06)

Step:78
desp:            78.00000000000000000000
CTestEnergyIncr::test() - iteration: 1 current EnergyIncr: 0.046106 (max: 1e-06)
CTestEnergyIncr::test() - iteration: 2 current EnergyIncr: 1.71229e-05 (max: 1e-06)
CTestEnergyIncr::test() - iteration: 3 current EnergyIncr: 1.21637e-06 (max: 1e-06)
CTestEnergyIncr::test() - iteration: 4 current EnergyIncr: 9.9777e-07 (max: 1e-06)

Step:79
desp:            79.00000000000000000000
CTestEnergyIncr::test() - iteration: 1 current EnergyIncr: 0.0154787 (max: 1e-06)
CTestEnergyIncr::test() - iteration: 2 current EnergyIncr: 2.82717e-05 (max: 1e-06)
CTestEnergyIncr::test() - iteration: 3 current EnergyIncr: 1.03266e-06 (max: 1e-06)
CTestEnergyIncr::test() - iteration: 4 current EnergyIncr: 1.03642e-06 (max: 1e-06)
CTestEnergyIncr::test() - iteration: 5 current EnergyIncr: 1.02042e-06 (max: 1e-06)
CTestEnergyIncr::test() - iteration: 6 current EnergyIncr: 1.04103e-06 (max: 1e-06)
CTestEnergyIncr::test() - iteration: 7 current EnergyIncr: 4.49986e-05 (max: 1e-06)
CTestEnergyIncr::test() - iteration: 8 current EnergyIncr: 0.000126801 (max: 1e-06)
CTestEnergyIncr::test() - iteration: 9 current EnergyIncr: 1.02044e-06 (max: 1e-06)
CTestEnergyIncr::test() - iteration: 10 current EnergyIncr: 1.07312e-06 (max: 1e-06)
CTestEnergyIncr::test() - iteration: 11 current EnergyIncr: 1.16549e-05 (max: 1e-06)
CTestEnergyIncr::test() - iteration: 12 current EnergyIncr: 0.00186751 (max: 1e-06)
CTestEnergyIncr::test() - iteration: 13 current EnergyIncr: 1.02042e-06 (max: 1e-06)
CTestEnergyIncr::test() - iteration: 14 current EnergyIncr: 4.59644e-07 (max: 1e-06)

Step:80
desp:            80.00000000000000000000
CTestEnergyIncr::test() - iteration: 1 current EnergyIncr: 0.0565127 (max: 1e-06)
CTestEnergyIncr::test() - iteration: 2 current EnergyIncr: 0.000120609 (max: 1e-06)
CTestEnergyIncr::test() - iteration: 3 current EnergyIncr: 1.27749e-06 (max: 1e-06)
CTestEnergyIncr::test() - iteration: 4 current EnergyIncr: 1.01458e-06 (max: 1e-06)
CTestEnergyIncr::test() - iteration: 5 current EnergyIncr: 1.04323e-06 (max: 1e-06)
CTestEnergyIncr::test() - iteration: 6 current EnergyIncr: 1.01064e-06 (max: 1e-06)
CTestEnergyIncr::test() - iteration: 7 current EnergyIncr: 0.000166609 (max: 1e-06)
CTestEnergyIncr::test() - iteration: 8 current EnergyIncr: 0.000685662 (max: 1e-06)
CTestEnergyIncr::test() - iteration: 9 current EnergyIncr: 1.04321e-06 (max: 1e-06)
CTestEnergyIncr::test() - iteration: 10 current EnergyIncr: 1.02099e-06 (max: 1e-06)
CTestEnergyIncr::test() - iteration: 11 current EnergyIncr: 8.16053e-05 (max: 1e-06)
CTestEnergyIncr::test() - iteration: 12 current EnergyIncr: 0.00033657 (max: 1e-06)
CTestEnergyIncr::test() - iteration: 13 current EnergyIncr: 1.04309e-06 (max: 1e-06)
CTestEnergyIncr::test() - iteration: 14 current EnergyIncr: 1.70517e-06 (max: 1e-06)
CTestEnergyIncr::test() - iteration: 15 current EnergyIncr: 6.80019e-06 (max: 1e-06)
CTestEnergyIncr::test() - iteration: 16 current EnergyIncr: 0.000536735 (max: 1e-06)
CTestEnergyIncr::test() - iteration: 17 current EnergyIncr: 1.04296e-06 (max: 1e-06)
CTestEnergyIncr::test() - iteration: 18 current EnergyIncr: 1.08223e-06 (max: 1e-06)
CTestEnergyIncr::test() - iteration: 19 current EnergyIncr: 0.000105537 (max: 1e-06)
CTestEnergyIncr::test() - iteration: 20 current EnergyIncr: 0.000132226 (max: 1e-06)
CTestEnergyIncr::test() - iteration: 21 current EnergyIncr: 1.04302e-06 (max: 1e-06)
CTestEnergyIncr::test() - iteration: 22 current EnergyIncr: 1.97796e-06 (max: 1e-06)
CTestEnergyIncr::test() - iteration: 23 current EnergyIncr: 0.000250625 (max: 1e-06)
CTestEnergyIncr::test() - iteration: 24 current EnergyIncr: 0.00455838 (max: 1e-06)
CTestEnergyIncr::test() - iteration: 25 current EnergyIncr: 1.04268e-06 (max: 1e-06)
CTestEnergyIncr::test() - iteration: 26 current EnergyIncr: 9.66709e-07 (max: 1e-06)

Step:81
desp:            81.00000000000000000000
CTestEnergyIncr::test() - iteration: 1 current EnergyIncr: 0.0340353 (max: 1e-06)
CTestEnergyIncr::test() - iteration: 2 current EnergyIncr: 0.000229672 (max: 1e-06)
CTestEnergyIncr::test() - iteration: 3 current EnergyIncr: 6.46263e-07 (max: 1e-06)

Step:82
desp:            82.00000000000000000000
CTestEnergyIncr::test() - iteration: 1 current EnergyIncr: 0.104792 (max: 1e-06)
CTestEnergyIncr::test() - iteration: 2 current EnergyIncr: 2.4353e-06 (max: 1e-06)
CTestEnergyIncr::test() - iteration: 3 current EnergyIncr: 9.46856e-07 (max: 1e-06)

Step:83
desp:            83.00000000000000000000
CTestEnergyIncr::test() - iteration: 1 current EnergyIncr: 0.00622167 (max: 1e-06)
CTestEnergyIncr::test() - iteration: 2 current EnergyIncr: 3.42526e-05 (max: 1e-06)
CTestEnergyIncr::test() - iteration: 3 current EnergyIncr: 1.03467e-06 (max: 1e-06)
CTestEnergyIncr::test() - iteration: 4 current EnergyIncr: 1.08871e-06 (max: 1e-06)
CTestEnergyIncr::test() - iteration: 5 current EnergyIncr: 1.10564e-06 (max: 1e-06)
CTestEnergyIncr::test() - iteration: 6 current EnergyIncr: 1.11649e-06 (max: 1e-06)
CTestEnergyIncr::test() - iteration: 7 current EnergyIncr: 2.32165e-05 (max: 1e-06)
CTestEnergyIncr::test() - iteration: 8 current EnergyIncr: 0.0053129 (max: 1e-06)
CTestEnergyIncr::test() - iteration: 9 current EnergyIncr: 1.10563e-06 (max: 1e-06)
CTestEnergyIncr::test() - iteration: 10 current EnergyIncr: 1.13222e-06 (max: 1e-06)
CTestEnergyIncr::test() - iteration: 11 current EnergyIncr: 1.91139e-05 (max: 1e-06)
CTestEnergyIncr::test() - iteration: 12 current EnergyIncr: 0.000343092 (max: 1e-06)
CTestEnergyIncr::test() - iteration: 13 current EnergyIncr: 1.10565e-06 (max: 1e-06)
CTestEnergyIncr::test() - iteration: 14 current EnergyIncr: 6.54443e-06 (max: 1e-06)
CTestEnergyIncr::test() - iteration: 15 current EnergyIncr: 0.000641723 (max: 1e-06)
CTestEnergyIncr::test() - iteration: 16 current EnergyIncr: 0.00962814 (max: 1e-06)
CTestEnergyIncr::test() - iteration: 17 current EnergyIncr: 1.10564e-06 (max: 1e-06)
CTestEnergyIncr::test() - iteration: 18 current EnergyIncr: 8.47818e-07 (max: 1e-06)

Step:84
desp:            84.00000000000000000000
CTestEnergyIncr::test() - iteration: 1 current EnergyIncr: 0.0466013 (max: 1e-06)
CTestEnergyIncr::test() - iteration: 2 current EnergyIncr: 4.02306e-05 (max: 1e-06)
CTestEnergyIncr::test() - iteration: 3 current EnergyIncr: 1.33979e-06 (max: 1e-06)
CTestEnergyIncr::test() - iteration: 4 current EnergyIncr: 1.11864e-06 (max: 1e-06)
CTestEnergyIncr::test() - iteration: 5 current EnergyIncr: 1.12371e-06 (max: 1e-06)
CTestEnergyIncr::test() - iteration: 6 current EnergyIncr: 1.07021e-06 (max: 1e-06)
CTestEnergyIncr::test() - iteration: 7 current EnergyIncr: 0.000180305 (max: 1e-06)
CTestEnergyIncr::test() - iteration: 8 current EnergyIncr: 3.02954e-05 (max: 1e-06)
CTestEnergyIncr::test() - iteration: 9 current EnergyIncr: 1.12347e-06 (max: 1e-06)
CTestEnergyIncr::test() - iteration: 10 current EnergyIncr: 1.71295e-06 (max: 1e-06)
CTestEnergyIncr::test() - iteration: 11 current EnergyIncr: 0.000327066 (max: 1e-06)
CTestEnergyIncr::test() - iteration: 12 current EnergyIncr: 0.00199967 (max: 1e-06)
CTestEnergyIncr::test() - iteration: 13 current EnergyIncr: 1.12378e-06 (max: 1e-06)
CTestEnergyIncr::test() - iteration: 14 current EnergyIncr: 1.35826e-06 (max: 1e-06)
CTestEnergyIncr::test() - iteration: 15 current EnergyIncr: 3.16822e-05 (max: 1e-06)
CTestEnergyIncr::test() - iteration: 16 current EnergyIncr: 0.00592006 (max: 1e-06)
CTestEnergyIncr::test() - iteration: 17 current EnergyIncr: 1.12356e-06 (max: 1e-06)
CTestEnergyIncr::test() - iteration: 18 current EnergyIncr: 9.81127e-07 (max: 1e-06)

Step:85
desp:            85.00000000000000000000
CTestEnergyIncr::test() - iteration: 1 current EnergyIncr: 0.0197495 (max: 1e-06)
CTestEnergyIncr::test() - iteration: 2 current EnergyIncr: 9.37242e-05 (max: 1e-06)
CTestEnergyIncr::test() - iteration: 3 current EnergyIncr: 1.07342e-06 (max: 1e-06)
CTestEnergyIncr::test() - iteration: 4 current EnergyIncr: 1.14086e-06 (max: 1e-06)
CTestEnergyIncr::test() - iteration: 5 current EnergyIncr: 1.13969e-06 (max: 1e-06)
CTestEnergyIncr::test() - iteration: 6 current EnergyIncr: 1.37334e-05 (max: 1e-06)
CTestEnergyIncr::test() - iteration: 7 current EnergyIncr: 1.7166e-05 (max: 1e-06)
CTestEnergyIncr::test() - iteration: 8 current EnergyIncr: 0.000771778 (max: 1e-06)
CTestEnergyIncr::test() - iteration: 9 current EnergyIncr: 1.13967e-06 (max: 1e-06)
CTestEnergyIncr::test() - iteration: 10 current EnergyIncr: 1.10812e-06 (max: 1e-06)
CTestEnergyIncr::test() - iteration: 11 current EnergyIncr: 4.70041e-05 (max: 1e-06)
CTestEnergyIncr::test() - iteration: 12 current EnergyIncr: 0.00206213 (max: 1e-06)
CTestEnergyIncr::test() - iteration: 13 current EnergyIncr: 1.13969e-06 (max: 1e-06)
CTestEnergyIncr::test() - iteration: 14 current EnergyIncr: 3.92192e-06 (max: 1e-06)
CTestEnergyIncr::test() - iteration: 15 current EnergyIncr: 0.000237015 (max: 1e-06)
CTestEnergyIncr::test() - iteration: 16 current EnergyIncr: 0.00240529 (max: 1e-06)
CTestEnergyIncr::test() - iteration: 17 current EnergyIncr: 1.13968e-06 (max: 1e-06)
CTestEnergyIncr::test() - iteration: 18 current EnergyIncr: 8.7057e-07 (max: 1e-06)

Step:86
desp:            86.00000000000000000000
CTestEnergyIncr::test() - iteration: 1 current EnergyIncr: 0.0101957 (max: 1e-06)
CTestEnergyIncr::test() - iteration: 2 current EnergyIncr: 2.36159e-05 (max: 1e-06)
CTestEnergyIncr::test() - iteration: 3 current EnergyIncr: 2.62019e-06 (max: 1e-06)
CTestEnergyIncr::test() - iteration: 4 current EnergyIncr: 1.14984e-06 (max: 1e-06)
CTestEnergyIncr::test() - iteration: 5 current EnergyIncr: 1.15378e-06 (max: 1e-06)
CTestEnergyIncr::test() - iteration: 6 current EnergyIncr: 1.11642e-06 (max: 1e-06)
CTestEnergyIncr::test() - iteration: 7 current EnergyIncr: 1.52156e-05 (max: 1e-06)
CTestEnergyIncr::test() - iteration: 8 current EnergyIncr: 0.00270464 (max: 1e-06)
CTestEnergyIncr::test() - iteration: 9 current EnergyIncr: 1.15384e-06 (max: 1e-06)
CTestEnergyIncr::test() - iteration: 10 current EnergyIncr: 1.09938e-06 (max: 1e-06)
CTestEnergyIncr::test() - iteration: 11 current EnergyIncr: 3.67592e-05 (max: 1e-06)
CTestEnergyIncr::test() - iteration: 12 current EnergyIncr: 0.000213059 (max: 1e-06)
CTestEnergyIncr::test() - iteration: 13 current EnergyIncr: 1.15379e-06 (max: 1e-06)
CTestEnergyIncr::test() - iteration: 14 current EnergyIncr: 1.7544e-06 (max: 1e-06)
CTestEnergyIncr::test() - iteration: 15 current EnergyIncr: 0.000123856 (max: 1e-06)
CTestEnergyIncr::test() - iteration: 16 current EnergyIncr: 0.000760916 (max: 1e-06)
CTestEnergyIncr::test() - iteration: 17 current EnergyIncr: 1.15384e-06 (max: 1e-06)
CTestEnergyIncr::test() - iteration: 18 current EnergyIncr: 7.84502e-07 (max: 1e-06)

Step:87
desp:            87.00000000000000000000
CTestEnergyIncr::test() - iteration: 1 current EnergyIncr: 0.115109 (max: 1e-06)
CTestEnergyIncr::test() - iteration: 2 current EnergyIncr: 0.000785347 (max: 1e-06)
CTestEnergyIncr::test() - iteration: 3 current EnergyIncr: 3.64768e-06 (max: 1e-06)
CTestEnergyIncr::test() - iteration: 4 current EnergyIncr: 1.14557e-06 (max: 1e-06)
CTestEnergyIncr::test() - iteration: 5 current EnergyIncr: 1.16572e-06 (max: 1e-06)
CTestEnergyIncr::test() - iteration: 6 current EnergyIncr: 1.16935e-06 (max: 1e-06)
CTestEnergyIncr::test() - iteration: 7 current EnergyIncr: 1.08009e-06 (max: 1e-06)
CTestEnergyIncr::test() - iteration: 8 current EnergyIncr: 0.000189389 (max: 1e-06)
CTestEnergyIncr::test() - iteration: 9 current EnergyIncr: 1.16558e-06 (max: 1e-06)
CTestEnergyIncr::test() - iteration: 10 current EnergyIncr: 1.65318e-06 (max: 1e-06)
CTestEnergyIncr::test() - iteration: 11 current EnergyIncr: 9.25278e-05 (max: 1e-06)
CTestEnergyIncr::test() - iteration: 12 current EnergyIncr: 0.000720552 (max: 1e-06)
CTestEnergyIncr::test() - iteration: 13 current EnergyIncr: 1.16566e-06 (max: 1e-06)
CTestEnergyIncr::test() - iteration: 14 current EnergyIncr: 1.77604e-06 (max: 1e-06)
CTestEnergyIncr::test() - iteration: 15 current EnergyIncr: 0.000307156 (max: 1e-06)
CTestEnergyIncr::test() - iteration: 16 current EnergyIncr: 0.000483861 (max: 1e-06)
CTestEnergyIncr::test() - iteration: 17 current EnergyIncr: 1.16539e-06 (max: 1e-06)
CTestEnergyIncr::test() - iteration: 18 current EnergyIncr: 1.97025e-06 (max: 1e-06)
CTestEnergyIncr::test() - iteration: 19 current EnergyIncr: 0.000133801 (max: 1e-06)
CTestEnergyIncr::test() - iteration: 20 current EnergyIncr: 0.000301908 (max: 1e-06)
CTestEnergyIncr::test() - iteration: 21 current EnergyIncr: 1.16551e-06 (max: 1e-06)
CTestEnergyIncr::test() - iteration: 22 current EnergyIncr: 1.03433e-06 (max: 1e-06)
CTestEnergyIncr::test() - iteration: 23 current EnergyIncr: 0.000308711 (max: 1e-06)
CTestEnergyIncr::test() - iteration: 24 current EnergyIncr: 0.000446644 (max: 1e-06)
CTestEnergyIncr::test() - iteration: 25 current EnergyIncr: 1.16562e-06 (max: 1e-06)
CTestEnergyIncr::test() - iteration: 26 current EnergyIncr: 1.89202e-06 (max: 1e-06)
CTestEnergyIncr::test() - iteration: 27 current EnergyIncr: 1.18718e-05 (max: 1e-06)
CTestEnergyIncr::test() - iteration: 28 current EnergyIncr: 0.000981782 (max: 1e-06)
CTestEnergyIncr::test() - iteration: 29 current EnergyIncr: 1.16573e-06 (max: 1e-06)
CTestEnergyIncr::test() - iteration: 30 current EnergyIncr: 4.83441e-06 (max: 1e-06)
CTestEnergyIncr::test() - iteration: 31 current EnergyIncr: 5.8158e-05 (max: 1e-06)
CTestEnergyIncr::test() - iteration: 32 current EnergyIncr: 0.000739116 (max: 1e-06)
CTestEnergyIncr::test() - iteration: 33 current EnergyIncr: 1.16572e-06 (max: 1e-06)
CTestEnergyIncr::test() - iteration: 34 current EnergyIncr: 3.4456e-06 (max: 1e-06)
CTestEnergyIncr::test() - iteration: 35 current EnergyIncr: 4.06076e-05 (max: 1e-06)
CTestEnergyIncr::test() - iteration: 36 current EnergyIncr: 0.00221342 (max: 1e-06)
CTestEnergyIncr::test() - iteration: 37 current EnergyIncr: 1.16546e-06 (max: 1e-06)
CTestEnergyIncr::test() - iteration: 38 current EnergyIncr: 1.36074e-05 (max: 1e-06)
CTestEnergyIncr::test() - iteration: 39 current EnergyIncr: 2.84954e-05 (max: 1e-06)
CTestEnergyIncr::test() - iteration: 40 current EnergyIncr: 0.00265036 (max: 1e-06)
CTestEnergyIncr::test() - iteration: 41 current EnergyIncr: 1.16544e-06 (max: 1e-06)
CTestEnergyIncr::test() - iteration: 42 current EnergyIncr: 2.47199e-06 (max: 1e-06)
CTestEnergyIncr::test() - iteration: 43 current EnergyIncr: 0.000468036 (max: 1e-06)
CTestEnergyIncr::test() - iteration: 44 current EnergyIncr: 0.00285189 (max: 1e-06)
CTestEnergyIncr::test() - iteration: 45 current EnergyIncr: 1.1657e-06 (max: 1e-06)
CTestEnergyIncr::test() - iteration: 46 current EnergyIncr: 2.8791e-06 (max: 1e-06)
CTestEnergyIncr::test() - iteration: 47 current EnergyIncr: 0.00030947 (max: 1e-06)
CTestEnergyIncr::test() - iteration: 48 current EnergyIncr: 0.00185763 (max: 1e-06)
CTestEnergyIncr::test() - iteration: 49 current EnergyIncr: 1.16549e-06 (max: 1e-06)
CTestEnergyIncr::test() - iteration: 50 current EnergyIncr: 6.53643e-07 (max: 1e-06)

Step:88
desp:            88.00000000000000000000
CTestEnergyIncr::test() - iteration: 1 current EnergyIncr: 0.250087 (max: 1e-06)
CTestEnergyIncr::test() - iteration: 2 current EnergyIncr: 0.00144358 (max: 1e-06)
CTestEnergyIncr::test() - iteration: 3 current EnergyIncr: 2.62596e-05 (max: 1e-06)
CTestEnergyIncr::test() - iteration: 4 current EnergyIncr: 1.21255e-06 (max: 1e-06)
CTestEnergyIncr::test() - iteration: 5 current EnergyIncr: 1.17483e-06 (max: 1e-06)
CTestEnergyIncr::test() - iteration: 6 current EnergyIncr: 1.16337e-06 (max: 1e-06)
CTestEnergyIncr::test() - iteration: 7 current EnergyIncr: 1.88664e-07 (max: 1e-06)

Step:89
desp:            89.00000000000000000000
CTestEnergyIncr::test() - iteration: 1 current EnergyIncr: 0.130982 (max: 1e-06)
CTestEnergyIncr::test() - iteration: 2 current EnergyIncr: 0.000937265 (max: 1e-06)
CTestEnergyIncr::test() - iteration: 3 current EnergyIncr: 1.37283e-06 (max: 1e-06)
CTestEnergyIncr::test() - iteration: 4 current EnergyIncr: 1.17532e-06 (max: 1e-06)
CTestEnergyIncr::test() - iteration: 5 current EnergyIncr: 1.18171e-06 (max: 1e-06)
CTestEnergyIncr::test() - iteration: 6 current EnergyIncr: 1.15546e-06 (max: 1e-06)
CTestEnergyIncr::test() - iteration: 7 current EnergyIncr: 3.07505e-05 (max: 1e-06)
CTestEnergyIncr::test() - iteration: 8 current EnergyIncr: 0.000936821 (max: 1e-06)
CTestEnergyIncr::test() - iteration: 9 current EnergyIncr: 1.18175e-06 (max: 1e-06)
CTestEnergyIncr::test() - iteration: 10 current EnergyIncr: 9.43486e-07 (max: 1e-06)

Step:90
desp:            90.00000000000000000000
CTestEnergyIncr::test() - iteration: 1 current EnergyIncr: 0.188921 (max: 1e-06)
CTestEnergyIncr::test() - iteration: 2 current EnergyIncr: 0.00261453 (max: 1e-06)
CTestEnergyIncr::test() - iteration: 3 current EnergyIncr: 4.35568e-06 (max: 1e-06)
CTestEnergyIncr::test() - iteration: 4 current EnergyIncr: 2.02225e-06 (max: 1e-06)
CTestEnergyIncr::test() - iteration: 5 current EnergyIncr: 1.18358e-06 (max: 1e-06)
CTestEnergyIncr::test() - iteration: 6 current EnergyIncr: 1.17577e-06 (max: 1e-06)
CTestEnergyIncr::test() - iteration: 7 current EnergyIncr: 1.231e-06 (max: 1e-06)
CTestEnergyIncr::test() - iteration: 8 current EnergyIncr: 0.000982317 (max: 1e-06)
CTestEnergyIncr::test() - iteration: 9 current EnergyIncr: 1.18768e-06 (max: 1e-06)
CTestEnergyIncr::test() - iteration: 10 current EnergyIncr: 1.16479e-06 (max: 1e-06)
CTestEnergyIncr::test() - iteration: 11 current EnergyIncr: 1.40508e-05 (max: 1e-06)
CTestEnergyIncr::test() - iteration: 12 current EnergyIncr: 0.000263668 (max: 1e-06)
CTestEnergyIncr::test() - iteration: 13 current EnergyIncr: 1.18635e-06 (max: 1e-06)
CTestEnergyIncr::test() - iteration: 14 current EnergyIncr: 3.48391e-06 (max: 1e-06)
CTestEnergyIncr::test() - iteration: 15 current EnergyIncr: 5.09202e-06 (max: 1e-06)
CTestEnergyIncr::test() - iteration: 16 current EnergyIncr: 0.000696537 (max: 1e-06)
CTestEnergyIncr::test() - iteration: 17 current EnergyIncr: 1.18634e-06 (max: 1e-06)
CTestEnergyIncr::test() - iteration: 18 current EnergyIncr: 1.73402e-06 (max: 1e-06)
CTestEnergyIncr::test() - iteration: 19 current EnergyIncr: 1.55828e-05 (max: 1e-06)
CTestEnergyIncr::test() - iteration: 20 current EnergyIncr: 0.000581464 (max: 1e-06)
CTestEnergyIncr::test() - iteration: 21 current EnergyIncr: 1.18643e-06 (max: 1e-06)
CTestEnergyIncr::test() - iteration: 22 current EnergyIncr: 1.06875e-06 (max: 1e-06)
CTestEnergyIncr::test() - iteration: 23 current EnergyIncr: 5.16345e-05 (max: 1e-06)
CTestEnergyIncr::test() - iteration: 24 current EnergyIncr: 0.000771083 (max: 1e-06)
CTestEnergyIncr::test() - iteration: 25 current EnergyIncr: 1.18659e-06 (max: 1e-06)
CTestEnergyIncr::test() - iteration: 26 current EnergyIncr: 6.58075e-06 (max: 1e-06)
CTestEnergyIncr::test() - iteration: 27 current EnergyIncr: 0.000136741 (max: 1e-06)
CTestEnergyIncr::test() - iteration: 28 current EnergyIncr: 0.00160832 (max: 1e-06)
CTestEnergyIncr::test() - iteration: 29 current EnergyIncr: 1.18629e-06 (max: 1e-06)
CTestEnergyIncr::test() - iteration: 30 current EnergyIncr: 3.35611e-06 (max: 1e-06)
CTestEnergyIncr::test() - iteration: 31 current EnergyIncr: 0.000112548 (max: 1e-06)
CTestEnergyIncr::test() - iteration: 32 current EnergyIncr: 0.00351414 (max: 1e-06)
CTestEnergyIncr::test() - iteration: 33 current EnergyIncr: 1.18634e-06 (max: 1e-06)
CTestEnergyIncr::test() - iteration: 34 current EnergyIncr: 1.41248e-06 (max: 1e-06)
CTestEnergyIncr::test() - iteration: 35 current EnergyIncr: 0.000184321 (max: 1e-06)
CTestEnergyIncr::test() - iteration: 36 current EnergyIncr: 0.00195635 (max: 1e-06)
CTestEnergyIncr::test() - iteration: 37 current EnergyIncr: 1.18636e-06 (max: 1e-06)
CTestEnergyIncr::test() - iteration: 38 current EnergyIncr: 1.3208e-06 (max: 1e-06)
CTestEnergyIncr::test() - iteration: 39 current EnergyIncr: 0.000514226 (max: 1e-06)
CTestEnergyIncr::test() - iteration: 40 current EnergyIncr: 0.000905113 (max: 1e-06)
CTestEnergyIncr::test() - iteration: 41 current EnergyIncr: 1.18668e-06 (max: 1e-06)
CTestEnergyIncr::test() - iteration: 42 current EnergyIncr: 1.92855e-06 (max: 1e-06)
CTestEnergyIncr::test() - iteration: 43 current EnergyIncr: 1.2773e-05 (max: 1e-06)
CTestEnergyIncr::test() - iteration: 44 current EnergyIncr: 0.000181767 (max: 1e-06)
CTestEnergyIncr::test() - iteration: 45 current EnergyIncr: 1.18629e-06 (max: 1e-06)
CTestEnergyIncr::test() - iteration: 46 current EnergyIncr: 3.34773e-06 (max: 1e-06)
CTestEnergyIncr::test() - iteration: 47 current EnergyIncr: 0.000123343 (max: 1e-06)
CTestEnergyIncr::test() - iteration: 48 current EnergyIncr: 0.00196937 (max: 1e-06)
CTestEnergyIncr::test() - iteration: 49 current EnergyIncr: 1.18636e-06 (max: 1e-06)
CTestEnergyIncr::test() - iteration: 50 current EnergyIncr: 1.99e-06 (max: 1e-06)
CTestEnergyIncr::test() - iteration: 51 current EnergyIncr: 7.6767e-05 (max: 1e-06)
CTestEnergyIncr::test() - iteration: 52 current EnergyIncr: 0.000711975 (max: 1e-06)
CTestEnergyIncr::test() - iteration: 53 current EnergyIncr: 1.18636e-06 (max: 1e-06)
CTestEnergyIncr::test() - iteration: 54 current EnergyIncr: 6.45166e-06 (max: 1e-06)
CTestEnergyIncr::test() - iteration: 55 current EnergyIncr: 0.000142625 (max: 1e-06)
CTestEnergyIncr::test() - iteration: 56 current EnergyIncr: 0.00201794 (max: 1e-06)
CTestEnergyIncr::test() - iteration: 57 current EnergyIncr: 1.18635e-06 (max: 1e-06)
CTestEnergyIncr::test() - iteration: 58 current EnergyIncr: 1.7039e-06 (max: 1e-06)
CTestEnergyIncr::test() - iteration: 59 current EnergyIncr: 0.000260756 (max: 1e-06)
CTestEnergyIncr::test() - iteration: 60 current EnergyIncr: 0.0004229 (max: 1e-06)
CTestEnergyIncr::test() - iteration: 61 current EnergyIncr: 1.18628e-06 (max: 1e-06)
CTestEnergyIncr::test() - iteration: 62 current EnergyIncr: 2.14847e-06 (max: 1e-06)
CTestEnergyIncr::test() - iteration: 63 current EnergyIncr: 0.000170243 (max: 1e-06)
CTestEnergyIncr::test() - iteration: 64 current EnergyIncr: 0.00043061 (max: 1e-06)
CTestEnergyIncr::test() - iteration: 65 current EnergyIncr: 1.18634e-06 (max: 1e-06)
CTestEnergyIncr::test() - iteration: 66 current EnergyIncr: 6.05716e-07 (max: 1e-06)

Step:91
desp:            91.00000000000000000000
CTestEnergyIncr::test() - iteration: 1 current EnergyIncr: 0.000591491 (max: 1e-06)
CTestEnergyIncr::test() - iteration: 2 current EnergyIncr: 8.13292e-06 (max: 1e-06)
CTestEnergyIncr::test() - iteration: 3 current EnergyIncr: 1.22627e-06 (max: 1e-06)
CTestEnergyIncr::test() - iteration: 4 current EnergyIncr: 1.18102e-06 (max: 1e-06)
CTestEnergyIncr::test() - iteration: 5 current EnergyIncr: 1.18988e-06 (max: 1e-06)
CTestEnergyIncr::test() - iteration: 6 current EnergyIncr: 1.16274e-06 (max: 1e-06)
CTestEnergyIncr::test() - iteration: 7 current EnergyIncr: 1.6604e-06 (max: 1e-06)
CTestEnergyIncr::test() - iteration: 8 current EnergyIncr: 5.72159e-07 (max: 1e-06)

Step:92
desp:            92.00000000000000000000
CTestEnergyIncr::test() - iteration: 1 current EnergyIncr: 0.0544544 (max: 1e-06)
CTestEnergyIncr::test() - iteration: 2 current EnergyIncr: 0.000861349 (max: 1e-06)
CTestEnergyIncr::test() - iteration: 3 current EnergyIncr: 7.72099e-06 (max: 1e-06)
CTestEnergyIncr::test() - iteration: 4 current EnergyIncr: 1.15559e-06 (max: 1e-06)
CTestEnergyIncr::test() - iteration: 5 current EnergyIncr: 1.19361e-06 (max: 1e-06)
CTestEnergyIncr::test() - iteration: 6 current EnergyIncr: 1.18557e-06 (max: 1e-06)
CTestEnergyIncr::test() - iteration: 7 current EnergyIncr: 1.17356e-06 (max: 1e-06)
CTestEnergyIncr::test() - iteration: 8 current EnergyIncr: 0.000620548 (max: 1e-06)
CTestEnergyIncr::test() - iteration: 9 current EnergyIncr: 1.19258e-06 (max: 1e-06)
CTestEnergyIncr::test() - iteration: 10 current EnergyIncr: 1.19813e-06 (max: 1e-06)
CTestEnergyIncr::test() - iteration: 11 current EnergyIncr: 1.80549e-06 (max: 1e-06)
CTestEnergyIncr::test() - iteration: 12 current EnergyIncr: 6.47741e-05 (max: 1e-06)
CTestEnergyIncr::test() - iteration: 13 current EnergyIncr: 1.19221e-06 (max: 1e-06)
CTestEnergyIncr::test() - iteration: 14 current EnergyIncr: 1.97292e-06 (max: 1e-06)
CTestEnergyIncr::test() - iteration: 15 current EnergyIncr: 0.000718962 (max: 1e-06)
CTestEnergyIncr::test() - iteration: 16 current EnergyIncr: 0.000849203 (max: 1e-06)
CTestEnergyIncr::test() - iteration: 17 current EnergyIncr: 1.19209e-06 (max: 1e-06)
CTestEnergyIncr::test() - iteration: 18 current EnergyIncr: 1.28674e-06 (max: 1e-06)
CTestEnergyIncr::test() - iteration: 19 current EnergyIncr: 7.3893e-05 (max: 1e-06)
CTestEnergyIncr::test() - iteration: 20 current EnergyIncr: 0.000159514 (max: 1e-06)
CTestEnergyIncr::test() - iteration: 21 current EnergyIncr: 1.19222e-06 (max: 1e-06)
CTestEnergyIncr::test() - iteration: 22 current EnergyIncr: 1.33372e-06 (max: 1e-06)
CTestEnergyIncr::test() - iteration: 23 current EnergyIncr: 1.20835e-05 (max: 1e-06)
CTestEnergyIncr::test() - iteration: 24 current EnergyIncr: 0.00437848 (max: 1e-06)
CTestEnergyIncr::test() - iteration: 25 current EnergyIncr: 1.19201e-06 (max: 1e-06)
CTestEnergyIncr::test() - iteration: 26 current EnergyIncr: 1.08228e-06 (max: 1e-06)
CTestEnergyIncr::test() - iteration: 27 current EnergyIncr: 1.27729e-05 (max: 1e-06)
CTestEnergyIncr::test() - iteration: 28 current EnergyIncr: 0.000294364 (max: 1e-06)
CTestEnergyIncr::test() - iteration: 29 current EnergyIncr: 1.19224e-06 (max: 1e-06)
CTestEnergyIncr::test() - iteration: 30 current EnergyIncr: 1.20535e-06 (max: 1e-06)
CTestEnergyIncr::test() - iteration: 31 current EnergyIncr: 2.48706e-05 (max: 1e-06)
CTestEnergyIncr::test() - iteration: 32 current EnergyIncr: 0.00161911 (max: 1e-06)
CTestEnergyIncr::test() - iteration: 33 current EnergyIncr: 1.19209e-06 (max: 1e-06)
CTestEnergyIncr::test() - iteration: 34 current EnergyIncr: 1.15037e-06 (max: 1e-06)
CTestEnergyIncr::test() - iteration: 35 current EnergyIncr: 8.22015e-05 (max: 1e-06)
CTestEnergyIncr::test() - iteration: 36 current EnergyIncr: 0.000577617 (max: 1e-06)
CTestEnergyIncr::test() - iteration: 37 current EnergyIncr: 1.19223e-06 (max: 1e-06)
CTestEnergyIncr::test() - iteration: 38 current EnergyIncr: 1.46367e-06 (max: 1e-06)
CTestEnergyIncr::test() - iteration: 39 current EnergyIncr: 2.19378e-05 (max: 1e-06)
CTestEnergyIncr::test() - iteration: 40 current EnergyIncr: 0.000218864 (max: 1e-06)
CTestEnergyIncr::test() - iteration: 41 current EnergyIncr: 1.19221e-06 (max: 1e-06)
CTestEnergyIncr::test() - iteration: 42 current EnergyIncr: 8.8663e-07 (max: 1e-06)

Step:93
desp:            93.00000000000000000000
CTestEnergyIncr::test() - iteration: 1 current EnergyIncr: 0.064516 (max: 1e-06)
CTestEnergyIncr::test() - iteration: 2 current EnergyIncr: 0.000265746 (max: 1e-06)
CTestEnergyIncr::test() - iteration: 3 current EnergyIncr: 7.27811e-06 (max: 1e-06)
CTestEnergyIncr::test() - iteration: 4 current EnergyIncr: 1.09128e-06 (max: 1e-06)
CTestEnergyIncr::test() - iteration: 5 current EnergyIncr: 1.19659e-06 (max: 1e-06)
CTestEnergyIncr::test() - iteration: 6 current EnergyIncr: 1.15447e-06 (max: 1e-06)
CTestEnergyIncr::test() - iteration: 7 current EnergyIncr: 1.18839e-06 (max: 1e-06)
CTestEnergyIncr::test() - iteration: 8 current EnergyIncr: 3.06372e-06 (max: 1e-06)
CTestEnergyIncr::test() - iteration: 9 current EnergyIncr: 1.19352e-06 (max: 1e-06)
CTestEnergyIncr::test() - iteration: 10 current EnergyIncr: 4.49511e-06 (max: 1e-06)
CTestEnergyIncr::test() - iteration: 11 current EnergyIncr: 0.000156367 (max: 1e-06)
CTestEnergyIncr::test() - iteration: 12 current EnergyIncr: 0.00230823 (max: 1e-06)
CTestEnergyIncr::test() - iteration: 13 current EnergyIncr: 1.19361e-06 (max: 1e-06)
CTestEnergyIncr::test() - iteration: 14 current EnergyIncr: 1.00065e-06 (max: 1e-06)
CTestEnergyIncr::test() - iteration: 15 current EnergyIncr: 6.12921e-05 (max: 1e-06)
CTestEnergyIncr::test() - iteration: 16 current EnergyIncr: 0.000351792 (max: 1e-06)
CTestEnergyIncr::test() - iteration: 17 current EnergyIncr: 1.19353e-06 (max: 1e-06)
CTestEnergyIncr::test() - iteration: 18 current EnergyIncr: 2.13762e-06 (max: 1e-06)
CTestEnergyIncr::test() - iteration: 19 current EnergyIncr: 9.09805e-05 (max: 1e-06)
CTestEnergyIncr::test() - iteration: 20 current EnergyIncr: 0.000753163 (max: 1e-06)
CTestEnergyIncr::test() - iteration: 21 current EnergyIncr: 1.19377e-06 (max: 1e-06)
CTestEnergyIncr::test() - iteration: 22 current EnergyIncr: 4.02418e-06 (max: 1e-06)
CTestEnergyIncr::test() - iteration: 23 current EnergyIncr: 4.15908e-05 (max: 1e-06)
CTestEnergyIncr::test() - iteration: 24 current EnergyIncr: 0.00119972 (max: 1e-06)
CTestEnergyIncr::test() - iteration: 25 current EnergyIncr: 1.19375e-06 (max: 1e-06)
CTestEnergyIncr::test() - iteration: 26 current EnergyIncr: 3.22217e-06 (max: 1e-06)
CTestEnergyIncr::test() - iteration: 27 current EnergyIncr: 0.000454168 (max: 1e-06)
CTestEnergyIncr::test() - iteration: 28 current EnergyIncr: 0.000658914 (max: 1e-06)
CTestEnergyIncr::test() - iteration: 29 current EnergyIncr: 1.19388e-06 (max: 1e-06)
CTestEnergyIncr::test() - iteration: 30 current EnergyIncr: 1.36935e-06 (max: 1e-06)
CTestEnergyIncr::test() - iteration: 31 current EnergyIncr: 6.83172e-05 (max: 1e-06)
CTestEnergyIncr::test() - iteration: 32 current EnergyIncr: 0.00316307 (max: 1e-06)
CTestEnergyIncr::test() - iteration: 33 current EnergyIncr: 1.19331e-06 (max: 1e-06)
CTestEnergyIncr::test() - iteration: 34 current EnergyIncr: 1.18015e-06 (max: 1e-06)
CTestEnergyIncr::test() - iteration: 35 current EnergyIncr: 0.000100321 (max: 1e-06)
CTestEnergyIncr::test() - iteration: 36 current EnergyIncr: 0.00128214 (max: 1e-06)
CTestEnergyIncr::test() - iteration: 37 current EnergyIncr: 1.19378e-06 (max: 1e-06)
CTestEnergyIncr::test() - iteration: 38 current EnergyIncr: 3.98541e-06 (max: 1e-06)
CTestEnergyIncr::test() - iteration: 39 current EnergyIncr: 2.41587e-05 (max: 1e-06)
CTestEnergyIncr::test() - iteration: 40 current EnergyIncr: 0.00343429 (max: 1e-06)
CTestEnergyIncr::test() - iteration: 41 current EnergyIncr: 1.19341e-06 (max: 1e-06)
CTestEnergyIncr::test() - iteration: 42 current EnergyIncr: 1.35106e-06 (max: 1e-06)
CTestEnergyIncr::test() - iteration: 43 current EnergyIncr: 4.98894e-05 (max: 1e-06)
CTestEnergyIncr::test() - iteration: 44 current EnergyIncr: 0.000546521 (max: 1e-06)
CTestEnergyIncr::test() - iteration: 45 current EnergyIncr: 1.19383e-06 (max: 1e-06)
CTestEnergyIncr::test() - iteration: 46 current EnergyIncr: 5.86745e-07 (max: 1e-06)

Step:94
desp:            94.00000000000000000000
CTestEnergyIncr::test() - iteration: 1 current EnergyIncr: 0.0899982 (max: 1e-06)
CTestEnergyIncr::test() - iteration: 2 current EnergyIncr: 0.00051113 (max: 1e-06)
CTestEnergyIncr::test() - iteration: 3 current EnergyIncr: 2.71611e-06 (max: 1e-06)
CTestEnergyIncr::test() - iteration: 4 current EnergyIncr: 1.15477e-06 (max: 1e-06)
CTestEnergyIncr::test() - iteration: 5 current EnergyIncr: 1.1941e-06 (max: 1e-06)
CTestEnergyIncr::test() - iteration: 6 current EnergyIncr: 1.1585e-06 (max: 1e-06)
CTestEnergyIncr::test() - iteration: 7 current EnergyIncr: 1.53912e-06 (max: 1e-06)
CTestEnergyIncr::test() - iteration: 8 current EnergyIncr: 3.22635e-06 (max: 1e-06)
CTestEnergyIncr::test() - iteration: 9 current EnergyIncr: 1.19398e-06 (max: 1e-06)
CTestEnergyIncr::test() - iteration: 10 current EnergyIncr: 1.46197e-06 (max: 1e-06)
CTestEnergyIncr::test() - iteration: 11 current EnergyIncr: 2.5169e-05 (max: 1e-06)
CTestEnergyIncr::test() - iteration: 12 current EnergyIncr: 0.000777622 (max: 1e-06)
CTestEnergyIncr::test() - iteration: 13 current EnergyIncr: 1.19397e-06 (max: 1e-06)
CTestEnergyIncr::test() - iteration: 14 current EnergyIncr: 2.21907e-06 (max: 1e-06)
CTestEnergyIncr::test() - iteration: 15 current EnergyIncr: 0.000131143 (max: 1e-06)
CTestEnergyIncr::test() - iteration: 16 current EnergyIncr: 0.00192615 (max: 1e-06)
CTestEnergyIncr::test() - iteration: 17 current EnergyIncr: 1.194e-06 (max: 1e-06)
CTestEnergyIncr::test() - iteration: 18 current EnergyIncr: 1.27732e-06 (max: 1e-06)
CTestEnergyIncr::test() - iteration: 19 current EnergyIncr: 2.02639e-05 (max: 1e-06)
CTestEnergyIncr::test() - iteration: 20 current EnergyIncr: 0.000544101 (max: 1e-06)
CTestEnergyIncr::test() - iteration: 21 current EnergyIncr: 1.194e-06 (max: 1e-06)
CTestEnergyIncr::test() - iteration: 22 current EnergyIncr: 1.08918e-06 (max: 1e-06)
CTestEnergyIncr::test() - iteration: 23 current EnergyIncr: 0.000111102 (max: 1e-06)
CTestEnergyIncr::test() - iteration: 24 current EnergyIncr: 8.8824e-05 (max: 1e-06)
CTestEnergyIncr::test() - iteration: 25 current EnergyIncr: 1.19356e-06 (max: 1e-06)
CTestEnergyIncr::test() - iteration: 26 current EnergyIncr: 1.12821e-06 (max: 1e-06)
CTestEnergyIncr::test() - iteration: 27 current EnergyIncr: 2.34262e-05 (max: 1e-06)
CTestEnergyIncr::test() - iteration: 28 current EnergyIncr: 0.000306775 (max: 1e-06)
CTestEnergyIncr::test() - iteration: 29 current EnergyIncr: 1.19372e-06 (max: 1e-06)
CTestEnergyIncr::test() - iteration: 30 current EnergyIncr: 3.27245e-06 (max: 1e-06)
CTestEnergyIncr::test() - iteration: 31 current EnergyIncr: 5.67099e-05 (max: 1e-06)
CTestEnergyIncr::test() - iteration: 32 current EnergyIncr: 8.91131e-05 (max: 1e-06)
CTestEnergyIncr::test() - iteration: 33 current EnergyIncr: 1.19396e-06 (max: 1e-06)
CTestEnergyIncr::test() - iteration: 34 current EnergyIncr: 1.99007e-06 (max: 1e-06)
CTestEnergyIncr::test() - iteration: 35 current EnergyIncr: 0.000120296 (max: 1e-06)
CTestEnergyIncr::test() - iteration: 36 current EnergyIncr: 0.000110666 (max: 1e-06)
CTestEnergyIncr::test() - iteration: 37 current EnergyIncr: 1.19396e-06 (max: 1e-06)
CTestEnergyIncr::test() - iteration: 38 current EnergyIncr: 6.02758e-06 (max: 1e-06)
CTestEnergyIncr::test() - iteration: 39 current EnergyIncr: 9.62501e-05 (max: 1e-06)
CTestEnergyIncr::test() - iteration: 40 current EnergyIncr: 0.000952175 (max: 1e-06)
CTestEnergyIncr::test() - iteration: 41 current EnergyIncr: 1.19398e-06 (max: 1e-06)
CTestEnergyIncr::test() - iteration: 42 current EnergyIncr: 1.31469e-06 (max: 1e-06)
CTestEnergyIncr::test() - iteration: 43 current EnergyIncr: 0.000848672 (max: 1e-06)
CTestEnergyIncr::test() - iteration: 44 current EnergyIncr: 0.000599336 (max: 1e-06)
CTestEnergyIncr::test() - iteration: 45 current EnergyIncr: 1.19297e-06 (max: 1e-06)
CTestEnergyIncr::test() - iteration: 46 current EnergyIncr: 1.26484e-06 (max: 1e-06)
CTestEnergyIncr::test() - iteration: 47 current EnergyIncr: 3.04008e-06 (max: 1e-06)
CTestEnergyIncr::test() - iteration: 48 current EnergyIncr: 0.00087561 (max: 1e-06)
CTestEnergyIncr::test() - iteration: 49 current EnergyIncr: 1.1942e-06 (max: 1e-06)
CTestEnergyIncr::test() - iteration: 50 current EnergyIncr: 1.17298e-06 (max: 1e-06)
CTestEnergyIncr::test() - iteration: 51 current EnergyIncr: 1.64798e-05 (max: 1e-06)
CTestEnergyIncr::test() - iteration: 52 current EnergyIncr: 0.000432508 (max: 1e-06)
CTestEnergyIncr::test() - iteration: 53 current EnergyIncr: 1.19396e-06 (max: 1e-06)
CTestEnergyIncr::test() - iteration: 54 current EnergyIncr: 1.89974e-06 (max: 1e-06)
CTestEnergyIncr::test() - iteration: 55 current EnergyIncr: 0.000215969 (max: 1e-06)
CTestEnergyIncr::test() - iteration: 56 current EnergyIncr: 0.000912849 (max: 1e-06)
CTestEnergyIncr::test() - iteration: 57 current EnergyIncr: 1.19387e-06 (max: 1e-06)
CTestEnergyIncr::test() - iteration: 58 current EnergyIncr: 1.10776e-06 (max: 1e-06)
CTestEnergyIncr::test() - iteration: 59 current EnergyIncr: 1.20219e-05 (max: 1e-06)
CTestEnergyIncr::test() - iteration: 60 current EnergyIncr: 0.000767442 (max: 1e-06)
CTestEnergyIncr::test() - iteration: 61 current EnergyIncr: 1.19394e-06 (max: 1e-06)
CTestEnergyIncr::test() - iteration: 62 current EnergyIncr: 1.84645e-06 (max: 1e-06)
CTestEnergyIncr::test() - iteration: 63 current EnergyIncr: 5.62926e-06 (max: 1e-06)
CTestEnergyIncr::test() - iteration: 64 current EnergyIncr: 0.000732102 (max: 1e-06)
CTestEnergyIncr::test() - iteration: 65 current EnergyIncr: 1.19362e-06 (max: 1e-06)
CTestEnergyIncr::test() - iteration: 66 current EnergyIncr: 1.12994e-06 (max: 1e-06)
CTestEnergyIncr::test() - iteration: 67 current EnergyIncr: 1.15622e-06 (max: 1e-06)
CTestEnergyIncr::test() - iteration: 68 current EnergyIncr: 7.84534e-05 (max: 1e-06)
CTestEnergyIncr::test() - iteration: 69 current EnergyIncr: 1.1938e-06 (max: 1e-06)
CTestEnergyIncr::test() - iteration: 70 current EnergyIncr: 8.68784e-07 (max: 1e-06)

Step:95
desp:            95.00000000000000000000
CTestEnergyIncr::test() - iteration: 1 current EnergyIncr: 0.148249 (max: 1e-06)
CTestEnergyIncr::test() - iteration: 2 current EnergyIncr: 0.000226388 (max: 1e-06)
CTestEnergyIncr::test() - iteration: 3 current EnergyIncr: 9.88919e-06 (max: 1e-06)
CTestEnergyIncr::test() - iteration: 4 current EnergyIncr: 1.22912e-06 (max: 1e-06)
CTestEnergyIncr::test() - iteration: 5 current EnergyIncr: 1.18987e-06 (max: 1e-06)
CTestEnergyIncr::test() - iteration: 6 current EnergyIncr: 1.20683e-06 (max: 1e-06)
CTestEnergyIncr::test() - iteration: 7 current EnergyIncr: 1.17453e-06 (max: 1e-06)
CTestEnergyIncr::test() - iteration: 8 current EnergyIncr: 0.000306435 (max: 1e-06)
CTestEnergyIncr::test() - iteration: 9 current EnergyIncr: 1.19389e-06 (max: 1e-06)
CTestEnergyIncr::test() - iteration: 10 current EnergyIncr: 1.2183e-06 (max: 1e-06)
CTestEnergyIncr::test() - iteration: 11 current EnergyIncr: 7.28913e-06 (max: 1e-06)
CTestEnergyIncr::test() - iteration: 12 current EnergyIncr: 0.00050575 (max: 1e-06)
CTestEnergyIncr::test() - iteration: 13 current EnergyIncr: 1.19321e-06 (max: 1e-06)
CTestEnergyIncr::test() - iteration: 14 current EnergyIncr: 2.22631e-06 (max: 1e-06)
CTestEnergyIncr::test() - iteration: 15 current EnergyIncr: 0.000180138 (max: 1e-06)
CTestEnergyIncr::test() - iteration: 16 current EnergyIncr: 0.00185286 (max: 1e-06)
CTestEnergyIncr::test() - iteration: 17 current EnergyIncr: 1.19327e-06 (max: 1e-06)
CTestEnergyIncr::test() - iteration: 18 current EnergyIncr: 8.66529e-07 (max: 1e-06)

Step:96
desp:            96.00000000000000000000
CTestEnergyIncr::test() - iteration: 1 current EnergyIncr: 0.0247348 (max: 1e-06)
CTestEnergyIncr::test() - iteration: 2 current EnergyIncr: 0.000258265 (max: 1e-06)
CTestEnergyIncr::test() - iteration: 3 current EnergyIncr: 1.07798e-05 (max: 1e-06)
CTestEnergyIncr::test() - iteration: 4 current EnergyIncr: 1.33084e-06 (max: 1e-06)
CTestEnergyIncr::test() - iteration: 5 current EnergyIncr: 1.18982e-06 (max: 1e-06)
CTestEnergyIncr::test() - iteration: 6 current EnergyIncr: 1.14438e-06 (max: 1e-06)
CTestEnergyIncr::test() - iteration: 7 current EnergyIncr: 1.10461e-06 (max: 1e-06)
CTestEnergyIncr::test() - iteration: 8 current EnergyIncr: 3.5449e-06 (max: 1e-06)
CTestEnergyIncr::test() - iteration: 9 current EnergyIncr: 1.19195e-06 (max: 1e-06)
CTestEnergyIncr::test() - iteration: 10 current EnergyIncr: 5.92587e-07 (max: 1e-06)

Step:97
desp:            97.00000000000000000000
CTestEnergyIncr::test() - iteration: 1 current EnergyIncr: 0.00933033 (max: 1e-06)
CTestEnergyIncr::test() - iteration: 2 current EnergyIncr: 0.000283764 (max: 1e-06)
CTestEnergyIncr::test() - iteration: 3 current EnergyIncr: 1.02935e-05 (max: 1e-06)
CTestEnergyIncr::test() - iteration: 4 current EnergyIncr: 1.18614e-06 (max: 1e-06)
CTestEnergyIncr::test() - iteration: 5 current EnergyIncr: 1.19666e-06 (max: 1e-06)
CTestEnergyIncr::test() - iteration: 6 current EnergyIncr: 1.18027e-06 (max: 1e-06)
CTestEnergyIncr::test() - iteration: 7 current EnergyIncr: 1.199e-06 (max: 1e-06)
CTestEnergyIncr::test() - iteration: 8 current EnergyIncr: 0.000220533 (max: 1e-06)
CTestEnergyIncr::test() - iteration: 9 current EnergyIncr: 1.19025e-06 (max: 1e-06)
CTestEnergyIncr::test() - iteration: 10 current EnergyIncr: 1.28969e-06 (max: 1e-06)
CTestEnergyIncr::test() - iteration: 11 current EnergyIncr: 6.67378e-06 (max: 1e-06)
CTestEnergyIncr::test() - iteration: 12 current EnergyIncr: 0.00238541 (max: 1e-06)
CTestEnergyIncr::test() - iteration: 13 current EnergyIncr: 1.1903e-06 (max: 1e-06)
CTestEnergyIncr::test() - iteration: 14 current EnergyIncr: 2.02345e-06 (max: 1e-06)
CTestEnergyIncr::test() - iteration: 15 current EnergyIncr: 5.97191e-06 (max: 1e-06)
CTestEnergyIncr::test() - iteration: 16 current EnergyIncr: 0.00015217 (max: 1e-06)
CTestEnergyIncr::test() - iteration: 17 current EnergyIncr: 1.19022e-06 (max: 1e-06)
CTestEnergyIncr::test() - iteration: 18 current EnergyIncr: 1.91877e-06 (max: 1e-06)
CTestEnergyIncr::test() - iteration: 19 current EnergyIncr: 5.30832e-05 (max: 1e-06)
CTestEnergyIncr::test() - iteration: 20 current EnergyIncr: 0.00660252 (max: 1e-06)
CTestEnergyIncr::test() - iteration: 21 current EnergyIncr: 1.19022e-06 (max: 1e-06)
CTestEnergyIncr::test() - iteration: 22 current EnergyIncr: 1.04616e-06 (max: 1e-06)
CTestEnergyIncr::test() - iteration: 23 current EnergyIncr: 7.9582e-06 (max: 1e-06)
CTestEnergyIncr::test() - iteration: 24 current EnergyIncr: 0.000401842 (max: 1e-06)
CTestEnergyIncr::test() - iteration: 25 current EnergyIncr: 1.19033e-06 (max: 1e-06)
CTestEnergyIncr::test() - iteration: 26 current EnergyIncr: 1.21125e-06 (max: 1e-06)
CTestEnergyIncr::test() - iteration: 27 current EnergyIncr: 8.96931e-07 (max: 1e-06)

Step:98
desp:            98.00000000000000000000
CTestEnergyIncr::test() - iteration: 1 current EnergyIncr: 0.0608164 (max: 1e-06)
CTestEnergyIncr::test() - iteration: 2 current EnergyIncr: 0.00261739 (max: 1e-06)
CTestEnergyIncr::test() - iteration: 3 current EnergyIncr: 2.95195e-05 (max: 1e-06)
CTestEnergyIncr::test() - iteration: 4 current EnergyIncr: 1.94061e-06 (max: 1e-06)
CTestEnergyIncr::test() - iteration: 5 current EnergyIncr: 1.17798e-06 (max: 1e-06)
CTestEnergyIncr::test() - iteration: 6 current EnergyIncr: 1.13518e-06 (max: 1e-06)
CTestEnergyIncr::test() - iteration: 7 current EnergyIncr: 1.14311e-06 (max: 1e-06)
CTestEnergyIncr::test() - iteration: 8 current EnergyIncr: 3.80792e-06 (max: 1e-06)
CTestEnergyIncr::test() - iteration: 9 current EnergyIncr: 1.18827e-06 (max: 1e-06)
CTestEnergyIncr::test() - iteration: 10 current EnergyIncr: 1.70532e-06 (max: 1e-06)
CTestEnergyIncr::test() - iteration: 11 current EnergyIncr: 2.43218e-05 (max: 1e-06)
CTestEnergyIncr::test() - iteration: 12 current EnergyIncr: 0.000836231 (max: 1e-06)
CTestEnergyIncr::test() - iteration: 13 current EnergyIncr: 1.18828e-06 (max: 1e-06)
CTestEnergyIncr::test() - iteration: 14 current EnergyIncr: 2.82616e-06 (max: 1e-06)
CTestEnergyIncr::test() - iteration: 15 current EnergyIncr: 7.25087e-06 (max: 1e-06)
CTestEnergyIncr::test() - iteration: 16 current EnergyIncr: 0.00167361 (max: 1e-06)
CTestEnergyIncr::test() - iteration: 17 current EnergyIncr: 1.1887e-06 (max: 1e-06)
CTestEnergyIncr::test() - iteration: 18 current EnergyIncr: 1.16308e-06 (max: 1e-06)
CTestEnergyIncr::test() - iteration: 19 current EnergyIncr: 1.58775e-06 (max: 1e-06)
CTestEnergyIncr::test() - iteration: 20 current EnergyIncr: 0.00079057 (max: 1e-06)
CTestEnergyIncr::test() - iteration: 21 current EnergyIncr: 1.18816e-06 (max: 1e-06)
CTestEnergyIncr::test() - iteration: 22 current EnergyIncr: 1.1702e-06 (max: 1e-06)
CTestEnergyIncr::test() - iteration: 23 current EnergyIncr: 1.18268e-06 (max: 1e-06)
CTestEnergyIncr::test() - iteration: 24 current EnergyIncr: 0.000377332 (max: 1e-06)
CTestEnergyIncr::test() - iteration: 25 current EnergyIncr: 1.18807e-06 (max: 1e-06)
CTestEnergyIncr::test() - iteration: 26 current EnergyIncr: 1.15895e-06 (max: 1e-06)
CTestEnergyIncr::test() - iteration: 27 current EnergyIncr: 8.26602e-07 (max: 1e-06)

Step:99
desp:            99.00000000000000000000
CTestEnergyIncr::test() - iteration: 1 current EnergyIncr: 0.113771 (max: 1e-06)
CTestEnergyIncr::test() - iteration: 2 current EnergyIncr: 0.00129411 (max: 1e-06)
CTestEnergyIncr::test() - iteration: 3 current EnergyIncr: 9.96479e-06 (max: 1e-06)
CTestEnergyIncr::test() - iteration: 4 current EnergyIncr: 5.73566e-07 (max: 1e-06)

Step:100
desp:           100.00000000000000000000
Pushover analysis completed SUCCESSFULLY
WARNING need to specify a Recorder type
