-0.000157677 5.15033e-07 -1.96685e-06 1.91059e-08
-0.000157264 3.71294e-07 -2.03194e-06 2.99505e-08
-0.000156846 2.27266e-07 -2.09461e-06 5.33924e-08
-0.000156429 8.22592e-08 -2.15914e-06 6.71033e-08
-0.000156013 -6.25483e-08 -2.22379e-06 8.01982e-08
-0.000155595 -2.07026e-07 -2.28728e-06 9.94049e-08
-0.000155179 -3.51951e-07 -2.35156e-06 1.14408e-07
-0.000154765 -4.97014e-07 -2.4174e-06 1.21289e-07
-0.000154346 -6.41315e-07 -2.48001e-06 1.45062e-07
-0.000153928 -7.8614e-07 -2.54412e-06 1.61018e-07
-0.000153511 -9.30729e-07 -2.60799e-06 1.78161e-07
-0.000153095 -1.07562e-06 -2.6727e-06 1.90961e-07
-0.000152681 -1.22089e-06 -2.73816e-06 1.9986e-07
-0.000152261 -1.36496e-06 -2.80065e-06 2.24287e-07
-0.000151844 -1.50958e-06 -2.86459e-06 2.41108e-07
-0.000151427 -1.65426e-06 -2.92875e-06 2.56778e-07
-0.00015101 -1.79899e-06 -2.99275e-06 2.7326e-07
-0.000150595 -1.94398e-06 -3.05791e-06 2.83689e-07
-0.000150177 -2.08859e-06 -3.12138e-06 3.02986e-07
-0.000149761 -2.23351e-06 -3.18584e-06 3.17048e-07
-0.000149343 -2.37784e-06 -3.24926e-06 3.36618e-07
-0.000148927 -2.52308e-06 -3.31415e-06 3.48424e-07
-0.00014851 -2.66725e-06 -3.37763e-06 3.67622e-07
-0.000148093 -2.81204e-06 -3.44194e-06 3.82535e-07
-0.000147676 -2.95682e-06 -3.50616e-06 3.97875e-07
-0.00014726 -3.1018e-06 -3.57085e-06 4.10736e-07
-0.000146842 -3.24619e-06 -3.63416e-06 4.30882e-07
-0.000146426 -3.39123e-06 -3.69889e-06 4.43552e-07
-0.00014601 -3.53611e-06 -3.76349e-06 4.56911e-07
-0.000145592 -3.67968e-06 -3.82602e-06 4.81076e-07
-0.000145176 -3.82531e-06 -3.89155e-06 4.8957e-07
-0.000144758 -3.96907e-06 -3.95427e-06 5.12741e-07
-0.000144343 -4.11513e-06 -4.02028e-06 5.18721e-07
-0.000143924 -4.2589e-06 -4.08281e-06 5.42945e-07
-0.000143507 -4.40319e-06 -4.14627e-06 5.62245e-07
-0.000143091 -4.54874e-06 -4.21172e-06 5.71142e-07
-0.000142673 -4.69273e-06 -4.27472e-06 5.92824e-07
-0.000142256 -4.83722e-06 -4.33861e-06 6.09907e-07
-0.000141841 -4.98292e-06 -4.40442e-06 6.16915e-07
-0.000141425 -5.12775e-06 -4.469e-06 6.30394e-07
-0.000141007 -5.27233e-06 -4.53255e-06 6.49228e-07
-0.00014059 -5.41699e-06 -4.59643e-06 6.66369e-07
-0.000140173 -5.56137e-06 -4.66039e-06 6.83061e-07
-0.000139752 -5.70728e-06 -4.7239e-06 7.02166e-07
-0.00013934 -5.85085e-06 -4.78875e-06 7.14176e-07
-0.000138919 -5.99676e-06 -4.85226e-06 7.3328e-07
-0.000138505 -6.14003e-06 -4.91611e-06 7.50539e-07
-0.00013809 -6.28521e-06 -4.98133e-06 7.60684e-07
-0.000137673 -6.4295e-06 -5.04445e-06 7.81841e-07
-0.000137257 -6.57492e-06 -5.10945e-06 7.93176e-07
-0.000136843 -6.7194e-06 -5.17412e-06 8.06337e-07
-0.000136424 -6.86536e-06 -5.23768e-06 8.25393e-07
-0.000136014 -7.00896e-06 -5.30283e-06 8.36095e-07
-0.000135598 -7.1533e-06 -5.36581e-06 8.5832e-07
-0.000135183 -7.29782e-06 -5.42929e-06 8.78088e-07
-0.000134775 -7.44367e-06 -5.49609e-06 8.8063e-07
-0.000134364 -7.58783e-06 -5.5594e-06 9.01681e-07
-0.000133958 -7.73268e-06 -5.62459e-06 9.13189e-07
-0.000133551 -7.87738e-06 -5.68847e-06 9.31968e-07
-0.000133148 -8.02117e-06 -5.75165e-06 9.548e-07
-0.000132746 -8.16727e-06 -5.81568e-06 9.73902e-07
-0.000132359 -8.31171e-06 -5.88211e-06 9.81144e-07
-0.000131969 -8.45794e-06 -5.94647e-06 1.00025e-06
-0.000131596 -8.60212e-06 -6.01261e-06 1.01122e-06
-0.000131225 -8.74858e-06 -6.07751e-06 1.03032e-06
-0.000130876 -8.89286e-06 -6.14411e-06 1.04238e-06
-0.000130535 -9.03967e-06 -6.20981e-06 1.06149e-06
-0.000130222 -9.18416e-06 -6.27724e-06 1.07473e-06
-0.00012993 -9.33049e-06 -6.34517e-06 1.08901e-06
-0.000129665 -9.47823e-06 -6.41305e-06 1.10812e-06
-0.000129445 -9.6242e-06 -6.48381e-06 1.11758e-06
-0.000129263 -9.77163e-06 -6.55444e-06 1.13448e-06
-0.000129135 -9.91979e-06 -6.62661e-06 1.15142e-06
-0.000129066 -1.00701e-05 -6.70033e-06 1.17056e-06
-0.000129077 -1.02188e-05 -6.7771e-06 1.18427e-06
-0.000129174 -1.03701e-05 -6.8567e-06 1.19776e-06
-0.000129366 -1.05239e-05 -6.93831e-06 1.21695e-06
-0.000129673 -1.06769e-05 -7.0244e-06 1.23102e-06
-0.000130103 -1.08326e-05 -7.11376e-06 1.24962e-06
-0.000130666 -1.09904e-05 -7.2073e-06 1.27066e-06
-0.0001314 -1.11517e-05 -7.30929e-06 1.27847e-06
-0.000132278 -1.13152e-05 -7.41553e-06 1.2942e-06
-0.000133316 -1.14829e-05 -7.528e-06 1.31358e-06
-0.00013451 -1.16541e-05 -7.64795e-06 1.333e-06
-0.00013585 -1.18291e-05 -7.77588e-06 1.35248e-06
-0.000137322 -1.20031e-05 -7.91568e-06 1.3542e-06
-0.000138902 -1.21872e-05 -8.06274e-06 1.37382e-06
-0.000140531 -1.23726e-05 -8.21809e-06 1.39858e-06
-0.000142282 -1.25684e-05 -8.3919e-06 1.4073e-06
-0.000144053 -1.27715e-05 -8.57744e-06 1.42719e-06
-0.000145849 -1.29802e-05 -8.7801e-06 1.44037e-06
-0.000147664 -1.31991e-05 -8.9996e-06 1.46255e-06
-0.000149582 -1.34327e-05 -9.24685e-06 1.47158e-06
-0.000151568 -1.36771e-05 -9.51355e-06 1.49291e-06
-0.000153745 -1.39382e-05 -9.80826e-06 1.51357e-06
-0.000156189 -1.42132e-05 -1.01334e-05 1.52092e-06
-0.000158958 -1.45069e-05 -1.04837e-05 1.542e-06
-0.000162095 -1.48177e-05 -1.0862e-05 1.56331e-06
-0.000165549 -1.51419e-05 -1.12676e-05 1.57067e-06
-0.000169247 -1.54871e-05 -1.16981e-05 1.59246e-06
6
-0.000156189 -1.42132e-05 -1.01334e-05 1.52092e-06
-0.000158958 -1.45069e-05 -1.04837e-05 1.542e-06
-0.000162095 -1.48177e-05 -1.0862e-05 1.56331e-06
-0.000165549 -1.51419e-05 -1.12676e-05 1.57067e-06
-0.000169247 -1.54871e-05 -1.16981e-05 1.59246e-06
