1 249334 -6939.65 -7622.25 -87806.5 7.74768e+06 -5.93526e+06 -249334 6939.65 7622.25 87806.5 1.51191e+07 -1.48837e+07
2 248682 -6278.5 -7748.55 -137646 8.00406e+06 -4.2788e+06 -248682 6278.5 7748.55 137646 1.52416e+07 -1.45567e+07
3 248020 -5615.24 -7870.38 -245379 8.25094e+06 -2.61902e+06 -248020 5615.24 7870.38 245379 1.53602e+07 -1.42267e+07
4 247361 -4944.76 -7996.46 -308391 8.50514e+06 -947957 -247361 4944.76 7996.46 308391 1.54842e+07 -1.38863e+07
5 246704 -4275.75 -8122.63 -368572 8.7598e+06 720808 -246704 4275.75 8122.63 368572 1.56081e+07 -1.35481e+07
6 246043 -3609.17 -8246.33 -456842 9.00987e+06 2.38577e+06 -246043 3609.17 8246.33 456842 1.57291e+07 -1.32133e+07
7 245384 -2939.29 -8371.88 -525791 9.2631e+06 4.05589e+06 -245384 2939.29 8371.88 525791 1.58525e+07 -1.28738e+07
8 244730 -2268.39 -8500.53 -557418 9.52245e+06 5.7276e+06 -244730 2268.39 8500.53 557418 1.59791e+07 -1.25328e+07
9 244067 -1603.12 -8622.43 -666671 9.76909e+06 7.39053e+06 -244067 1603.12 8622.43 666671 1.60982e+07 -1.21999e+07
10 243407 -933.976 -8747.56 -740000 1.00216e+07 9.05951e+06 -243407 933.976 8747.56 740000 1.62211e+07 -1.18614e+07
11 242747 -266.581 -8872.09 -818786 1.02732e+07 1.07257e+07 -242747 266.581 8872.09 818786 1.63431e+07 -1.15255e+07
12 242090 403.024 -8998.43 -877614 1.05281e+07 1.23954e+07 -242090 -403.024 8998.43 877614 1.64672e+07 -1.11864e+07
13 241434 1075.49 -9126.53 -918511 1.0786e+07 1.40696e+07 -241434 -1075.49 9126.53 918511 1.65936e+07 -1.08431e+07
14 240771 1739.08 -9248.03 -1.03077e+06 1.10321e+07 1.57299e+07 -240771 -1739.08 9248.03 1.03077e+06 1.6712e+07 -1.05127e+07
15 240111 2406.65 -9372.69 -1.10808e+06 1.1284e+07 1.73964e+07 -240111 -2406.65 9372.69 1.10808e+06 1.68341e+07 -1.01765e+07
16 239452 3074.72 -9497.83 -1.18009e+06 1.15367e+07 1.90637e+07 -239452 -3074.72 9497.83 1.18009e+06 1.69568e+07 -9.83954e+06
17 238793 3743.16 -9622.7 -1.25584e+06 1.17888e+07 2.07316e+07 -238793 -3743.16 9622.7 1.25584e+06 1.70793e+07 -9.5021e+06
18 238136 4413.52 -9750 -1.30377e+06 1.20455e+07 2.24025e+07 -238136 -4413.52 9750 1.30377e+06 1.72045e+07 -9.16189e+06
19 237475 5081.07 -9873.75 -1.39245e+06 1.22955e+07 2.40689e+07 -237475 -5081.07 9873.75 1.39245e+06 1.73258e+07 -8.82573e+06
20 236817 5750.95 -9999.66 -1.45708e+06 1.25494e+07 2.57391e+07 -236817 -5750.95 9999.66 1.45708e+06 1.74495e+07 -8.48621e+06
21 236156 6416.44 -10123.1 -1.54702e+06 1.27992e+07 2.74023e+07 -236156 -6416.44 10123.1 1.54702e+06 1.75701e+07 -8.153e+06
22 235498 7088.61 -10250.1 -1.60128e+06 1.30549e+07 2.9076e+07 -235498 -7088.61 10250.1 1.60128e+06 1.76953e+07 -7.8102e+06
23 234838 7752.95 -10373.6 -1.68951e+06 1.33049e+07 3.07375e+07 -234838 -7752.95 10373.6 1.68951e+06 1.78158e+07 -7.47863e+06
24 234180 8421.85 -10499.1 -1.75804e+06 1.35582e+07 3.24061e+07 -234180 -8421.85 10499.1 1.75804e+06 1.79389e+07 -7.14052e+06
25 233520 9090.66 -10624.4 -1.82854e+06 1.38112e+07 3.40745e+07 -233520 -9090.66 10624.4 1.82854e+06 1.8062e+07 -6.80255e+06
26 232863 9760.88 -10750.8 -1.88765e+06 1.4066e+07 3.57452e+07 -232863 -9760.88 10750.8 1.88765e+06 1.81863e+07 -6.46254e+06
27 232201 10426.9 -10874.1 -1.98023e+06 1.43154e+07 3.74092e+07 -232201 -10426.9 10874.1 1.98023e+06 1.83068e+07 -6.12861e+06
28 231543 11097.6 -11000.6 -2.03846e+06 1.45704e+07 3.90806e+07 -231543 -11097.6 11000.6 2.03846e+06 1.84313e+07 -5.78792e+06
29 230885 11767.1 -11126.7 -2.09986e+06 1.48248e+07 4.07503e+07 -230885 -11767.1 11126.7 2.09986e+06 1.85553e+07 -5.44887e+06
30 230224 12427 -11248 -2.21091e+06 1.50712e+07 4.24047e+07 -230224 -12427 11248 2.21091e+06 1.86727e+07 -5.12376e+06
31 229567 13102.1 -11376.4 -2.24995e+06 1.53293e+07 4.4083e+07 -229567 -13102.1 11376.4 2.24995e+06 1.87999e+07 -4.77675e+06
32 228906 13763.4 -11498.1 -2.35644e+06 1.55764e+07 4.57397e+07 -228906 -13763.4 11498.1 2.35644e+06 1.89181e+07 -4.4496e+06
33 228249 14441.6 -11627.8 -2.38392e+06 1.58364e+07 4.74229e+07 -228249 -14441.6 11627.8 2.38392e+06 1.90471e+07 -4.09804e+06
34 227587 15102.9 -11749.2 -2.49525e+06 1.60827e+07 4.90796e+07 -227587 -15102.9 11749.2 2.49525e+06 1.91649e+07 -3.77082e+06
35 226927 15768.2 -11872.7 -2.58395e+06 1.63327e+07 5.07425e+07 -226927 -15768.2 11872.7 2.58395e+06 1.92855e+07 -3.438e+06
36 226270 16442.6 -12001 -2.62484e+06 1.65905e+07 5.24198e+07 -226270 -16442.6 12001 2.62484e+06 1.94124e+07 -3.09187e+06
37 225609 17105.6 -12123.4 -2.72448e+06 1.68387e+07 5.40791e+07 -225609 -17105.6 12123.4 2.72448e+06 1.95316e+07 -2.76227e+06
38 224950 17772.3 -12247.9 -2.80299e+06 1.70903e+07 5.57443e+07 -224950 -17772.3 12247.9 2.80299e+06 1.96534e+07 -2.4273e+06
39 224293 18447.9 -12377 -2.8352e+06 1.73496e+07 5.74233e+07 -224293 -18447.9 12377 2.8352e+06 1.97813e+07 -2.07965e+06
40 223635 19117.1 -12503 -2.89715e+06 1.76039e+07 5.90924e+07 -223635 -19117.1 12503 2.89715e+06 1.99052e+07 -1.7411e+06
41 222974 19784.4 -12627 -2.9837e+06 1.78543e+07 6.07584e+07 -222974 -19784.4 12627 2.9837e+06 2.00266e+07 -1.4053e+06
42 222314 20452.3 -12751.6 -3.06248e+06 1.81059e+07 6.24256e+07 -222314 -20452.3 12751.6 3.06248e+06 2.01488e+07 -1.06854e+06
43 221656 21118.2 -12876.1 -3.13919e+06 1.83578e+07 6.40893e+07 -221656 -21118.2 12876.1 3.13919e+06 2.02706e+07 -734843
44 220990 21795.3 -13000.9 -3.22699e+06 1.8608e+07 6.57708e+07 -220990 -21795.3 13000.9 3.22699e+06 2.03947e+07 -384948
45 220337 22455.2 -13126.6 -3.28219e+06 1.88634e+07 6.74253e+07 -220337 -22455.2 13126.6 3.28219e+06 2.05164e+07 -59776.5
46 219671 23132.3 -13251.3 -3.36999e+06 1.91135e+07 6.91067e+07 -219671 -23132.3 13251.3 3.36999e+06 2.06405e+07 290089
47 219016 23789.9 -13374.9 -3.4493e+06 1.9365e+07 7.07577e+07 -219016 -23789.9 13374.9 3.4493e+06 2.07598e+07 612083
48 218359 24461.6 -13502.5 -3.49593e+06 1.96219e+07 7.24307e+07 -218359 -24461.6 13502.5 3.49593e+06 2.08855e+07 954237
49 217697 25126.7 -13625.3 -3.59316e+06 1.98704e+07 7.40933e+07 -217697 -25126.7 13625.3 3.59316e+06 2.10056e+07 1.28687e+06
50 217039 25800.1 -13752.6 -3.64525e+06 2.01263e+07 7.5769e+07 -217039 -25800.1 13752.6 3.64525e+06 2.11313e+07 1.63148e+06
51 216382 26466.7 -13878.5 -3.70574e+06 2.03809e+07 7.74338e+07 -216382 -26466.7 13878.5 3.70574e+06 2.12547e+07 1.96621e+06
52 215716 27144 -14003.3 -3.79331e+06 2.06311e+07 7.91156e+07 -215716 -27144 14003.3 3.79331e+06 2.13789e+07 2.31643e+06
53 215064 27803.9 -14129.5 -3.8425e+06 2.08874e+07 8.077e+07 -215064 -27803.9 14129.5 3.8425e+06 2.15011e+07 2.64158e+06
54 214401 28469.2 -14252 -3.94464e+06 2.11351e+07 8.2433e+07 -214401 -28469.2 14252 3.94464e+06 2.16209e+07 2.97454e+06
55 213740 29135.7 -14375.5 -4.03549e+06 2.13847e+07 8.40978e+07 -213740 -29135.7 14375.5 4.03549e+06 2.17419e+07 3.30925e+06
56 213086 29811.9 -14506.3 -4.04717e+06 2.16471e+07 8.57777e+07 -213086 -29811.9 14506.3 4.04717e+06 2.18717e+07 3.65788e+06
57 212424 30475.5 -14629.1 -4.14392e+06 2.18957e+07 8.74379e+07 -212424 -30475.5 14629.1 4.14392e+06 2.19915e+07 3.98843e+06
58 211768 31144 -14755.9 -4.1968e+06 2.21514e+07 8.91058e+07 -211768 -31144 14755.9 4.1968e+06 2.21162e+07 4.32604e+06
59 211106 31811 -14879.8 -4.28311e+06 2.24015e+07 9.07715e+07 -211106 -31811 14879.8 4.28311e+06 2.22379e+07 4.66166e+06
60 210445 32471.2 -15001.6 -4.38804e+06 2.26486e+07 9.24262e+07 -210445 -32471.2 15001.6 4.38804e+06 2.23562e+07 4.98736e+06
61 209778 33147.9 -15126.2 -4.47583e+06 2.28983e+07 9.41068e+07 -209778 -33147.9 15126.2 4.47583e+06 2.24803e+07 5.33678e+06
62 209127 33811.8 -15254.1 -4.50911e+06 2.31569e+07 9.57674e+07 -209127 -33811.8 15254.1 4.50911e+06 2.26052e+07 5.66802e+06
63 208460 34488.3 -15378.6 -4.59691e+06 2.34065e+07 9.74476e+07 -208460 -34488.3 15378.6 4.59691e+06 2.27294e+07 6.01734e+06
64 207807 35148.9 -15504.7 -4.64733e+06 2.3662e+07 9.91027e+07 -207807 -35148.9 15504.7 4.64733e+06 2.28521e+07 6.34386e+06
65 207140 35825.2 -15629.2 -4.73514e+06 2.39112e+07 1.00782e+08 -207140 -35825.2 15629.2 4.73514e+06 2.29763e+07 6.69307e+06
66 206487 36484.1 -15754.6 -4.79055e+06 2.41654e+07 1.02435e+08 -206487 -36484.1 15754.6 4.79055e+06 2.30983e+07 7.01756e+06
67 205820 37160.1 -15878.8 -4.87836e+06 2.4414e+07 1.04114e+08 -205820 -37160.1 15878.8 4.87836e+06 2.32223e+07 7.36665e+06
68 205167 37817.1 -16003.4 -4.9392e+06 2.46668e+07 1.05763e+08 -205167 -37817.1 16003.4 4.9392e+06 2.33433e+07 7.68862e+06
69 204507 38485.1 -16128.4 -5.00482e+06 2.49183e+07 1.07429e+08 -204507 -38485.1 16128.4 5.00482e+06 2.3467e+07 8.0266e+06
70 203840 39160.5 -16252.2 -5.09268e+06 2.51655e+07 1.09106e+08 -203840 -39160.5 16252.2 5.09268e+06 2.3591e+07 8.37554e+06
71 203188 39819.1 -16377.7 -5.13612e+06 2.54194e+07 1.10757e+08 -203188 -39819.1 16377.7 5.13612e+06 2.37138e+07 8.70084e+06
72 202528 40484.1 -16500.9 -5.21381e+06 2.56668e+07 1.12417e+08 -202528 -40484.1 16500.9 5.21381e+06 2.38358e+07 9.03557e+06
73 201867 41149 -16623.7 -5.29164e+06 2.59133e+07 1.14076e+08 -201867 -41149 16623.7 5.29164e+06 2.39577e+07 9.37086e+06
74 201200 41823 -16746.1 -5.37964e+06 2.6157e+07 1.15749e+08 -201200 -41823 16746.1 5.37964e+06 2.40813e+07 9.71971e+06
75 200545 42478.2 -16868.1 -5.44264e+06 2.64029e+07 1.17392e+08 -200545 -42478.2 16868.1 5.44264e+06 2.42014e+07 1.00425e+07
76 199887 43142.7 -16990.6 -5.50463e+06 2.66475e+07 1.19049e+08 -199887 -43142.7 16990.6 5.50463e+06 2.43242e+07 1.03795e+07
77 199219 43814.8 -17110.8 -5.59281e+06 2.68856e+07 1.20716e+08 -199219 -43814.8 17110.8 5.59281e+06 2.44468e+07 1.07285e+07
78 198565 44468.5 -17230.5 -5.65751e+06 2.71256e+07 1.22353e+08 -198565 -44468.5 17230.5 5.65751e+06 2.4566e+07 1.10522e+07
79 197904 45128.2 -17348.1 -5.74296e+06 2.73592e+07 1.23998e+08 -197904 -45128.2 17348.1 5.74296e+06 2.46851e+07 1.1386e+07
80 197241 45786.7 -17463.5 -5.83964e+06 2.75879e+07 1.2564e+08 -197241 -45786.7 17463.5 5.83964e+06 2.48026e+07 1.17198e+07
81 196586 46450.4 -17582.9 -5.87557e+06 2.78226e+07 1.27288e+08 -196586 -46450.4 17582.9 5.87557e+06 2.49261e+07 1.20631e+07
82 195926 47109.5 -17697.5 -5.94786e+06 2.80475e+07 1.28927e+08 -195926 -47109.5 17697.5 5.94786e+06 2.50451e+07 1.24018e+07
83 195260 47775.6 -17809.8 -6.03689e+06 2.82651e+07 1.30574e+08 -195260 -47775.6 17809.8 6.03689e+06 2.51642e+07 1.2753e+07
84 194594 48440.4 -17920 -6.12617e+06 2.84776e+07 1.32216e+08 -194594 -48440.4 17920 6.12617e+06 2.52824e+07 1.3105e+07
85 193929 49103.8 -18027.6 -6.21568e+06 2.86836e+07 1.33854e+08 -193929 -49103.8 18027.6 6.21568e+06 2.53991e+07 1.3458e+07
86 193295 49730 -18136.5 -6.22361e+06 2.8898e+07 1.35429e+08 -193295 -49730 18136.5 6.22361e+06 2.55115e+07 1.37605e+07
87 192631 50390.2 -18239.1 -6.31374e+06 2.90913e+07 1.37055e+08 -192631 -50390.2 18239.1 6.31374e+06 2.56261e+07 1.41159e+07
88 191975 51025.2 -18335.2 -6.42755e+06 2.92744e+07 1.38637e+08 -191975 -51025.2 18335.2 6.42755e+06 2.57313e+07 1.44388e+07
89 191321 51679.7 -18435.1 -6.46764e+06 2.9459e+07 1.40244e+08 -191321 -51679.7 18435.1 6.46764e+06 2.58464e+07 1.47953e+07
90 190660 52333.2 -18527.3 -6.55905e+06 2.96257e+07 1.41844e+08 -190660 -52333.2 18527.3 6.55905e+06 2.59561e+07 1.51559e+07
91 190013 52966 -18616.1 -6.6196e+06 2.97867e+07 1.43405e+08 -190013 -52966 18616.1 6.6196e+06 2.60615e+07 1.5493e+07
92 189359 53599.7 -18697.2 -6.72155e+06 2.99287e+07 1.44961e+08 -189359 -53599.7 18697.2 6.72155e+06 2.61628e+07 1.58386e+07
93 188710 54240.5 -18777.7 -6.76306e+06 3.00638e+07 1.46517e+08 -188710 -54240.5 18777.7 6.76306e+06 2.62694e+07 1.62045e+07
94 188059 54868.9 -18847.5 -6.86109e+06 3.01755e+07 1.48045e+08 -188059 -54868.9 18847.5 6.86109e+06 2.63669e+07 1.65616e+07
95 187405 55500.5 -18911.2 -6.95604e+06 3.02695e+07 1.49566e+08 -187405 -55500.5 18911.2 6.95604e+06 2.6464e+07 1.69352e+07
96 186771 56112.4 -18971.7 -6.9898e+06 3.03557e+07 1.51045e+08 -186771 -56112.4 18971.7 6.9898e+06 2.65593e+07 1.72922e+07
97 186122 56732.2 -19021.2 -7.08668e+06 3.04133e+07 1.52523e+08 -186122 -56732.2 19021.2 7.08668e+06 2.66502e+07 1.76733e+07
98 185477 57346.2 -19063.9 -7.1846e+06 3.04533e+07 1.5398e+08 -185477 -57346.2 19063.9 7.1846e+06 2.67384e+07 1.80589e+07
99 184854 57935.6 -19103.1 -7.21842e+06 3.04864e+07 1.55386e+08 -184854 -57935.6 19103.1 7.21842e+06 2.68228e+07 1.84212e+07
100 184213 58539.8 -19131.9 -7.31857e+06 3.0491e+07 1.56801e+08 -184213 -58539.8 19131.9 7.31857e+06 2.69047e+07 1.88183e+07
e+07 1.69352e+07
96 186771 56112.4 -18971.7 -6.9898e+06 3.03557e+07 1.51045e+08 -186771 -56112.4 18971.7 6.9898e+06 2.65593e+07 1.72922e+07
97 186122 56732.2 -19021.2 -7.08668e+06 3.04133e+07 1.52523e+08 -186122 -56732.2 19021.2 7.08668e+06 2.66502e+07 1.76733e+07
98 185477 57346.2 -19063.9 -7.1846e+06 3.04533e+07 1.5398e+08 -185477 -57346.2 19063.9 7.1846e+06 2.67384e+07 1.80589e+07
99 184854 57935.6 -19103.1 -7.21842e+06 3.04864e+07 1.55386e+08 -184854 -57935.6 19103.1 7.21842e+06 2.68228e+07 1.84212e+07
100 184213 58539.8 -19131.9 -7.31857e+06 3.0491e+07 1.56801e+08 -184213 -58539.8 19131.9 7.31857e+06 2.69047e+07 1.88183e+07
