-249334 5.93526e+06 -7.74768e+06 87806.5
-248682 4.2788e+06 -8.00406e+06 137646
-248020 2.61902e+06 -8.25094e+06 245379
-247361 947957 -8.50514e+06 308391
-246704 -720808 -8.7598e+06 368572
-246043 -2.38577e+06 -9.00987e+06 456842
-245384 -4.05589e+06 -9.2631e+06 525791
-244730 -5.7276e+06 -9.52245e+06 557418
-244067 -7.39053e+06 -9.76909e+06 666671
-243407 -9.05951e+06 -1.00216e+07 740000
-242747 -1.07257e+07 -1.02732e+07 818786
-242090 -1.23954e+07 -1.05281e+07 877614
-241434 -1.40696e+07 -1.0786e+07 918511
-240771 -1.57299e+07 -1.10321e+07 1.03077e+06
-240111 -1.73964e+07 -1.1284e+07 1.10808e+06
-239452 -1.90637e+07 -1.15367e+07 1.18009e+06
-238793 -2.07316e+07 -1.17888e+07 1.25584e+06
-238136 -2.24025e+07 -1.20455e+07 1.30377e+06
-237475 -2.40689e+07 -1.22955e+07 1.39245e+06
-236817 -2.57391e+07 -1.25494e+07 1.45708e+06
-236156 -2.74023e+07 -1.27992e+07 1.54702e+06
-235498 -2.9076e+07 -1.30549e+07 1.60128e+06
-234838 -3.07375e+07 -1.33049e+07 1.68951e+06
-234180 -3.24061e+07 -1.35582e+07 1.75804e+06
-233520 -3.40745e+07 -1.38112e+07 1.82854e+06
-232863 -3.57452e+07 -1.4066e+07 1.88765e+06
-232201 -3.74092e+07 -1.43154e+07 1.98023e+06
-231543 -3.90806e+07 -1.45704e+07 2.03846e+06
-230885 -4.07503e+07 -1.48248e+07 2.09986e+06
-230224 -4.24047e+07 -1.50712e+07 2.21091e+06
-229567 -4.4083e+07 -1.53293e+07 2.24995e+06
-228906 -4.57397e+07 -1.55764e+07 2.35644e+06
-228249 -4.74229e+07 -1.58364e+07 2.38392e+06
-227587 -4.90796e+07 -1.60827e+07 2.49525e+06
-226927 -5.07425e+07 -1.63327e+07 2.58395e+06
-226270 -5.24198e+07 -1.65905e+07 2.62484e+06
-225609 -5.40791e+07 -1.68387e+07 2.72448e+06
-224950 -5.57443e+07 -1.70903e+07 2.80299e+06
-224293 -5.74233e+07 -1.73496e+07 2.8352e+06
-223635 -5.90924e+07 -1.76039e+07 2.89715e+06
-222974 -6.07584e+07 -1.78543e+07 2.9837e+06
-222314 -6.24256e+07 -1.81059e+07 3.06248e+06
-221656 -6.40893e+07 -1.83578e+07 3.13919e+06
-220990 -6.57708e+07 -1.8608e+07 3.22699e+06
-220337 -6.74253e+07 -1.88634e+07 3.28219e+06
-219671 -6.91067e+07 -1.91135e+07 3.36999e+06
-219016 -7.07577e+07 -1.9365e+07 3.4493e+06
-218359 -7.24307e+07 -1.96219e+07 3.49593e+06
-217697 -7.40933e+07 -1.98704e+07 3.59316e+06
-217039 -7.5769e+07 -2.01263e+07 3.64525e+06
-216382 -7.74338e+07 -2.03809e+07 3.70574e+06
-215716 -7.91156e+07 -2.06311e+07 3.79331e+06
-215064 -8.077e+07 -2.08874e+07 3.8425e+06
-214401 -8.2433e+07 -2.11351e+07 3.94464e+06
-213740 -8.40978e+07 -2.13847e+07 4.03549e+06
-213086 -8.57777e+07 -2.16471e+07 4.04717e+06
-212424 -8.74379e+07 -2.18957e+07 4.14392e+06
-211768 -8.91058e+07 -2.21514e+07 4.1968e+06
-211106 -9.07715e+07 -2.24015e+07 4.28311e+06
-210445 -9.24262e+07 -2.26486e+07 4.38804e+06
-209778 -9.41068e+07 -2.28983e+07 4.47583e+06
-209127 -9.57674e+07 -2.31569e+07 4.50911e+06
-208460 -9.74476e+07 -2.34065e+07 4.59691e+06
-207807 -9.91027e+07 -2.3662e+07 4.64733e+06
-207140 -1.00782e+08 -2.39112e+07 4.73514e+06
-206487 -1.02435e+08 -2.41654e+07 4.79055e+06
-205820 -1.04114e+08 -2.4414e+07 4.87836e+06
-205167 -1.05763e+08 -2.46668e+07 4.9392e+06
-204507 -1.07429e+08 -2.49183e+07 5.00482e+06
-203840 -1.09106e+08 -2.51655e+07 5.09268e+06
-203188 -1.10757e+08 -2.54194e+07 5.13612e+06
-202528 -1.12417e+08 -2.56668e+07 5.21381e+06
-201867 -1.14076e+08 -2.59133e+07 5.29164e+06
-201200 -1.15749e+08 -2.6157e+07 5.37964e+06
-200545 -1.17392e+08 -2.64029e+07 5.44264e+06
-199887 -1.19049e+08 -2.66475e+07 5.50463e+06
-199219 -1.20716e+08 -2.68856e+07 5.59281e+06
-198565 -1.22353e+08 -2.71256e+07 5.65751e+06
-197904 -1.23998e+08 -2.73592e+07 5.74296e+06
-197241 -1.2564e+08 -2.75879e+07 5.83964e+06
-196586 -1.27288e+08 -2.78226e+07 5.87557e+06
-195926 -1.28927e+08 -2.80475e+07 5.94786e+06
-195260 -1.30574e+08 -2.82651e+07 6.03689e+06
-194594 -1.32216e+08 -2.84776e+07 6.12617e+06
-193929 -1.33854e+08 -2.86836e+07 6.21568e+06
-193295 -1.35429e+08 -2.8898e+07 6.22361e+06
-192631 -1.37055e+08 -2.90913e+07 6.31374e+06
-191975 -1.38637e+08 -2.92744e+07 6.42755e+06
-191321 -1.40244e+08 -2.9459e+07 6.46764e+06
-190660 -1.41844e+08 -2.96257e+07 6.55905e+06
-190013 -1.43405e+08 -2.97867e+07 6.6196e+06
-189359 -1.44961e+08 -2.99287e+07 6.72155e+06
-188710 -1.46517e+08 -3.00638e+07 6.76306e+06
-188059 -1.48045e+08 -3.01755e+07 6.86109e+06
-187405 -1.49566e+08 -3.02695e+07 6.95604e+06
-186771 -1.51045e+08 -3.03557e+07 6.9898e+06
-186122 -1.52523e+08 -3.04133e+07 7.08668e+06
-185477 -1.5398e+08 -3.04533e+07 7.1846e+06
-184854 -1.55386e+08 -3.04864e+07 7.21842e+06
-184213 -1.56801e+08 -3.0491e+07 7.31857e+06
06
-186771 -1.51045e+08 -3.03557e+07 6.9898e+06
-186122 -1.52523e+08 -3.04133e+07 7.08668e+06
-185477 -1.5398e+08 -3.04533e+07 7.1846e+06
-184854 -1.55386e+08 -3.04864e+07 7.21842e+06
-184213 -1.56801e+08 -3.0491e+07 7.31857e+06
