1 -3.51472e-05 -5.45347e-07 -1.95823e-08 5.1389e-23
2 -3.3816e-05 -1.09749e-06 -1.95823e-08 6.3397e-23
3 -3.24848e-05 -1.64964e-06 -1.95823e-08 2.97567e-23
4 -3.11536e-05 -2.20179e-06 -1.95823e-08 8.45853e-24
5 -2.98224e-05 -2.75394e-06 -1.95823e-08 -2.43665e-23
6 -2.84912e-05 -3.30608e-06 -1.95823e-08 -1.24814e-22
7 -2.716e-05 -3.85823e-06 -1.95823e-08 -1.35656e-22
8 -2.58288e-05 -4.41038e-06 -1.95823e-08 -5.26379e-23
9 -2.44976e-05 -4.96252e-06 -1.95823e-08 -2.72963e-23
10 -2.31664e-05 -5.51467e-06 -1.95823e-08 -2.3662e-22
11 -2.18352e-05 -6.06682e-06 -1.95823e-08 -3.33663e-22
12 -2.05041e-05 -6.61897e-06 -1.95823e-08 -1.60734e-22
13 -1.91729e-05 -7.17111e-06 -1.95823e-08 -2.39641e-22
14 -1.78417e-05 -7.72326e-06 -1.95823e-08 -6.49206e-23
15 -1.65105e-05 -8.27541e-06 -1.95823e-08 -6.62064e-22
16 -1.51793e-05 -8.82756e-06 -1.95823e-08 -5.01594e-22
17 -1.38481e-05 -9.3797e-06 -1.95824e-08 -3.13711e-22
18 -1.2517e-05 -9.93186e-06 -1.95825e-08 -1.8033e-22
19 -1.11859e-05 -1.0484e-05 -1.95829e-08 -1.45181e-22
20 -9.85478e-06 -1.10362e-05 -1.9584e-08 -1.6155e-22
21 -8.52374e-06 -1.15884e-05 -1.95866e-08 -2.51028e-22
22 -7.1926e-06 -1.21408e-05 -1.95924e-08 -1.29457e-22
23 -5.86089e-06 -1.26935e-05 -1.96054e-08 -1.91749e-22
24 -4.52726e-06 -1.32468e-05 -1.96334e-08 -1.87932e-22
25 -3.18832e-06 -1.38014e-05 -1.96918e-08 -5.10443e-22
26 -1.83619e-06 -1.43587e-05 -1.98104e-08 -8.46354e-23
27 -4.53503e-07 -1.49212e-05 -2.00458e-08 3.43777e-22
28 9.96554e-07 -1.54938e-05 -2.05042e-08 -5.28342e-23
29 2.59021e-06 -1.60855e-05 -2.13843e-08 -5.81685e-23
30 4.48496e-06 -1.6713e-05 -2.30657e-08 6.3038e-23
31 7.01605e-06 -1.74073e-05 -2.63128e-08 -1.56141e-22
32 1.09615e-05 -1.82279e-05 -3.28666e-08 1.63318e-22
33 1.83364e-05 -1.92981e-05 -4.72981e-08 1.88927e-22
34 3.23335e-05 -2.08481e-05 -7.63117e-08 -2.59972e-22
35 4.77835e-05 -2.2963e-05 -1.01667e-07 -9.24733e-22
36 6.52506e-05 -2.54008e-05 -1.08666e-07 -8.18976e-22
37 9.68318e-05 -2.81019e-05 -1.09873e-07 -1.6066e-21
38 0.000126174 -3.09997e-05 -1.10088e-07 -1.87771e-21
39 0.000143643 -3.39811e-05 -1.1013e-07 -1.18931e-21
40 0.000156727 -3.69849e-05 -1.10142e-07 -2.63638e-22
41 0.000168866 -3.99919e-05 -1.10148e-07 2.82756e-22
42 0.000180792 -4.29982e-05 -1.10154e-07 1.0667e-21
43 0.000192682 -4.60039e-05 -1.1016e-07 5.25331e-22
44 0.000204629 -4.90095e-05 -1.10166e-07 6.21626e-22
45 0.000216766 -5.20154e-05 -1.10172e-07 -1.74027e-21
46 0.000229422 -5.50219e-05 -1.10179e-07 -1.15606e-21
47 0.000243408 -5.80301e-05 -1.10188e-07 -5.95534e-22
48 0.000260642 -6.10427e-05 -1.10199e-07 9.17425e-22
49 0.000285362 -6.40654e-05 -1.10215e-07 -6.21084e-22
50 0.000325353 -6.71086e-05 -1.10234e-07 -3.1697e-23
51 0.000387663 -7.01818e-05 -1.10247e-07 -4.78374e-22
52 0.000467321 -7.32783e-05 -1.10253e-07 -8.59723e-22
53 0.00055387 -7.63841e-05 -1.10254e-07 -1.59231e-21
54 0.000642324 -7.94924e-05 -1.10255e-07 -1.68645e-22
55 0.00073127 -8.26014e-05 -1.10255e-07 -1.17821e-21
56 0.00082035 -8.57105e-05 -1.10255e-07 -2.44456e-21
57 0.000909468 -8.88197e-05 -1.10255e-07 -6.87305e-22
58 0.000998599 -9.19289e-05 -1.10255e-07 -6.32678e-22
59 0.00108773 -9.50382e-05 -1.10255e-07 -4.68028e-22
60 0.00117687 -9.81474e-05 -1.10255e-07 8.20695e-22
61 0.00126601 -0.000101257 -1.10255e-07 -9.5485e-23
62 0.00135514 -0.000104366 -1.10255e-07 -1.6464e-21
63 0.00144428 -0.000107475 -1.10256e-07 -1.53526e-21
64 0.00153342 -0.000110584 -1.10256e-07 -8.13994e-22
65 0.00162255 -0.000113694 -1.10256e-07 -5.08543e-22
66 0.00171169 -0.000116803 -1.10257e-07 -7.28317e-22
67 0.00180083 -0.000119912 -1.10257e-07 -2.21893e-21
68 0.00188996 -0.000123021 -1.10258e-07 -2.01127e-21
69 0.0019791 -0.000126131 -1.10259e-07 -2.15984e-21
70 0.00206824 -0.00012924 -1.1026e-07 -3.26597e-21
71 0.00215737 -0.000132349 -1.10262e-07 -1.58761e-21
72 0.00224651 -0.000135458 -1.10264e-07 -3.70225e-21
73 0.00233564 -0.000138568 -1.10267e-07 -3.26515e-21
74 0.00242478 -0.000141677 -1.10271e-07 -9.53578e-22
75 0.00251391 -0.000144786 -1.10275e-07 -1.38803e-21
76 0.00260304 -0.000147895 -1.10281e-07 -4.43174e-21
77 0.00269217 -0.000151005 -1.10289e-07 -2.04379e-21
78 0.0027813 -0.000154114 -1.10299e-07 -2.97951e-21
79 0.00287043 -0.000157223 -1.10312e-07 -2.24728e-21
80 0.00295955 -0.000160333 -1.10328e-07 -3.85016e-21
81 0.00304867 -0.000163442 -1.10348e-07 -4.21866e-21
82 0.00313778 -0.000166552 -1.10375e-07 -5.14156e-21
83 0.00322689 -0.000169661 -1.10408e-07 -4.35745e-21
84 0.00331599 -0.000172771 -1.10449e-07 -5.62209e-21
85 0.00340508 -0.00017588 -1.10502e-07 -2.57802e-21
86 0.00349415 -0.00017899 -1.10569e-07 -4.4896e-21
87 0.00358322 -0.0001821 -1.10654e-07 -5.23456e-21
88 0.00367226 -0.00018521 -1.10761e-07 -7.02598e-21
89 0.00376127 -0.000188321 -1.10897e-07 -8.33796e-21
90 0.00385026 -0.000191432 -1.1107e-07 -7.65757e-21
91 0.0039392 -0.000194543 -1.11293e-07 -8.77174e-21
92 0.00402808 -0.000197655 -1.11581e-07 -7.67801e-21
93 0.00411689 -0.000200767 -1.11959e-07 -5.51425e-21
94 0.00420559 -0.000203881 -1.12462e-07 -7.72847e-21
95 0.00429414 -0.000206996 -1.13149e-07 -3.27628e-21
96 0.00438248 -0.000210112 -1.14113e-07 -2.75156e-21
97 0.00447052 -0.000213232 -1.15511e-07 -8.63742e-21
98 0.00455819 -0.000216355 -1.17612e-07 -4.17184e-21
99 0.00464545 -0.000219483 -1.20849e-07 -5.83943e-21
100 0.00473215 -0.000222617 -1.25888e-07 -2.59201e-21
101 0.004818 -0.000225759 -1.33735e-07 -5.23013e-21