-7.88482e-05 2.92292e-06 -7.78156e-06 2.82628e-08
-7.86507e-05 2.84668e-06 -7.841e-06 2.7123e-08
-7.84504e-05 2.77069e-06 -7.89768e-06 4.20341e-08
-7.82513e-05 2.69552e-06 -7.95424e-06 5.58357e-08
-7.80526e-05 2.62018e-06 -8.01129e-06 6.71036e-08
-7.78528e-05 2.54457e-06 -8.06786e-06 8.17736e-08
-7.76536e-05 2.46933e-06 -8.12434e-06 9.61981e-08
-7.7456e-05 2.39421e-06 -8.18199e-06 1.03347e-07
-7.72554e-05 2.31845e-06 -8.23808e-06 1.21225e-07
-7.7056e-05 2.24313e-06 -8.29458e-06 1.35735e-07
-7.68566e-05 2.16761e-06 -8.35131e-06 1.4925e-07
-7.66579e-05 2.09234e-06 -8.40825e-06 1.60998e-07
-7.64596e-05 2.0174e-06 -8.46508e-06 1.72508e-07
-7.62591e-05 1.94145e-06 -8.52149e-06 1.88905e-07
-7.60597e-05 1.86595e-06 -8.57823e-06 2.02315e-07
-7.58605e-05 1.79051e-06 -8.63505e-06 2.1513e-07
-7.56611e-05 1.7151e-06 -8.69164e-06 2.2929e-07
-7.54628e-05 1.63992e-06 -8.74879e-06 2.39535e-07
-7.52629e-05 1.56442e-06 -8.80508e-06 2.55583e-07
-7.50639e-05 1.48919e-06 -8.86171e-06 2.69058e-07
-7.48641e-05 1.41345e-06 -8.9185e-06 2.82729e-07
-7.46654e-05 1.33847e-06 -8.97495e-06 2.96727e-07
-7.44658e-05 1.26261e-06 -9.03209e-06 3.08544e-07
-7.42667e-05 1.18726e-06 -9.08882e-06 3.21647e-07
-7.40675e-05 1.1119e-06 -9.14549e-06 3.35112e-07
-7.38687e-05 1.0367e-06 -9.20224e-06 3.47784e-07
-7.36687e-05 9.61023e-07 -9.25878e-06 3.62746e-07
-7.34699e-05 8.85881e-07 -9.31545e-06 3.75775e-07
-7.3271e-05 8.10609e-07 -9.37227e-06 3.8813e-07
-7.30709e-05 7.34225e-07 -9.42967e-06 3.99462e-07
-7.28725e-05 6.59588e-07 -9.48593e-06 4.13744e-07
-7.26724e-05 5.83366e-07 -9.54314e-06 4.25852e-07
-7.24742e-05 5.09093e-07 -9.59902e-06 4.41599e-07
-7.22739e-05 4.32877e-07 -9.65602e-06 4.54907e-07
-7.20742e-05 3.57108e-07 -9.7129e-06 4.67961e-07
-7.18757e-05 2.824e-07 -9.76925e-06 4.81891e-07
-7.16758e-05 2.06374e-07 -9.82627e-06 4.94623e-07
-7.14764e-05 1.30775e-07 -9.88315e-06 5.07251e-07
-7.12782e-05 5.6189e-08 -9.93954e-06 5.20584e-07
-7.10793e-05 -1.91216e-08 -9.99638e-06 5.32732e-07
-7.08795e-05 -9.46524e-08 -1.00528e-05 5.48084e-07
-7.068e-05 -1.70107e-07 -1.01093e-05 5.62478e-07
-7.04808e-05 -2.45806e-07 -1.01664e-05 5.73634e-07
-7.028e-05 -3.20211e-07 -1.02202e-05 6.01896e-07
-7.00822e-05 -3.96593e-07 -1.02797e-05 6.00367e-07
-6.98814e-05 -4.71e-07 -1.03335e-05 6.28629e-07
-6.96828e-05 -5.47637e-07 -1.03927e-05 6.29728e-07
-6.94843e-05 -6.22661e-07 -1.04494e-05 6.41577e-07
-6.92842e-05 -6.98445e-07 -1.05059e-05 6.56618e-07
-6.90853e-05 -7.73276e-07 -1.0562e-05 6.71762e-07
-6.88867e-05 -8.48892e-07 -1.06195e-05 6.80314e-07
-6.86858e-05 -9.2327e-07 -1.06732e-05 7.08955e-07
-6.84883e-05 -9.99656e-07 -1.07329e-05 7.05965e-07
-6.82879e-05 -1.07541e-06 -1.07891e-05 7.22563e-07
-6.80879e-05 -1.15103e-06 -1.08453e-05 7.38106e-07
-6.78905e-05 -1.22554e-06 -1.09022e-05 7.47867e-07
-6.76904e-05 -1.30149e-06 -1.09589e-05 7.61207e-07
-6.74919e-05 -1.37687e-06 -1.1016e-05 7.70977e-07
-6.7292e-05 -1.45241e-06 -1.10721e-05 7.86621e-07
-6.70919e-05 -1.52875e-06 -1.11294e-05 7.97561e-07
-6.68911e-05 -1.60319e-06 -1.1183e-05 8.2582e-07
-6.66939e-05 -1.67908e-06 -1.1242e-05 8.25222e-07
-6.6493e-05 -1.75353e-06 -1.12956e-05 8.53481e-07
-6.62954e-05 -1.8298e-06 -1.13546e-05 8.52799e-07
-6.60946e-05 -1.90426e-06 -1.14082e-05 8.81056e-07
-6.5897e-05 -1.98069e-06 -1.14674e-05 8.79847e-07
-6.56963e-05 -2.05515e-06 -1.15209e-05 9.08104e-07
-6.54987e-05 -2.13178e-06 -1.15803e-05 9.05794e-07
-6.52999e-05 -2.20712e-06 -1.16366e-05 9.19242e-07
-6.50995e-05 -2.28159e-06 -1.169e-05 9.47493e-07
-6.49028e-05 -2.35794e-06 -1.17494e-05 9.4443e-07
-6.47041e-05 -2.43353e-06 -1.18057e-05 9.57998e-07
-6.45056e-05 -2.50907e-06 -1.18619e-05 9.72015e-07
-6.4306e-05 -2.58352e-06 -1.19154e-05 1.00026e-06
-6.41095e-05 -2.66005e-06 -1.19744e-05 9.99579e-07
-6.39124e-05 -2.73543e-06 -1.2031e-05 1.01124e-06
-6.37138e-05 -2.80983e-06 -1.20844e-05 1.03947e-06
-6.35186e-05 -2.88625e-06 -1.21434e-05 1.0395e-06
-6.33223e-05 -2.96184e-06 -1.21999e-05 1.05314e-06
-6.31262e-05 -3.03741e-06 -1.2256e-05 1.06901e-06
-6.2933e-05 -3.1122e-06 -1.23128e-05 1.0793e-06
-6.27395e-05 -3.18732e-06 -1.23693e-05 1.09327e-06
-6.25454e-05 -3.26141e-06 -1.24231e-05 1.12142e-06
-6.23525e-05 -3.3354e-06 -1.24771e-05 1.14957e-06
-6.21608e-05 -3.40927e-06 -1.2531e-05 1.1777e-06
-6.19793e-05 -3.48716e-06 -1.25978e-05 1.14049e-06
-6.17914e-05 -3.56074e-06 -1.26521e-05 1.16855e-06
-6.16076e-05 -3.63688e-06 -1.27118e-05 1.17178e-06
-6.14271e-05 -3.71024e-06 -1.27689e-05 1.18626e-06
-6.12467e-05 -3.7832e-06 -1.28239e-05 1.21422e-06
-6.10739e-05 -3.85797e-06 -1.28851e-05 1.21208e-06
-6.09021e-05 -3.93194e-06 -1.29438e-05 1.22506e-06
-6.07359e-05 -4.00414e-06 -1.30022e-05 1.23953e-06
-6.0573e-05 -4.07693e-06 -1.30609e-05 1.25647e-06
-6.0414e-05 -4.14824e-06 -1.3118e-05 1.28414e-06
-6.02674e-05 -4.22074e-06 -1.31817e-05 1.27964e-06
-6.01211e-05 -4.29112e-06 -1.32398e-05 1.30713e-06
-5.99822e-05 -4.36097e-06 -1.32986e-05 1.33454e-06
-5.98605e-05 -4.43263e-06 -1.33657e-05 1.32138e-06
-5.97385e-05 -4.50126e-06 -1.34256e-05 1.34858e-06
-05 -4.22074e-06 -1.31817e-05 1.27964e-06
-6.01211e-05 -4.29112e-06 -1.32398e-05 1.30713e-06
-5.99822e-05 -4.36097e-06 -1.32986e-05 1.33454e-06
-5.98605e-05 -4.43263e-06 -1.33657e-05 1.32138e-06
-5.97385e-05 -4.50126e-06 -1.34256e-05 1.34858e-06
