-124683 3.36838e+07 -3.06526e+07 129889
-124370 3.28052e+07 -3.08867e+07 124651
-124053 3.19295e+07 -3.11099e+07 193179
-123739 3.10632e+07 -3.13327e+07 256608
-123424 3.0195e+07 -3.15575e+07 308392
-123109 2.93237e+07 -3.17803e+07 375813
-122794 2.84566e+07 -3.20028e+07 442104
-122481 2.7591e+07 -3.22299e+07 474959
-122164 2.67179e+07 -3.24508e+07 557120
-121849 2.58499e+07 -3.26734e+07 623807
-121533 2.49796e+07 -3.28969e+07 685920
-121219 2.41122e+07 -3.31211e+07 739912
-120905 2.32486e+07 -3.3345e+07 792806
-120588 2.23733e+07 -3.35672e+07 868165
-120273 2.15032e+07 -3.37907e+07 929792
-119958 2.06338e+07 -3.40146e+07 988690
-119643 1.97649e+07 -3.42374e+07 1.05377e+06
-119329 1.88985e+07 -3.44626e+07 1.10085e+06
-119013 1.80284e+07 -3.46843e+07 1.1746e+06
-118698 1.71614e+07 -3.49074e+07 1.23653e+06
-118383 1.62886e+07 -3.51311e+07 1.29936e+06
-118068 1.54246e+07 -3.53534e+07 1.36369e+06
-117753 1.45503e+07 -3.55785e+07 1.418e+06
-117438 1.3682e+07 -3.5802e+07 1.47821e+06
-117123 1.28135e+07 -3.60253e+07 1.5401e+06
-116808 1.1947e+07 -3.62488e+07 1.59833e+06
-116492 1.10748e+07 -3.64715e+07 1.6671e+06
-116178 1.02089e+07 -3.66947e+07 1.72698e+06
-115863 9.34147e+06 -3.69185e+07 1.78376e+06
-115547 8.46122e+06 -3.71446e+07 1.83584e+06
-115233 7.60109e+06 -3.73663e+07 1.90147e+06
-114917 6.72272e+06 -3.75916e+07 1.95712e+06
-114603 5.86678e+06 -3.78117e+07 2.02949e+06
-114287 4.98848e+06 -3.80363e+07 2.09065e+06
-113971 4.1153e+06 -3.82604e+07 2.15064e+06
-113657 3.25437e+06 -3.84823e+07 2.21466e+06
-113341 2.37824e+06 -3.87069e+07 2.27317e+06
-113025 1.50705e+06 -3.8931e+07 2.33121e+06
-112712 647511 -3.91531e+07 2.39248e+06
-112398 -220371 -3.9377e+07 2.44831e+06
-112082 -1.09079e+06 -3.95991e+07 2.51887e+06
-111766 -1.96033e+06 -3.98217e+07 2.58502e+06
-111451 -2.83269e+06 -4.00468e+07 2.63629e+06
-111134 -3.69013e+06 -4.02587e+07 2.76618e+06
-110821 -4.57036e+06 -4.04931e+07 2.75915e+06
-110503 -5.42783e+06 -4.0705e+07 2.88903e+06
-110189 -6.31099e+06 -4.09381e+07 2.89409e+06
-109875 -7.17557e+06 -4.11616e+07 2.94854e+06
-109559 -8.0489e+06 -4.13841e+07 3.01766e+06
-109244 -8.91125e+06 -4.16052e+07 3.08726e+06
-108930 -9.78265e+06 -4.18316e+07 3.12657e+06
-108612 -1.06398e+07 -4.2043e+07 3.25819e+06
-108300 -1.15201e+07 -4.22782e+07 3.24445e+06
-107983 -1.23931e+07 -4.24995e+07 3.32073e+06
-107667 -1.32645e+07 -4.27211e+07 3.39217e+06
-107355 -1.41231e+07 -4.2945e+07 3.43702e+06
-107038 -1.49983e+07 -4.31684e+07 3.49833e+06
-106724 -1.5867e+07 -4.33933e+07 3.54323e+06
-106408 -1.67376e+07 -4.36144e+07 3.61513e+06
-106091 -1.76172e+07 -4.38399e+07 3.6654e+06
-105773 -1.84751e+07 -4.40511e+07 3.79528e+06
-105461 -1.93496e+07 -4.42833e+07 3.79253e+06
-105143 -2.02076e+07 -4.44944e+07 3.9224e+06
-104830 -2.10864e+07 -4.47271e+07 3.91927e+06
-104512 -2.19444e+07 -4.4938e+07 4.04913e+06
-104199 -2.28251e+07 -4.51711e+07 4.04357e+06
-103881 -2.36831e+07 -4.53817e+07 4.17344e+06
-103568 -2.45661e+07 -4.56158e+07 4.16282e+06
-103252 -2.54342e+07 -4.58373e+07 4.22462e+06
-102934 -2.62923e+07 -4.60479e+07 4.35446e+06
-102622 -2.7172e+07 -4.62817e+07 4.34038e+06
-102306 -2.80428e+07 -4.65032e+07 4.40274e+06
-101990 -2.89131e+07 -4.67244e+07 4.46715e+06
-101671 -2.97708e+07 -4.69348e+07 4.59698e+06
-101358 -3.06523e+07 -4.71669e+07 4.59383e+06
-101043 -3.15206e+07 -4.73894e+07 4.64743e+06
-100724 -3.23775e+07 -4.75997e+07 4.77715e+06
-100411 -3.32576e+07 -4.78315e+07 4.77731e+06
-100095 -3.4128e+07 -4.80533e+07 4.83998e+06
-99778 -3.4998e+07 -4.82737e+07 4.91293e+06
-99464.7 -3.58588e+07 -4.84968e+07 4.96022e+06
-99149.7 -3.67234e+07 -4.87182e+07 5.0244e+06
-98832.5 -3.75759e+07 -4.89292e+07 5.15378e+06
-98515.6 -3.8427e+07 -4.91406e+07 5.28315e+06
-98198.8 -3.92766e+07 -4.93517e+07 5.41243e+06
-97893.7 -4.01717e+07 -4.96127e+07 5.24141e+06
-97577.8 -4.10172e+07 -4.98247e+07 5.37039e+06
-97264.3 -4.18916e+07 -5.00574e+07 5.38523e+06
-96953.5 -4.27336e+07 -5.02796e+07 5.45179e+06
-96639.5 -4.35705e+07 -5.04932e+07 5.58028e+06
-96331.1 -4.44273e+07 -5.07301e+07 5.57044e+06
-96020.2 -4.52743e+07 -5.09571e+07 5.63007e+06
-95713 -4.61002e+07 -5.11822e+07 5.6966e+06
-95404.3 -4.69319e+07 -5.14078e+07 5.77447e+06
-95095.9 -4.77455e+07 -5.16261e+07 5.90159e+06
-94795.6 -4.85712e+07 -5.1869e+07 5.88094e+06
-94490.4 -4.93716e+07 -5.20895e+07 6.00726e+06
-94187.1 -5.01643e+07 -5.23113e+07 6.13322e+06
-93892.9 -5.09751e+07 -5.25635e+07 6.07274e+06
-93593.2 -5.17501e+07 -5.27866e+07 6.19777e+06
 -4.85712e+07 -5.1869e+07 5.88094e+06
-94490.4 -4.93716e+07 -5.20895e+07 6.00726e+06
-94187.1 -5.01643e+07 -5.23113e+07 6.13322e+06
-93892.9 -5.09751e+07 -5.25635e+07 6.07274e+06
-93593.2 -5.17501e+07 -5.27866e+07 6.19777e+06
